Log started at 7.12.2019	16:43:14
Number of used processors (NPROC): 8.
Number of mesh partitions (NPART): 8.
Total Physical Memory = 31.86 Gb, Available Physical Memory = 21.43 Gb
Computer name:	S172-2
Operating system:	Windows 10 (or higher) (Version 10.0.18362)

SOLIDWORKS 2018 SP4.0
Flow Simulation 2018  x64 / 4264 / MESHER ver. efd_17_2.4218_16.04.2018 

Project: C:\Users\Student\Desktop\UNHSEDS\Engineering\2019-2020\USURPER_HybridRocket\Frame\SOLIDWORKS\Parts\Frame V3\Nose Cone\5\5.xmlconfig

Mesh generation started:	7.12.2019	16:43:14
Current CPU = 0 sec
-----------------------------------------------------------------------
Geometries initialization:

Geometry database loading ...OK
-----------------------------------------------------------------------
Loading mesh settings (global/local)...
-----------------------------------------------------------------------
Number of geometries: 1
Geometry(0):
	Fluid..
	1 Body.
	21 Real bodies.
	Tolerance=6.07939e-05.
	101 Face(s).
		101 of b-spline type.
	51002 Triangle(s).
	0 Face(s) that have no ref faces
	7 Plane surface(s).
	25 Cylinder surface(s).
	3 Cone surface(s).
	2 Torus surface(s).
	60 B- surface(s).
	1 Blending surface(s).
	3 Revolved surface(s).
	150 Edge(s).
		150 of b-spline type.
	Geometry reading: 0.042 s.
	101 Reference Face(s).
	51002 Reference Triangles.
	GeometryRef reading: 0.035 s.
Last Geometry:
	Solid.
	Making hash and connectivity for geometry 0...
		CBodyGeom:
		Hash size: {32, 50, 32}.
		Mesh size: {32, 50, 32}.
		Hashing triangles...Ok.
			axis(0) tr sizes: average=89 max=2880
			axis(1) tr sizes: average=100 max=5765
			axis(2) tr sizes: average=89 max=3685
		Making triangles connectivity...Ok. (0.298 s).
		Neighbour triangles: 100.00 % (good connect) - 0.00 % (bad connect). Min: 3. Max: 3.
		Done.
		Number of t-connected sets:21
			(0) size=40522
			(1) size=648 cavity
			(2) size=526 cavity
			(3) size=534 cavity
			(4) size=516 cavity
			(5) size=516 cavity
			(6) size=516 cavity
			(7) size=516 cavity
			(8) size=516 cavity
			(9) size=516 cavity
			(10) size=516 cavity
			(11) size=516 cavity
			(12) size=516 cavity
			(13) size=516 cavity
			(14) size=516 cavity
			(15) size=516 cavity
			(16) size=516 cavity
			(17) size=516 cavity
			(18) size=516 cavity
			(19) size=516 cavity
			(20) size=516 cavity
		Done.
		CBodyGeomRef:
		Hashing triangles...Ok.
			axis(0) tr sizes: average=84 max=2799
			axis(1) tr sizes: average=95 max=5519
			axis(2) tr sizes: average=84 max=3541
		Making triangles connectivity...Ok. (0.124 s).
		Neighbour triangles: Min: 1. Max: 3.
		Done.
		Done.
	0.343 s.
Geometries reading and preparing has taken 0.442 s.

Mapped triangles:
Hashing geometries triangles
	Triangles num=51002
	Triangles box={-0.0920675  ,0.092075  ,-0.5461  ,0.00323353  ,-0.0920712  ,0.092075  }
		3d-hash size is 474084 bytes
		Making triangles connectivity...Ok. (0.239 s).
		Neighbour triangles: 100.00 % (good connect) - 0.00 % (bad connect). Min: 3. Max: 3.
Hashing peculiar surfaces triangles
Mapped triangles processed in 0.269 s.
-----------------------------------------------------------------------
Getting sectors:
Number of sectors: 0
-----------------------------------------------------------------------
-----------------------------------------------------------------------

Current CPU = 0 sec

-----------------------------------------------------------------------
Mesh dimensions:
				I[0 ]=32
				I[1 ]=50
				I[2 ]=32

Comp. domain size:
				a[0  ]=-0.644525
				a[1  ]=0.644525
				a[2  ]=-1.46685
				a[3  ]=0.555684
				a[4  ]=-0.644525
				a[5  ]=0.644525

Fluid calculated			1
Solid calculated			0
-----------------------------------------------------------------------
MESH: distribute base bricks among sub-meshes...
	Base bricks count               51200
	Sub-meshes  count               8
	Base bricks count per sub-mesh  6400 (+0)
	Sub-mesh 0: 6400 base brick(s), range [0, 31]-[0, 6]-[0, 31]
	Sub-mesh 1: 6400 base brick(s), range [0, 31]-[6, 12]-[0, 31]
	Sub-mesh 2: 6400 base brick(s), range [0, 31]-[12, 18]-[0, 31]
	Sub-mesh 3: 6400 base brick(s), range [0, 31]-[18, 24]-[0, 31]
	Sub-mesh 4: 6400 base brick(s), range [0, 31]-[25, 31]-[0, 31]
	Sub-mesh 5: 6400 base brick(s), range [0, 31]-[31, 37]-[0, 31]
	Sub-mesh 6: 6400 base brick(s), range [0, 31]-[37, 43]-[0, 31]
	Sub-mesh 7: 6400 base brick(s), range [0, 31]-[43, 49]-[0, 31]
-----------------------------------------------------------------------
-----------------------------------------------------------------------
MESH: collecting ghosts in sub-meshes...
	Sub-mesh 0:
		Total  brick(s) 7424
		Native brick(s) 6400
		Inner  brick(s) 5376
		Outer  brick(s) 1024
		Ghost  brick(s) 1024
	Sub-mesh 1:
		Total  brick(s) 8448
		Native brick(s) 6400
		Inner  brick(s) 4352
		Outer  brick(s) 2048
		Ghost  brick(s) 2048
	Sub-mesh 2:
		Total  brick(s) 8448
		Native brick(s) 6400
		Inner  brick(s) 4352
		Outer  brick(s) 2048
		Ghost  brick(s) 2048
	Sub-mesh 3:
		Total  brick(s) 8448
		Native brick(s) 6400
		Inner  brick(s) 4352
		Outer  brick(s) 2048
		Ghost  brick(s) 2048
	Sub-mesh 4:
		Total  brick(s) 8448
		Native brick(s) 6400
		Inner  brick(s) 4352
		Outer  brick(s) 2048
		Ghost  brick(s) 2048
	Sub-mesh 5:
		Total  brick(s) 8448
		Native brick(s) 6400
		Inner  brick(s) 4352
		Outer  brick(s) 2048
		Ghost  brick(s) 2048
	Sub-mesh 6:
		Total  brick(s) 8448
		Native brick(s) 6400
		Inner  brick(s) 4352
		Outer  brick(s) 2048
		Ghost  brick(s) 2048
	Sub-mesh 7:
		Total  brick(s) 7424
		Native brick(s) 6400
		Inner  brick(s) 5376
		Outer  brick(s) 1024
		Ghost  brick(s) 1024
	Total brick(s) 51200
-----------------------------------------------------------------------
Setting regions...OK (0.012 s)
Base mesh info------------------
	2D flag  =0
	Period   =[0, 0, 0]
	Nx=32
		x[0]=-0.644525
		x[1]=-0.588045
		x[2]=-0.53432
		x[3]=-0.483198
		x[4]=-0.434554
		x[5]=-0.388267
		x[6]=-0.344223
		x[7]=-0.302314
		x[8]=-0.262435
		x[9]=-0.224489
		x[10]=-0.188382
		x[11]=-0.154024
		x[12]=-0.121332
		x[13]=-0.0902237
		x[14]=-0.0601462
		x[15]=-0.0300684
		x[16]=9.44626e-06
		x[17]=0.0300873
		x[18]=0.0601651
		x[19]=0.0902429
		x[20]=0.121349
		x[21]=0.15404
		x[22]=0.188396
		x[23]=0.224503
		x[24]=0.262448
		x[25]=0.302327
		x[26]=0.344238
		x[27]=0.388283
		x[28]=0.434572
		x[29]=0.48322
		x[30]=0.534345
		x[31]=0.588075
		x[32]=0.644525
	Ny=50
		y[0]=-1.46685
		y[1]=-1.40773
		y[2]=-1.35138
		y[3]=-1.29768
		y[4]=-1.24649
		y[5]=-1.19769
		y[6]=-1.15118
		y[7]=-1.10684
		y[8]=-1.06457
		y[9]=-1.02429
		y[10]=-0.985887
		y[11]=-0.949282
		y[12]=-0.914391
		y[13]=-0.87867
		y[14]=-0.84295
		y[15]=-0.807229
		y[16]=-0.771509
		y[17]=-0.735788
		y[18]=-0.700068
		y[19]=-0.664348
		y[20]=-0.628627
		y[21]=-0.592907
		y[22]=-0.557187
		y[23]=-0.521466
		y[24]=-0.485746
		y[25]=-0.450025
		y[26]=-0.414305
		y[27]=-0.378585
		y[28]=-0.342864
		y[29]=-0.307144
		y[30]=-0.271424
		y[31]=-0.236813
		y[32]=-0.202202
		y[33]=-0.167592
		y[34]=-0.132981
		y[35]=-0.0983701
		y[36]=-0.0637593
		y[37]=-0.0291486
		y[38]=0.00546219
		y[39]=0.0400729
		y[40]=0.0761745
		y[41]=0.114118
		y[42]=0.153997
		y[43]=0.195911
		y[44]=0.239964
		y[45]=0.286263
		y[46]=0.334925
		y[47]=0.38607
		y[48]=0.439824
		y[49]=0.496321
		y[50]=0.555684
	Nz=32
		z[0]=-0.644525
		z[1]=-0.58805
		z[2]=-0.534324
		z[3]=-0.483203
		z[4]=-0.434558
		z[5]=-0.388271
		z[6]=-0.344227
		z[7]=-0.302317
		z[8]=-0.262438
		z[9]=-0.224492
		z[10]=-0.188385
		z[11]=-0.154027
		z[12]=-0.121335
		z[13]=-0.0902263
		z[14]=-0.0601487
		z[15]=-0.0300709
		z[16]=6.92408e-06
		z[17]=0.0300848
		z[18]=0.0601626
		z[19]=0.0902404
		z[20]=0.121346
		z[21]=0.154037
		z[22]=0.188393
		z[23]=0.224499
		z[24]=0.262445
		z[25]=0.302324
		z[26]=0.344234
		z[27]=0.388279
		z[28]=0.434568
		z[29]=0.483216
		z[30]=0.534341
		z[31]=0.588071
		z[32]=0.644525
End of base mesh info---------
Input_mesh_settings--------------------------------
Settings 0----------------
	Scope: GLOBAL
	Type:	------MESHER_SETTINGS----------
	RefAllCells           =0
	RefFluidCells         =0
	RefPartCells          =0
	RefSolidCells         =0
	l_SSFR(Capture crit)  =1
	l_curv(Curvature crit)=0
	l_tol(Tolerance crit) =0
	UseChannelRef         =1
	  NCR_method          =0
	  l_NCR               =1
	  N_gap               =5
	  Use d_NCR_min       =0
	  Use d_NCR_max       =0
	IgnoreThinChannelsHeight         =0
	--END_OF_MESHER_SETTINGS-------
End of input mesh settings-------------------------

-----------------------------------------------------------------------
Building geometries:
Building geometry Fluid.0.(0)...

-----------------------------------------------------------------------
Refining by triangulation...
Refinement input: 51200 bricks
Setting regions...OK (0.006 s)
Refinement result: 51424 bricks (0.128 s)
Refinement input: 51424 bricks
Refinement result: 51424 bricks (0.007 s)
Collecting and processing rays...OK (0.138 s)
Capturing...OK (0.005 s)
Refining by triangulation takes 0.281 s
-----------------------------------------------------------------------

-----------------------------------------------------------------------
Refining peculiar surfaces...
0 surfaces refined
Refining peculiar surfaces takes 0 s
-----------------------------------------------------------------------
Collecting and processing rays...OK (0.002 s)
Capturing...OK (0.001 s)
Collecting and processing rays...OK (0.002 s)
Capturing...OK (0.001 s)
Collecting and processing rays...OK (0.002 s)
Capturing...OK (0.001 s)

-----------------------------------------------------------------------
Base mesh 1 Refining...
Refinement input: 51424 bricks
Refinement result: 51424 bricks (0.004 s)
Collecting and processing rays...OK (0.002 s)
Capturing...OK (0.001 s)
-----------------------------------------------------------------------
Refining channels...
FYI: CNarrowChannelRefiner::RefineChannels_PRLL: m_submesh_count=8
Refinement input: 51424 bricks
Setting regions...OK (0.005 s)
Refinement result: 52824 bricks (0.014 s)
Collecting and processing rays...OK (0.062 s)
Capturing...OK (0.001 s)
FYI: m_iteration_count = 0
FYI: level1 statistics:
     level1_cnt_plus[1]=1600;		level1_cnt_minus[1]=0
     level1_cnt_plus[2]=0;		level1_cnt_minus[2]=0
     level1_cnt_plus[3]=0;		level1_cnt_minus[3]=0
     level1_cnt_plus[4]=0;		level1_cnt_minus[4]=0
     level1_cnt_plus[5]=0;		level1_cnt_minus[5]=0
     level1_cnt_plus[6]=0;		level1_cnt_minus[6]=0
     level1_cnt_plus[7]=0;		level1_cnt_minus[7]=0
     level1_cnt_plus[8]=0;		level1_cnt_minus[8]=0
     level1_cnt_plus[9]=0;		level1_cnt_minus[9]=0
FYI: m_iteration_count = 1
FYI: level1 statistics:
     level1_cnt_plus[1]=1600;		level1_cnt_minus[1]=0
     level1_cnt_plus[2]=0;		level1_cnt_minus[2]=0
     level1_cnt_plus[3]=0;		level1_cnt_minus[3]=0
     level1_cnt_plus[4]=0;		level1_cnt_minus[4]=0
     level1_cnt_plus[5]=0;		level1_cnt_minus[5]=0
     level1_cnt_plus[6]=0;		level1_cnt_minus[6]=0
     level1_cnt_plus[7]=0;		level1_cnt_minus[7]=0
     level1_cnt_plus[8]=0;		level1_cnt_minus[8]=0
     level1_cnt_plus[9]=0;		level1_cnt_minus[9]=0
FYI: level1 statistics:
     level1_cnt_plus[1]=1600;		level1_cnt_minus[1]=0
     level1_cnt_plus[2]=0;		level1_cnt_minus[2]=0
     level1_cnt_plus[3]=0;		level1_cnt_minus[3]=0
     level1_cnt_plus[4]=0;		level1_cnt_minus[4]=0
     level1_cnt_plus[5]=0;		level1_cnt_minus[5]=0
     level1_cnt_plus[6]=0;		level1_cnt_minus[6]=0
     level1_cnt_plus[7]=0;		level1_cnt_minus[7]=0
     level1_cnt_plus[8]=0;		level1_cnt_minus[8]=0
     level1_cnt_plus[9]=0;		level1_cnt_minus[9]=0
	CNarrowChannelRefiner::ChannelsResolution            function_total                0      = 0.381067 sec

-----------------------------------------------------------------------
U-shapes refinement...
Refinement input: 52824 bricks
Refinement result: 52824 bricks (0.010 s)
Collecting and processing rays...OK (0.002 s)
Capturing...OK (0.001 s)
-----------------------------------------------------------------------

-----------------------------------------------------------------------
Equi Distant Refiner:
Equi Distant Refiner takes 0.00 s
-----------------------------------------------------------------------
Building geometry takes 0.698 s
Geometry Fluid.0.
Total		52824
Partial	860
Fluid		51888
Solid		0
Bad		76

/-Ray Intersection---------------/ Time	0.574 s
Calls			5035
CorrectRay Calls	0


Building geometries takes 0.699 s
-----------------------------------------------------------------------

-----------------------------------------------------------------------
PostBuilding geometries:
PostBuilding geometries takes 0.001 s
-----------------------------------------------------------------------
Defect ray count	0
FYI: CNarrowChannelRefiner::RedistributeLevel1_step_1: is finished
FYI: level1 statistics:
     level1_cnt_plus[1]=1600;		level1_cnt_minus[1]=0
     level1_cnt_plus[2]=0;		level1_cnt_minus[2]=0
     level1_cnt_plus[3]=0;		level1_cnt_minus[3]=0
     level1_cnt_plus[4]=0;		level1_cnt_minus[4]=0
     level1_cnt_plus[5]=0;		level1_cnt_minus[5]=0
     level1_cnt_plus[6]=0;		level1_cnt_minus[6]=0
     level1_cnt_plus[7]=0;		level1_cnt_minus[7]=0
     level1_cnt_plus[8]=0;		level1_cnt_minus[8]=0
     level1_cnt_plus[9]=0;		level1_cnt_minus[9]=0
FYI: CNarrowChannelRefiner::RedistributeLevel1_step_2: is started
FYI: CNarrowChannelRefiner::RedistributeLevel1_step_2: is finished
FYI: level1 statistics:
     level1_cnt_plus[1]=1628;		level1_cnt_minus[1]=0
     level1_cnt_plus[2]=0;		level1_cnt_minus[2]=0
     level1_cnt_plus[3]=0;		level1_cnt_minus[3]=0
     level1_cnt_plus[4]=0;		level1_cnt_minus[4]=0
     level1_cnt_plus[5]=0;		level1_cnt_minus[5]=0
     level1_cnt_plus[6]=0;		level1_cnt_minus[6]=0
     level1_cnt_plus[7]=0;		level1_cnt_minus[7]=0
     level1_cnt_plus[8]=0;		level1_cnt_minus[8]=0
     level1_cnt_plus[9]=0;		level1_cnt_minus[9]=0
FYI: CNarrowChannelRefiner::RedistributeLevel1_step_3: is started
FYI: CNarrowChannelRefiner::RedistributeLevel1_step_3: is finished
RedistributeLevel1 takes:
	CNarrowChannelRefiner::RedistributeLevel1            function_total                0      = 0.256206 sec
FYI: level1 statistics:
     level1_cnt_plus[1]=1628;		level1_cnt_minus[1]=212
     level1_cnt_plus[2]=0;		level1_cnt_minus[2]=0
     level1_cnt_plus[3]=0;		level1_cnt_minus[3]=0
     level1_cnt_plus[4]=0;		level1_cnt_minus[4]=0
     level1_cnt_plus[5]=0;		level1_cnt_minus[5]=0
     level1_cnt_plus[6]=0;		level1_cnt_minus[6]=0
     level1_cnt_plus[7]=0;		level1_cnt_minus[7]=0
     level1_cnt_plus[8]=0;		level1_cnt_minus[8]=0
     level1_cnt_plus[9]=0;		level1_cnt_minus[9]=0
-----------------------------------------------------------------------
BCF-Builder Iteration: 0
Memory Working Set Current = 86.25 Mb, Memory Working Set Peak = 89.98 Mb
Process Threads Number: 21
Loading geometries triangulation & x-stacks...OK
x-stacks size = 0.10 Mb
	Sub-mesh 0:
		Total  brick(s) 7424
		Native brick(s) 6400
		Inner  brick(s) 5376
		Outer  brick(s) 1024
		Ghost  brick(s) 1024
	Sub-mesh 1:
		Total  brick(s) 8448
		Native brick(s) 6400
		Inner  brick(s) 4352
		Outer  brick(s) 2048
		Ghost  brick(s) 2048
	Sub-mesh 2:
		Total  brick(s) 8448
		Native brick(s) 6400
		Inner  brick(s) 4352
		Outer  brick(s) 2048
		Ghost  brick(s) 2048
	Sub-mesh 3:
		Total  brick(s) 8928
		Native brick(s) 6820
		Inner  brick(s) 4712
		Outer  brick(s) 2108
		Ghost  brick(s) 2108
	Sub-mesh 4:
		Total  brick(s) 9156
		Native brick(s) 6988
		Inner  brick(s) 4796
		Outer  brick(s) 2192
		Ghost  brick(s) 2168
	Sub-mesh 5:
		Total  brick(s) 9144
		Native brick(s) 7002
		Inner  brick(s) 4878
		Outer  brick(s) 2124
		Ghost  brick(s) 2142
	Sub-mesh 6:
		Total  brick(s) 8478
		Native brick(s) 6414
		Inner  brick(s) 4356
		Outer  brick(s) 2058
		Ghost  brick(s) 2064
	Sub-mesh 7:
		Total  brick(s) 7424
		Native brick(s) 6400
		Inner  brick(s) 5376
		Outer  brick(s) 1024
		Ghost  brick(s) 1024
	Total brick(s) 52824

-----------------------------------------------------------------------
MSH (Real Geometry) format constructor:
Getting submesh brick sets...OK (0.002 s)
Level 1
	Inner time 0.343 s
	Outer Time 0.217 s
	Level Time 0.560 s
Level 0
	Inner time 0.053 s
	Outer Time 0.020 s
	Level Time 0.073 s

Brick parser time info:
	1.231 s - time_Run
		0.016 s - time_ConstructPoints
			0.012 s - time_ConstructPointsAddFind2
		0.015 s - time_ConstructPointsAndConnectsFromNb
		0.006 s - time_AddRibConnects
		0.248 s - time_ConstructBrickFacets
			0.180 s - time_GetPointsFaceSegments
			0.055 s - time_CalculateQpoints
				0.008 s - time_AddFacetPoint_GetFacesQpoint
					0.000 s - time_GetFacesQpoint_UShaped
						0.000 s - time_GetFacesQpoint2
					0.000 s - time_GetFacesQpoint_AddEdgesToList
					0.007 s - time_Edge_GetClosestPointOn
					0.003 s - time_Edge_NewtonMethod
					0.000 s - time_GetFacesQpoint_ManyFinds
				0.043 s - time_AddFacetPoint_AddQPoint
					0.043 s - time_PointReverseEvaluate
				0.000 s - time_AddFacetPoint_AddFind2
		0.000 s - time_RemoveOddConnects
		0.016 s - time_TestConnectivity
		0.000 s - time_ValidateXeps
		0.016 s - time_ConstructFaceAs
		0.001 s - time_ConstructCvs
		0.002 s - time_ConstructFaceWs
		0.009 s - time_RealGeomAddQPoints
		0.003 s - time_RealGeomAddNewFaces
		0.001 s - time_RealGeomInitOppositeGeomFaceInd
		0.099 s - time_RealGeomApproxCurveFaces
		0.000 s - time_Enum1
		0.000 s - time_Enum2
		0.000 s - time_RealGeomCheckInvalidConnects
		0.703 s - time_RealGeomParameters
			0.218 s - time_CalculateParametersOfCv
			0.480 s - time_CalculateParametersOfFace
				0.046 s - time_CalculateRR
				0.433 s - time_CalculateRefFaceData
				0.000 s - time_CalculateLambdaProjection
			0.005 s - time_SetFacesOrientation
Result:
	Bricks number:                        52824

	Memory usage:                         1.256 MB
	Memory usage (per brick):             0.024 KB
	Construction time:                    0.691 s

	Topology features:
	------------------
	- High quality bricks                 100.00 % (52823)
	- Medium quality bricks                 0.00 % (1)
	- Bad quality bricks                    0.00 % (0)
	- Ribs corrected bricks                 0.00 % (0)
	- Points with geom-info (bricks)        0.01 % (4)
	- Points with closest-info (bricks)     0.09 % (46)
	- Triangulated by center (bricks)       0.01 % (4)
	- Facet w-faces mergings (bricks)       0.00 % (0)
	- To refine (bricks)                    0.00 % (0)

Memory Working Set Current = 99.79 Mb, Memory Working Set Peak = 116.41 Mb
Process Threads Number: 21
-----------------------------------------------------------------------
-----------------------------------------------------------------------
MSH --> BCF format (Iteration 0)...
BCF collector...(remove mode=0)
	(2) Bcf collect time 0.120 s (8448 avs, 0 fws)
	(1) Bcf collect time 0.120 s (8448 avs, 0 fws)
	(7) Bcf collect time 0.120 s (7424 avs, 0 fws)
	(0) Bcf collect time 0.120 s (7424 avs, 0 fws)
	(6) Bcf collect time 0.129 s (8505 avs, 94 fws)
	(3) Bcf collect time 0.155 s (9524 avs, 1448 fws)
	(4) Bcf collect time 0.195 s (10136 avs, 2334 fws)
	(5) Bcf collect time 0.227 s (9924 avs, 1700 fws)
	(7) Remove defect avs time 0.031 s
	(0) Remove defect avs time 0.031 s
	(3) Remove defect avs time 0.031 s
	(4) Remove defect avs time 0.031 s
	(6) Remove defect avs time 0.031 s
	(2) Remove defect avs time 0.031 s
	(5) Remove defect avs time 0.031 s
	(1) Remove defect avs time 0.032 s
Defect subdomain detector...
		2 subdomain(s) of gi=0 (real bodies = 21).
			Subdomain 0: 53625 av
			Subdomain 1: 6 av
		Get real subdoms time 0.000 s
WARNING! Number of subdomains less than real bodies count. File:..\common.src\c_subdom_remover.cpp(428)
		Mark defect subdomains by closed av...
		Mark by closed av time 0.005 s
		Mark defect subdomains by real bodies...
		1 defect subdomain(s) of gi=0.
		1 subdomain(s) of gi=1 (real bodies = 0).
			Subdomain 0: 1193 av
		Get real subdoms time 0.000 s
		0 defect subdomain(s) of gi=1.
	(0) Remove defect subdoms time 0.015 s
	(2) Remove defect subdoms time 0.015 s
	(4) Remove defect subdoms time 0.015 s
	(1) Remove defect subdoms time 0.015 s
	(3) Remove defect subdoms time 0.015 s
	(7) Remove defect subdoms time 0.015 s
Sub-mesh 6:
		Bricks corrected         2
Sub-mesh 5:
		Bricks corrected         4
	(6) Remove defect subdoms time 0.025 s
	(5) Remove defect subdoms time 0.025 s
-----------------------------------------------------------------------
MSH --> BCF format (Iteration 1)...
BCF collector...(remove mode=0)
	(1) Bcf collect time 0.104 s (8448 avs, 0 fws)
	(2) Bcf collect time 0.104 s (8448 avs, 0 fws)
	(7) Bcf collect time 0.104 s (7424 avs, 0 fws)
	(0) Bcf collect time 0.104 s (7424 avs, 0 fws)
	(6) Bcf collect time 0.113 s (8500 avs, 52 fws)
	(3) Bcf collect time 0.133 s (9524 avs, 1448 fws)
	(4) Bcf collect time 0.192 s (10136 avs, 2334 fws)
	(5) Bcf collect time 0.209 s (9918 avs, 1652 fws)
	(7) Remove defect avs time 0.030 s
	(4) Remove defect avs time 0.030 s
	(6) Remove defect avs time 0.030 s
	(1) Remove defect avs time 0.030 s
	(2) Remove defect avs time 0.030 s
	(5) Remove defect avs time 0.030 s
	(3) Remove defect avs time 0.030 s
	(0) Remove defect avs time 0.030 s
Defect subdomain detector...
		1 subdomain(s) of gi=0 (real bodies = 21).
			Subdomain 0: 53625 av
		Get real subdoms time 0.000 s
WARNING! Number of subdomains less than real bodies count. File:..\common.src\c_subdom_remover.cpp(428)
		Mark defect subdomains by closed av...
		Mark by closed av time 0.005 s
		Mark defect subdomains by real bodies...
		0 defect subdomain(s) of gi=0.
		1 subdomain(s) of gi=1 (real bodies = 0).
			Subdomain 0: 1193 av
		Get real subdoms time 0.000 s
		0 defect subdomain(s) of gi=1.
	(5) Remove defect subdoms time 0.015 s
	(2) Remove defect subdoms time 0.015 s
	(3) Remove defect subdoms time 0.015 s
	(1) Remove defect subdoms time 0.015 s
	(6) Remove defect subdoms time 0.015 s
	(4) Remove defect subdoms time 0.015 s
	(0) Remove defect subdoms time 0.015 s
	(7) Remove defect subdoms time 0.015 s
NB-faces collector & conservator...
Sub-mesh 0.
	Conservated total=0 (bb-faces=0)
Sub-mesh 1.
	Conservated total=0 (bb-faces=0)
Sub-mesh 2.
	Conservated total=0 (bb-faces=0)
Sub-mesh 3.
	Conservated total=0 (bb-faces=0)
Sub-mesh 4.
	Conservated total=0 (bb-faces=0)
Sub-mesh 5.
	Conservated total=11 (bb-faces=0)
Sub-mesh 6.
	Conservated total=0 (bb-faces=0)
Sub-mesh 7.
	Conservated total=0 (bb-faces=0)
	(7) Bcf calc time 0.004 s
	(0) Bcf calc time 0.004 s
	(2) Bcf calc time 0.005 s
	(1) Bcf calc time 0.006 s
	(6) Bcf calc time 0.017 s
	(5) Bcf calc time 0.039 s
	(3) Bcf calc time 0.052 s
	(4) Bcf calc time 0.058 s
FACE_W optimizer ...
Sub-mesh 0.
	Before optimization total=3024 (fs=0, ff=0, ss=0)
	After  optimization total=3024 (fs=0, ff=0, ss=0)
Sub-mesh 1.
	Before optimization total=3152 (fs=0, ff=0, ss=0)
	After  optimization total=3152 (fs=0, ff=0, ss=0)
Sub-mesh 2.
	Before optimization total=3152 (fs=0, ff=0, ss=0)
	After  optimization total=3152 (fs=0, ff=0, ss=0)
Sub-mesh 3.
	Before optimization total=4836 (fs=1448, ff=0, ss=0)
	After  optimization total=4740 (fs=1352, ff=0, ss=0)
Sub-mesh 4.
	Before optimization total=5918 (fs=2334, ff=0, ss=0)
	After  optimization total=4996 (fs=1412, ff=0, ss=0)
Sub-mesh 5.
	Before optimization total=5040 (fs=1652, ff=0, ss=0)
	After  optimization total=4446 (fs=1058, ff=0, ss=0)
Sub-mesh 6.
	Before optimization total=3252 (fs=52, ff=0, ss=0)
	After  optimization total=3238 (fs=38, ff=0, ss=0)
Sub-mesh 7.
	Before optimization total=3024 (fs=0, ff=0, ss=0)
	After  optimization total=3024 (fs=0, ff=0, ss=0)
-----------------------------------------------------------------------
-----------------------------------------------------------------------
Merging BCF...
Merging bricks trees...OK (0.05 s)
Merging av data...OK (0.02 s)
Merging a-faces data (fluid)...
	New a-face count   156448
	Bound a-face count 7586 (4.85 %)
Merging a-faces data takes 0.02 s
Merging a-faces data (solid)...
	New a-face count   2608
	Bound a-face count 112 (4.29 %)
Merging a-faces data takes 0.00 s
Merging w-faces data...
	New w-face count   11546
	Bound w-face count 0 (0.00 %)
	Need fw-nb         4320 (37.42 %)
Merging w-faces data takes 0.02 s
Merging BCF takes (0.12 s)
-----------------------------------------------------------------------

-----------------------------------------------------------------------
Geometrical diagonal nb-faces collector (cpu_num=8)...
	Time=0.026s.
-----------------------------------------------------------------------
Fluid Subdom Constructor: 1 subdom(s).
	Remove nb-fw from diff subdomains (fs)...
		Diff subdomains cases         0
-----------------------------------------------------------------------
Mega-cv constructor for fluid...
	 2 av's is treated as thin
Relative size generator (threshold = 0.05)...OK
	 138 mega-cv's generated
	 4 mega-cv's removed
Convert clusters:
	 134 mega-cv's total
Mega-cv count: 134
-----------------------------------------------------------------------
Mixing plane rotation regions: NO.
Sliding mesh rotation regions: NO.
Fluid/fluid faces: NO.

-----------------------------------------------------------------------
BCF CHECKSUM DATA (Mesh 0):

FACE_A Area Sum:   G.Fluid        243.6461425266443825
FACE_A Area Sum:   G.Solid        0.1184649466931499
FACE_W Area Sum:                  14.1971148402526364
FACE_W Nb   Sum:                  96998
FACE_W min curvatures sum:        -42853.35936448
FACE_W max curvatures sum:        78975.41155285
AV Max Disbalance: G.Fluid        3.13822e-15 (cid=30989, avid=31686, pid=1746)
AV Max Disbalance: G.Solid        1.29986e-14 (cid=29015, avid=54413, pid=788)
-----------------------------------------------------------------------


-----------------------------------------------------------------------
MESHER TOPOLOGY DATA (Mesh 0):

BRICKS: Total                 52824
BRICKS: 1-CV                  51633
BRICKS: 2-CV                  390
BRICKS: 3-CV                  799
BRICKS: 4-CV                  2
BRICKS: Bad                   0

AV:     G.Total               54818
AV:     G.Fluid               53625
AV:     G.Solid               1193

AV:     G.Fluid Thin Profile    0.00 % (2)
AV:     G.Solid Thin Profile   67.14 % (801)

AV:     G.Fluid Thin For Mega   0.00 % (2)
AV:     G.Solid Thin For Mega  60.10 % (717)

AV:     G.Fluid Non-Convex      1.61 % (861)
AV:     G.Solid Non-Convex     55.41 % (661)

FACE_A: G.Fluid          (af) 156448 (partially opened 4074)
FACE_A: G.Solid          (as) 2608 (partially opened 2593)

FACE_W: G.Total                 11546       Brick/Bound
FACE_W: G.Fluid/Solid    (fs_g) 3098        0           
FACE_W: G.Fluid/Fluid    (ff_g) 0           0           
FACE_W: G.Solid/Solid    (ss_g) 0           0           
FACE_W: G.Fluid/External (fe_g) 8448
FACE_W: G.Solid/External (se_g) 0

AV/CV max fa count (on brick side):5
AV/CV max fw count:                5
AV/CV max fw poly count:           19

MEMORY: Total                   17.331 MB
MEMORY: Per Brick               0.336 KB
-----------------------------------------------------------------------

----------------------------------------------------------
BCF --> BCF.GEOMSUBDOM (bridge arrays) (cpu_num=8):
MESH (0):
	Fluid Subdom Constructor: 1 subdom(s).
	Solid Subdom Constructor: 1 subdom(s).
	Net Asm Subdom Constructor: 0 subdom(s).
	GEOMSUBDOM (0): gi=0 fluid av=53625 cv=53474 fa=156448 fw=11546 V=3.360058e+00
	GEOMSUBDOM (1): gi=1 solid av=1193 cv=1193 fa=2608 fw=3098 V=6.848565e-04
	Setting nb of w-faces...OK.

MESH (0) checking:
	GEOMSUBDOM (0):fa_s=243.6461425266446099 fw_s=14.1971148402526364 fw_nb=96998
	GEOMSUBDOM (1):fa_s=0.1184649466931499 fw_s=0.4452276363923066 fw_nb=29438
MESH (0) checking: OK.
----------------------------------------------------------
-----------------------------------------------------------------------
Connectivities information:
	Number of conns: 0
-----------------------------------------------------------------------
-----------------------------------------------------------------------
Calculating curvature and tolerance criteria...
Curvature: min=0 max=3.14137
Tolerance: min=0 max=0.00819552
Calculating curvature and tolerance criteria takes 0.177 s
-----------------------------------------------------------------------
Current CPU = 3 sec

Nx=32
Ny=50
Nz=32
Max_RL=1
-----------------CModelBodies2MeshMapper::CollectData started -------------------------------
Warning in CModelBodies2MeshMapper::DomainsToPBM 
Warning in CModelBodies2MeshMapper::DomainsToPBM 
Warning in CModelBodies2MeshMapper::DomainsToPBM 
Warning in CModelBodies2MeshMapper::DomainsToPBM 
Warning in CModelBodies2MeshMapper::DomainsToPBM 
Warning in CModelBodies2MeshMapper::DomainsToPBM 
Warning in CModelBodies2MeshMapper::DomainsToPBM 
Warning in CModelBodies2MeshMapper::DomainsToPBM 
Warning in CModelBodies2MeshMapper::DomainsToPBM 
Warning in CModelBodies2MeshMapper::DomainsToPBM 
... Skipping verbiage ... Total 18 lines
-----------------CModelBodies2MeshMapper Report -------------------------------
FluidDomains 1 SolidDomains 1 VoidDomains 0 
Domains RefIndexes
Domain 0, Index count 23
Domain 1, Index count 23
----------------- -------------------------------
	ModelBodies
Total resolved Bodies 0 BodySets 0

--------------------------------------------------------------------------
	Positive geometry Bodies
Total resolved Bodies 20 BodySets 1
Unresolved Bodies: 1
	#0 	Name:  	ID: eeebee45-b414-4c2c-9b69-932432ea4412	gi 0	gt 0
BodySet 0
	Bodies list:
			#0	Name: ;	ID: b1853c80-ec50-4f9c-bd6c-f8c0c56538b1
			#1	Name: ;	ID: 0c036e73-574e-4038-9f87-5b38b73fbcb4
			#2	Name: ;	ID: bc99f778-c486-4cea-bfdc-74314d4ec46c
			#3	Name: ;	ID: 4a833c01-e0bd-4f64-9c44-66b1cecd88d9
			#4	Name: ;	ID: 2b8577e0-ca68-401e-9e36-20ffafcee672
			#5	Name: ;	ID: 1ded28a0-1fd0-4c85-8067-377f2ddf3e29
			#6	Name: ;	ID: 9b57e8ab-12ea-4a2f-b28c-ea4a12b4544c
			#7	Name: ;	ID: b020a190-9fc9-4c12-9d03-ac2c953e88a0
			#8	Name: ;	ID: e65433ca-44be-4ec2-bc09-a16266579039
			#9	Name: ;	ID: 29f26a15-870c-40a7-bb14-d19213defaf4
			#10	Name: ;	ID: 3c4f73c5-87e4-47cd-80af-d68dc473415f
			#11	Name: ;	ID: 97a33901-20d6-4a9c-a78d-6f8e97c34f0d
			#12	Name: ;	ID: 76b16c49-3acf-4162-bef6-6c257bf687d6
			#13	Name: ;	ID: 51401c00-7289-4a89-9ef6-268d317699df
			#14	Name: ;	ID: 1eb06188-ccff-41d9-aaba-1f0044e87a05
			#15	Name: ;	ID: dd5aae3d-8acd-4a2e-b944-805c35996b87
			#16	Name: ;	ID: d6605b53-f95a-4ded-89fe-60583cbf48b7
			#17	Name: ;	ID: 344355d4-5b02-4c48-b870-0ed36acfed40
			#18	Name: ;	ID: c19e2065-0fcf-4d99-9570-7059f02f8002
			#19	Name: ;	ID: 518904b6-e5b0-4592-92d9-11a97d07aa71
	Domains list:		 0 
Warning: Disjoined bodies produce set:
		Name: ;	ID: b1853c80-ec50-4f9c-bd6c-f8c0c56538b1
		Name: ;	ID: 0c036e73-574e-4038-9f87-5b38b73fbcb4
		Name: ;	ID: bc99f778-c486-4cea-bfdc-74314d4ec46c
		Name: ;	ID: 4a833c01-e0bd-4f64-9c44-66b1cecd88d9
		Name: ;	ID: 2b8577e0-ca68-401e-9e36-20ffafcee672
		Name: ;	ID: 1ded28a0-1fd0-4c85-8067-377f2ddf3e29
		Name: ;	ID: 9b57e8ab-12ea-4a2f-b28c-ea4a12b4544c
		Name: ;	ID: b020a190-9fc9-4c12-9d03-ac2c953e88a0
		Name: ;	ID: e65433ca-44be-4ec2-bc09-a16266579039
		Name: ;	ID: 29f26a15-870c-40a7-bb14-d19213defaf4
		Name: ;	ID: 3c4f73c5-87e4-47cd-80af-d68dc473415f
		Name: ;	ID: 97a33901-20d6-4a9c-a78d-6f8e97c34f0d
		Name: ;	ID: 76b16c49-3acf-4162-bef6-6c257bf687d6
		Name: ;	ID: 51401c00-7289-4a89-9ef6-268d317699df
		Name: ;	ID: 1eb06188-ccff-41d9-aaba-1f0044e87a05
		Name: ;	ID: dd5aae3d-8acd-4a2e-b944-805c35996b87
		Name: ;	ID: d6605b53-f95a-4ded-89fe-60583cbf48b7
		Name: ;	ID: 344355d4-5b02-4c48-b870-0ed36acfed40
		Name: ;	ID: c19e2065-0fcf-4d99-9570-7059f02f8002
		Name: ;	ID: 518904b6-e5b0-4592-92d9-11a97d07aa71
	Associated Domains list:		 0 

--------------------------------------------------------------------------
	Fluid regions
Total resolved Bodies 21 BodySets 1
BodySet 0	Material: Air; 
	Bodies list:
			#0	Name: ;	ID: b1853c80-ec50-4f9c-bd6c-f8c0c56538b1
			#1	Name: ;	ID: 0c036e73-574e-4038-9f87-5b38b73fbcb4
			#2	Name: ;	ID: bc99f778-c486-4cea-bfdc-74314d4ec46c
			#3	Name: ;	ID: 4a833c01-e0bd-4f64-9c44-66b1cecd88d9
			#4	Name: ;	ID: eeebee45-b414-4c2c-9b69-932432ea4412
			#5	Name: ;	ID: 2b8577e0-ca68-401e-9e36-20ffafcee672
			#6	Name: ;	ID: 1ded28a0-1fd0-4c85-8067-377f2ddf3e29
			#7	Name: ;	ID: 9b57e8ab-12ea-4a2f-b28c-ea4a12b4544c
			#8	Name: ;	ID: b020a190-9fc9-4c12-9d03-ac2c953e88a0
			#9	Name: ;	ID: e65433ca-44be-4ec2-bc09-a16266579039
			#10	Name: ;	ID: 29f26a15-870c-40a7-bb14-d19213defaf4
			#11	Name: ;	ID: 3c4f73c5-87e4-47cd-80af-d68dc473415f
			#12	Name: ;	ID: 97a33901-20d6-4a9c-a78d-6f8e97c34f0d
			#13	Name: ;	ID: 76b16c49-3acf-4162-bef6-6c257bf687d6
			#14	Name: ;	ID: 51401c00-7289-4a89-9ef6-268d317699df
			#15	Name: ;	ID: 1eb06188-ccff-41d9-aaba-1f0044e87a05
			#16	Name: ;	ID: dd5aae3d-8acd-4a2e-b944-805c35996b87
			#17	Name: ;	ID: d6605b53-f95a-4ded-89fe-60583cbf48b7
			#18	Name: ;	ID: 344355d4-5b02-4c48-b870-0ed36acfed40
			#19	Name: ;	ID: c19e2065-0fcf-4d99-9570-7059f02f8002
			#20	Name: ;	ID: 518904b6-e5b0-4592-92d9-11a97d07aa71
	Domains list:		 0 

--------------------------------------------------------------------------
-----------------CModelBodies2MeshMapper::CollectData finished successfully-------------------
Saving initial mesh in: C:\Users\Student\Desktop\UNHSEDS\Engineering\2019-2020\USURPER_HybridRocket\Frame\SOLIDWORKS\Parts\Frame V3\Nose Cone\5\5.fld .
Storing results...
Estimated CPT size=6.481 MB.
OK
Memory Working Set Current = 129.54 Mb, Memory Working Set Peak = 139.48 Mb
Process Threads Number: 21
Cleaning memory...
Free Geometry DB takes 0.002 s
Copying... OK

------------------------------------------------------------------------------------------------------------
CPU report:
Function                                             CPU           descriptor                    nproc     
------------------------------------------------------------------------------------------------------------
CCmnMesherData::GetGeometryFromDataBase              0.731 sec   function_total               
CCmnMesherData::GetGeometryFromDataBase              0.077 sec   InitGeometryTriangles        
CCptMesherData::PrepareMappedTriangles               0.269 sec   function_total               
CCmnMesherData::SwapGeometries                       0.000 sec   function_total               
CCptMesherData::PreBuild                             0.022 sec   function_total               
CCptMesherData::SetBrickRegion                       0.022 sec   function_total               
CCptMesherData::Build                                0.701 sec   function_total               
CCptMesherData::BuildGeometry                        0.698 sec   function_total               
CCmnMesherData::ActivateAllCellsParameters           0.005 sec   function_total               
CCptMesherData::RefineByTriangles                    0.280 sec   function_total               
CCmnMesherData::CaptureRefined                       0.220 sec   function_total               
CRayCollector::GetMultiRaysIntersections             0.157 sec   full                         
CRayCollector::CorrectRays2                          0.033 sec   full                         
CRayCollector::CorrectRays2                          0.011 sec   stage_1_collect_undefined_vertices1
CRayCollector::CorrectRays2                          0.011 sec   collect_bad_rays             
CRayCollector::CorrectRays2                          0.009 sec   stage2_correct_ray           
CCptMesherData::RefinePeculiarSurfaces               0.003 sec   function_total               
CNarrowChannelRefiner::ChannelsResolution            0.381 sec   function_total               
CNarrowChannelRefiner::RefineChannels_PRLL           0.377 sec   function_total               
CNarrowChannelRefiner::GetMainNormals                0.044 sec   function_total               
CNarrowChannelRefiner::GetMainNormals                0.119 sec   function_total               
CNarrowChannelRefiner::GetMainNormals                0.224 sec   function_total               
CNarrowChannelRefiner::GetMainNormals                0.024 sec   function_total               
CNarrowChannelRefiner::facade_bricks_of_brick_dirv   0.000 sec   function_total               
CNarrowChannelRefiner::facade_bricks_of_brick_dirv   0.000 sec   function_total               
CNarrowChannelRefiner::facade_bricks_of_brick_dirv   0.000 sec   function_total               
CNarrowChannelRefiner::facade_bricks_of_brick_dirv   0.019 sec   function_total               
CNarrowChannelRefiner::facade_bricks_of_brick_dirv   0.033 sec   function_total               
CNarrowChannelRefiner::facade_bricks_of_brick_dirv   0.253 sec   function_total               
CNarrowChannelRefiner::facade_bricks_of_brick_dirv   0.009 sec   function_total               
CNarrowChannelRefiner::facade_bricks_of_brick_dirv   0.000 sec   function_total               
CNarrowChannelRefiner::next_brick_on_ray             0.000 sec   function_total               
CNarrowChannelRefiner::next_brick_on_ray             0.000 sec   function_total               
CNarrowChannelRefiner::next_brick_on_ray             0.000 sec   function_total               
CNarrowChannelRefiner::next_brick_on_ray             0.018 sec   function_total               
CNarrowChannelRefiner::next_brick_on_ray             0.031 sec   function_total               
CNarrowChannelRefiner::next_brick_on_ray             0.250 sec   function_total               
CNarrowChannelRefiner::next_brick_on_ray             0.008 sec   function_total               
CNarrowChannelRefiner::next_brick_on_ray             0.000 sec   function_total               
CNarrowChannelRefiner::RefineChannels_PRLL           0.077 sec   NCR_execute_refinement       
CCptMesherData::BuildGeometry                        0.000 sec   equidistant_refiner          
CNarrowChannelRefiner::RedistributeLevel1            0.259 sec   function_total               
CTPBuilder::build_bcf                                1.679 sec   function_total               
CTPBuilder::bcf_builder                              1.497 sec   function_total               
CCmnMesherData::LoadTrianglesAndXSL                  0.000 sec   function_total               
CTPBuilder::collect_msh_format                       0.701 sec   function_total               
CTPBuilder::Run                                      0.599 sec   bcf_collect                  
CTPBuilder::Run                                      0.182 sec   bcf_merge                    
CTPBuilder::build_bcf                                0.072 sec   collect_mega_cv              
CTPBuilder::build_bcf                                0.087 sec   convert_to_mds_function      
CTPBuilder::build_bcf                                0.000 sec   sector_periodicity           
CCptMesherData::CalculateCurvatureAndToleranceCriteria 0.178 sec   function_total               
CCptMesherData::CreateMesh                           0.005 sec   bodies_2_mesh_mapper         
CCptMesherData::StoreCptFile                         0.167 sec   function_total               
CCptMesherData::FreeMesherData                       0.053 sec   function_total               
------------------------------------------------------------------------------------------------------------

Mesh generation normally finished at	7.12.2019	16:43:18
Mesher CPU = 4 sec
Mesher is finished at	7.12.2019	16:43:18
Algebra Pool      : mem_usage = 1.19 Mb, allocated count = 0
Log ended at 7.12.2019	16:43:18
