Log started at 12.11.2020	19:32:44
Number of used processors (NPROC): 8.
Number of mesh partitions (NPART): 8.
Total Physical Memory = 31.86 Gb, Available Physical Memory = 21.57 Gb
Computer name:	S172-2
Operating system:	Windows 10 (or higher) (Version 10.0.18362)

SOLIDWORKS 2020 SP4.0
Flow Simulation 2020  x64 / 4995 / MESHER ver. efd_dev.4663_05.07.2019 

Project: C:\Users\Student\Desktop\UNHSEDS\Engineering\2020-2021\UNAMED_Rocket2021\Propulsion\Banshee V1\fxp\1\1.xmlconfig
Configuration name: Simplify_1
Project name: Project 1
NGK: ON
MBO: OFF

Mesh generation started:	12.11.2020	19:32:44
-----------------------------------------------------------------------
Mesher option run = eRunMesherNormal
-----------------------------------------------------------------------
Current CPU = 0 sec
-----------------------------------------------------------------------
Geometries initialization:
-----------------------------------------------------------------------
Loading mesh settings (global/local)...
-----------------------------------------------------------------------
Number of geometries from DB: 1
Geometry(0):
	Guid = {00000000-0000-0000-0000-000000000000}
	Fluid..
	1 Body.
	7 Real bodies.
	-- Bodyset 0 --
		Tolerance=6.07661e-05.
		146 Face(s).
			146 of b-spline type.
		0 Face(s) that have no ref faces
		29 Plane surface(s).
		93 Cylinder surface(s).
		17 Cone surface(s).
		6 Torus surface(s).
		1 B- surface(s).
		14884 Triangle(s).
		Getting triangle connectivities from DB: 0.001 s
		244 Edge(s).
			244 of b-spline type.
		BodyGeom reading: 0.011 s.
		140 Reference Face(s).
		14800 Reference Triangles.
		Getting triangle connectivities from DB (Ref): 0.001 s
		BodyGeom Ref reading: 0.002 s.
		Getting triangle connectivities from DB (Extra Triangulation): 0.001 s
Geometry(1):
	Solid.
	-- Bodyset 1 --
	Empty
-----------------------------------------------------------------------
Number of geometries in task: 2
Number of bodysets   in task: 2
-----------------------------------------------------------------------
	Making hash and connectivity for Bodyset ...
		CBodyGeom:
		Hash size: {32, 36, 32}.
		Mesh size: {8, 36, 8}.
		Hashing triangles...Ok.
			axis(0) tr sizes: average=36 max=587
			axis(1) tr sizes: average=45 max=1144
			axis(2) tr sizes: average=44 max=438
		Number of t-connected sets:2
			(0) size=1428
			(1) size=13456 cavity
		Done.
		CBodyGeomRef:
		Hashing triangles...Ok.
			axis(0) tr sizes: average=127 max=1031
			axis(1) tr sizes: average=310 max=1831
			axis(2) tr sizes: average=124 max=868
		Done.
	0.0194 s.
Geometries reading and preparing has taken 0.040 s.

Mapped triangles:
Hashing geometries triangles
	Triangles num=14884
	Triangles box={0.139765  ,0.212432  ,-0.0897376  ,0.486302  ,0.301271  ,0.438678  }
		3d-hash size is 143284 bytes
Hashing peculiar surfaces triangles
	Triangles num=11
	Triangles box={0.171389  ,0.180814  ,0.485717  ,0.485717  ,0.365228  ,0.374675  }
		3d-hash size is 9312 bytes
	Triangles num=29
	Triangles box={0.147018  ,0.205129  ,-0.0791627  ,-0.0791627  ,0.340882  ,0.399067  }
		3d-hash size is 9696 bytes
	Triangles num=26
	Triangles box={0.171389  ,0.180814  ,0.472215  ,0.485717  ,0.365228  ,0.374675  }
		3d-hash size is 9360 bytes
Mapped triangles processed in 0.017 s.
-----------------------------------------------------------------------
Getting sectors:
Number of sectors: 0
-----------------------------------------------------------------------
-----------------------------------------------------------------------

Current CPU = 0 sec

-----------------------------------------------------------------------
Mesh dimensions:
				I[0 ]=8
				I[1 ]=36
				I[2 ]=8

Comp. domain size:
				a[0  ]=0.139838
				a[1  ]=0.212359
				a[2  ]=-0.0891627
				a[3  ]=0.485727
				a[4  ]=0.301408
				a[5  ]=0.438541

Fluid calculated			1
Solid calculated			0
-----------------------------------------------------------------------
MESH Build started...
-----------------------------------------------------------------------
Mesh LEVEL = 1
-----------------------------------------------------------------------
Setting regions...OK (0.000 s)
Base mesh info------------------
	2D flag  =0
	Period   =[0, 0, 0]
	Nx=8
		x[0]=0.139838
		x[1]=0.148906
		x[2]=0.157971
		x[3]=0.167036
		x[4]=0.176101
		x[5]=0.185166
		x[6]=0.194232
		x[7]=0.203297
		x[8]=0.212359
	Ny=36
		y[0]=-0.0891627
		y[1]=-0.0731892
		y[2]=-0.05722
		y[3]=-0.0412509
		y[4]=-0.0252817
		y[5]=-0.00931254
		y[6]=0.00665663
		y[7]=0.0226258
		y[8]=0.038595
		y[9]=0.0545641
		y[10]=0.0705333
		y[11]=0.0865025
		y[12]=0.102472
		y[13]=0.118441
		y[14]=0.13441
		y[15]=0.150379
		y[16]=0.166348
		y[17]=0.182317
		y[18]=0.198287
		y[19]=0.214256
		y[20]=0.230225
		y[21]=0.246194
		y[22]=0.262163
		y[23]=0.278132
		y[24]=0.294102
		y[25]=0.310071
		y[26]=0.32604
		y[27]=0.342009
		y[28]=0.357978
		y[29]=0.373947
		y[30]=0.389917
		y[31]=0.405886
		y[32]=0.421855
		y[33]=0.437824
		y[34]=0.453793
		y[35]=0.469762
		y[36]=0.485727
	Nz=8
		z[0]=0.301408
		z[1]=0.318554
		z[2]=0.335695
		z[3]=0.352837
		z[4]=0.369979
		z[5]=0.38712
		z[6]=0.404262
		z[7]=0.421404
		z[8]=0.438541
End of base mesh info---------
Input_mesh_settings--------------------------------
Settings 0----------------
	Scope: GLOBAL
	Type:	------MESHER_SETTINGS----------
	RefAllCells           =0
	RefFluidCells         =0
	RefPartCells          =0
	RefSolidCells         =0
	l_SSFR(Capture crit)  =1
	l_curv(Curvature crit)=0
	l_tol(Tolerance crit) =0
	UseChannelRef         =1
	  NCR_method          =0
	  l_NCR               =1
	  N_gap               =7
	  Use d_NCR_min       =0
	  Use d_NCR_max       =0
	IgnoreThinChannelsHeight         =0
	--END_OF_MESHER_SETTINGS-------
End of input mesh settings-------------------------

-----------------------------------------------------------------------
Building geometries:
-----------------------------------------------------------------------
Building body-set (0) of geometry Fluid.0.(0). ...

-----------------------------------------------------------------------
Refining by triangulation...
Refinement input: 2304 bricks
Setting regions...OK (0.000 s)
Refinement result: 3543 bricks (0.007 s)
Refinement input: 3543 bricks
Refinement result: 3543 bricks (0.000 s)
Collecting and processing rays...OK (0.012 s)
Capturing...OK (0.001 s)
Refining by triangulation takes 0.02 s
-----------------------------------------------------------------------

-----------------------------------------------------------------------
Refining peculiar surfaces...
Refinement input: 3543 bricks
Setting regions...OK (0.000 s)
Refinement result: 3571 bricks (0.000 s)
1 surfaces refined
Refining peculiar surfaces takes 0.001 s
-----------------------------------------------------------------------
Collecting and processing rays...OK (0.000 s)
Capturing...OK (0.000 s)
Collecting and processing rays...OK (0.000 s)
Capturing...OK (0.000 s)
Collecting and processing rays...OK (0.000 s)
Capturing...OK (0.000 s)

-----------------------------------------------------------------------
Base mesh 1 Refining...
Refinement input: 3571 bricks
Refinement result: 3571 bricks (0.000 s)
Collecting and processing rays...OK (0.000 s)
Capturing...OK (0.000 s)
-----------------------------------------------------------------------
Refining channels...
FYI: CNarrowChannelRefiner::RefineChannels_PRLL
Refinement input: 3571 bricks
Setting regions...OK (0.000 s)
Refinement result: 11068 bricks (0.002 s)
Collecting and processing rays...OK (0.005 s)
Capturing...OK (0.001 s)
FYI: m_iteration_count = 0
FYI: level1 statistics:
     level1_cnt_plus[1]=8568;		level1_cnt_minus[1]=0
     level1_cnt_plus[2]=0;		level1_cnt_minus[2]=0
     level1_cnt_plus[3]=0;		level1_cnt_minus[3]=0
     level1_cnt_plus[4]=0;		level1_cnt_minus[4]=0
     level1_cnt_plus[5]=0;		level1_cnt_minus[5]=0
     level1_cnt_plus[6]=0;		level1_cnt_minus[6]=0
     level1_cnt_plus[7]=0;		level1_cnt_minus[7]=0
     level1_cnt_plus[8]=0;		level1_cnt_minus[8]=0
     level1_cnt_plus[9]=0;		level1_cnt_minus[9]=0
FYI: m_iteration_count = 1
FYI: level1 statistics:
     level1_cnt_plus[1]=8568;		level1_cnt_minus[1]=0
     level1_cnt_plus[2]=0;		level1_cnt_minus[2]=0
     level1_cnt_plus[3]=0;		level1_cnt_minus[3]=0
     level1_cnt_plus[4]=0;		level1_cnt_minus[4]=0
     level1_cnt_plus[5]=0;		level1_cnt_minus[5]=0
     level1_cnt_plus[6]=0;		level1_cnt_minus[6]=0
     level1_cnt_plus[7]=0;		level1_cnt_minus[7]=0
     level1_cnt_plus[8]=0;		level1_cnt_minus[8]=0
     level1_cnt_plus[9]=0;		level1_cnt_minus[9]=0
FYI: level1 statistics:
     level1_cnt_plus[1]=8568;		level1_cnt_minus[1]=0
     level1_cnt_plus[2]=0;		level1_cnt_minus[2]=0
     level1_cnt_plus[3]=0;		level1_cnt_minus[3]=0
     level1_cnt_plus[4]=0;		level1_cnt_minus[4]=0
     level1_cnt_plus[5]=0;		level1_cnt_minus[5]=0
     level1_cnt_plus[6]=0;		level1_cnt_minus[6]=0
     level1_cnt_plus[7]=0;		level1_cnt_minus[7]=0
     level1_cnt_plus[8]=0;		level1_cnt_minus[8]=0
     level1_cnt_plus[9]=0;		level1_cnt_minus[9]=0

-----------------------------------------------------------------------
U-shapes refinement...
Refinement input: 11068 bricks
Refinement result: 11068 bricks (0.000 s)
Collecting and processing rays...OK (0.000 s)
Capturing...OK (0.000 s)
-----------------------------------------------------------------------

-----------------------------------------------------------------------
Equi Distant Refiner:
Equi Distant Refiner takes 0.00 s
-----------------------------------------------------------------------
Building geometry takes 0.094 s
Geometry Fluid.0.
Total		11068
Partial	3112
Fluid		1234
Solid		6602
Bad		120

/-Ray Intersection---------------/ Time	0.031 s
Calls			2315
CorrectRay Calls	0



-----------------------------------------------------------------------
Building geometries takes 0.095 s
-----------------------------------------------------------------------

-----------------------------------------------------------------------
PostBuilding geometries:
-----------------------------------------------------------------------
PostBuilding body-set (0) geometry Fluid.0. (0)...
Collecting and processing rays...OK (0.000 s)
Capturing...OK (0.000 s)
PostBuilding geometry takes 0.000 s
Geometry Fluid.0.
Total		11068
Partial	3112
Fluid		1234
Solid		6602
Bad		120

-----------------------------------------------------------------------
PostBuilding geometries takes 0.001 s
-----------------------------------------------------------------------
Defect ray count	0
FYI: CNarrowChannelRefiner::RedistributeLevel1_step_1: is finished
FYI: level1 statistics:
     level1_cnt_plus[1]=8568;		level1_cnt_minus[1]=0
     level1_cnt_plus[2]=0;		level1_cnt_minus[2]=0
     level1_cnt_plus[3]=0;		level1_cnt_minus[3]=0
     level1_cnt_plus[4]=0;		level1_cnt_minus[4]=0
     level1_cnt_plus[5]=0;		level1_cnt_minus[5]=0
     level1_cnt_plus[6]=0;		level1_cnt_minus[6]=0
     level1_cnt_plus[7]=0;		level1_cnt_minus[7]=0
     level1_cnt_plus[8]=0;		level1_cnt_minus[8]=0
     level1_cnt_plus[9]=0;		level1_cnt_minus[9]=0
FYI: CNarrowChannelRefiner::RedistributeLevel1_step_2: is started
FYI: CNarrowChannelRefiner::RedistributeLevel1_step_2: is finished
FYI: level1 statistics:
     level1_cnt_plus[1]=9271;		level1_cnt_minus[1]=0
     level1_cnt_plus[2]=0;		level1_cnt_minus[2]=0
     level1_cnt_plus[3]=0;		level1_cnt_minus[3]=0
     level1_cnt_plus[4]=0;		level1_cnt_minus[4]=0
     level1_cnt_plus[5]=0;		level1_cnt_minus[5]=0
     level1_cnt_plus[6]=0;		level1_cnt_minus[6]=0
     level1_cnt_plus[7]=0;		level1_cnt_minus[7]=0
     level1_cnt_plus[8]=0;		level1_cnt_minus[8]=0
     level1_cnt_plus[9]=0;		level1_cnt_minus[9]=0
FYI: CNarrowChannelRefiner::RedistributeLevel1_step_3: is started
FYI: CNarrowChannelRefiner::RedistributeLevel1_step_3: is finished
RedistributeLevel1 takes:
FYI: level1 statistics:
     level1_cnt_plus[1]=9271;		level1_cnt_minus[1]=23
     level1_cnt_plus[2]=0;		level1_cnt_minus[2]=0
     level1_cnt_plus[3]=0;		level1_cnt_minus[3]=0
     level1_cnt_plus[4]=0;		level1_cnt_minus[4]=0
     level1_cnt_plus[5]=0;		level1_cnt_minus[5]=0
     level1_cnt_plus[6]=0;		level1_cnt_minus[6]=0
     level1_cnt_plus[7]=0;		level1_cnt_minus[7]=0
     level1_cnt_plus[8]=0;		level1_cnt_minus[8]=0
     level1_cnt_plus[9]=0;		level1_cnt_minus[9]=0
-----------------------------------------------------------------------
MSH format builder (Iteration 0)
-----------------------------------------------------------------------
Memory Working Set Current = 51.27 Mb, Memory Working Set Peak = 56.43 Mb
Process Threads Number: 21
-----------------------------------------------------------------------
Loading geometries triangulation & x-stacks...OK
x-stacks size = 0.19 Mb
Total bricks count: 11068
-----------------------------------------------------------------------
MSH (Real Geometry) format constructor:
	Getting brick sets...OK (0.000 s)
	Min x-stack xeps = 4.57184e-05
	D / dh / eps [axis=0] = (0.0725215, 0.00453117, 4.53117e-06)
	D / dh / eps [axis=1] = (0.57489, 0.00798241, 7.98241e-06)
	D / dh / eps [axis=2] = (0.137133, 0.00857084, 8.57084e-06)
	Time (xeps): 0.000 s
Level 1
	Set (0)  size: 5008
	Set (0)  time: 0.037 s
	Set (1)  size: 5008
	Set (1)  time: 0.037 s
Level 0
	Set (0)  size: 526
	Set (0)  time: 0.000 s
	Set (1)  size: 526
	Set (1)  time: 0.000 s
Result:
	Bricks number:                        11068

	Memory usage:                         2.920 MB
	Memory usage (per brick):             0.270 KB
	Construction time:                    0.076 s

	Topology features:
	------------------
	- High quality bricks                  99.75 % (11040)
	- Medium quality bricks                 0.25 % (28)
	- Bad quality bricks                    0.00 % (0)
	- Ribs corrected bricks                 0.00 % (0)
	- Points with geom-info (bricks)        0.40 % (44)
	- Points with closest-info (bricks)     0.00 % (0)
	- Triangulated by center (bricks)       0.61 % (68)
	- Facet w-faces mergings (bricks)       0.00 % (0)
	- To refine (bricks)                    0.00 % (0)

-----------------------------------------------------------------------
Memory Working Set Current = 77.88 Mb, Memory Working Set Peak = 77.88 Mb
Process Threads Number: 21
-----------------------------------------------------------------------
-----------------------------------------------------------------------
-----------------------------------------------------------------------
MSH --> BCF format (Iteration 0)...
BCF collector...(remove mode=0)
	Time (alloc counter per brick): 0.001 s
	Brick    count: 11068
	Av.f all count: 6124
	Av.s all count: 11568
	Av.f pid count: 5038
	Av.s pid count: 6332
	Faces fs count: 10244
	Faces ff count: 0
	Faces ss count: 0
	Faces bb count: 0
	Faces fe count: 180
	Faces se count: 2148
	Faces fw count: 12572
	Faces af count: 14496
	Faces as count: 32054
	Time (all count): 	0.002 s
	Time (bcf alloc): 	0.002 s
	Time (shifts alloc): 	0.001 s
	Time (shifts init): 	0.001 s
	Time (bcf fill): 	0.004 s
	Time (add av to faces): 0.000 s
	Time (add faces to av): 0.002 s
Time (bcf collect): 		0.013 s
	AV checker...
	Time (check av): 	0.004 s
	Subdomain checker...
		Subdomains construction time: 0.001 s.
		Subdomains sort time: 0.000 s.
			Subdomain 0 (geom_ind=0): 4092 av
			Subdomain 1 (geom_ind=0): 936 av
			Subdomain 2 (geom_ind=0): 936 av
			Subdomain 3 (geom_ind=0): 56 av
			Subdomain 4 (geom_ind=0): 56 av
			Subdomain 5 (geom_ind=0): 6 av
			Subdomain 6 (geom_ind=0): 6 av
			Subdomain 7 (geom_ind=0): 6 av
			Subdomain 8 (geom_ind=0): 6 av
			Subdomain 9 (geom_ind=0): 4 av
			...
			Subdomain 17 (geom_ind=1): 11568 av
		gi: 0, subdomains: 17, real bodies: 7
		gi: 1, subdomains: 1, real bodies: 0
		Defect subdomains: 12
	Time (check subdoms): 	0.002 s
	Time (free bcf): 	0.005 s
	Time (corr msh): 	0.001 s
	Bricks corrected: 44
Time (bcf iteration total): 	0.026 s
-----------------------------------------------------------------------
MSH --> BCF format (Iteration 1)...
BCF collector...(remove mode=0)
	Time (alloc counter per brick): 0.000 s
	Brick    count: 11068
	Av.f all count: 6076
	Av.s all count: 11568
	Av.f pid count: 4990
	Av.s pid count: 6292
	Faces fs count: 10040
	Faces ff count: 0
	Faces ss count: 0
	Faces bb count: 0
	Faces fe count: 172
	Faces se count: 2148
	Faces fw count: 12360
	Faces af count: 14448
	Faces as count: 32058
	Time (all count): 	0.002 s
	Time (bcf alloc): 	0.001 s
	Time (shifts alloc): 	0.001 s
	Time (shifts init): 	0.001 s
	Time (bcf fill): 	0.006 s
	Time (add av to faces): 0.000 s
	Time (add faces to av): 0.003 s
Time (bcf collect): 		0.015 s
	AV checker...
	Time (check av): 	0.004 s
	Subdomain checker...
		Subdomains construction time: 0.002 s.
		Subdomains sort time: 0.000 s.
			Subdomain 0 (geom_ind=0): 4092 av
			Subdomain 1 (geom_ind=0): 936 av
			Subdomain 2 (geom_ind=0): 936 av
			Subdomain 3 (geom_ind=0): 56 av
			Subdomain 4 (geom_ind=0): 56 av
			Subdomain 5 (geom_ind=1): 11568 av
		gi: 0, subdomains: 5, real bodies: 7
			WARNING! Number of subdomains less than real bodies count.
		gi: 1, subdomains: 1, real bodies: 0
		Defect subdomains: 0
	Time (check subdoms): 	0.003 s
Time (bcf iteration total): 	0.022 s
	Time (fw-nb): 		0.001 s
	Fixed mutual fw-nb:     4442 (bb: 0)
	Time (fw-nb mutual): 	0.001 s
	Time (fw-nb sort): 	0.000 s
	Fw-opt BEFORE total:    12360 (fs=10040, ff=0, ss=0)
	Fw-opt AFTER  total:    10751 (fs=8431, ff=0, ss=0, failed fw/br=0/0, big_curv=65, big_poly=0)
	Fw-opt RESULT:          1609 (res/(fs+ff+ss) = 16.03 %)
	Time (fw-opt): 		0.002 s
	Time (fw-re-order): 	0.001 s
	Time (fw-nb): 		0.009 s
	Fixed mutual fw-nb:     21548 (bb: 0)
	Time (fw-nb mutual): 	0.002 s
	Time (fw-nb sort): 	0.000 s
	Time (rfd fix): 	0.000 s
	Time (av convexity): 	0.002 s
	Time (av small volume): 0.000 s
	Time (diagonal fw-nb): 	0.015 s
	Fixed mutual fw-nb:     0 (bb: 0)
	Time (fw-nb mutual): 	0.001 s
	Time (fw-nb sort): 	0.000 s
	Fluid subdomains: 5
	Faces fw-nb diff sd:    0
	Time (fw-nb diff sd): 	0.002 s
Time (bcf calc): 		0.040 s
-----------------------------------------------------------------------
Time (bcf total): 		0.089 s
-----------------------------------------------------------------------
-----------------------------------------------------------------------
Mega-cv constructor for fluid...
	 1540 av's is treated as thin
Relative size generator (threshold = 0.05)...
	Iteration 1 (small cluster count = 577)
	Iteration 2 (small cluster count = 297)
	Iteration 3 (small cluster count = 78)
	Iteration 4 (small cluster count = 17)
	Iteration 5 (small cluster count = 2)
	Iteration 6 (small cluster count = 0)
	 543 mega-cv's generated
	 18 mega-cv's removed
Relative size generator is completed OK (0.002 s)
Apply fa-rules to mega-cv clusters fixes...
OK (0.000 s)
Convert clusters:
	 525 mega-cv's total
Mega-cv count: 525
Time (mega-cv fill): 	0.001 s
Time (mega-cv total): 	0.007 s
-----------------------------------------------------------------------
Mixing plane rotation regions: NO.
Sliding mesh rotation regions: NO.
Fluid/fluid faces: NO.
----------------------------------------------------------
BCF --> BCF.GEOMSUBDOM (bridge arrays):
MESH (0):
	Fluid Subdom Constructor: 5 subdom(s).
	Solid Subdom Constructor: 1 subdom(s).
	Net Asm Subdom Constructor: 0 subdom(s).
	GEOMSUBDOM (0): gi=0 fluid av=4092 cv=3595 fa=10486 fb=0 fw=4623 V=7.072374e-04
	Cache data...OK
	GEOMSUBDOM (1): gi=0 fluid av=936 cv=912 fa=1887 fb=0 fw=1842 V=7.119560e-05
	Cache data...OK
	GEOMSUBDOM (2): gi=0 fluid av=936 cv=912 fa=1887 fb=0 fw=1842 V=7.120375e-05
	Cache data...OK
	GEOMSUBDOM (3): gi=0 fluid av=56 cv=40 fa=94 fb=0 fw=148 V=4.352208e-07
	Cache data...OK
	GEOMSUBDOM (4): gi=0 fluid av=56 cv=40 fa=94 fb=0 fw=148 V=4.352033e-07
	Cache data...OK
	GEOMSUBDOM (5): gi=1 solid av=11568 cv=11568 fa=32058 fb=0 fw=10579 V=4.866844e-03
	Cache data...OK
	Setting nb of w-faces...OK (0.005 s).
	Correcting nb of w-faces...
	Time(correct_fw_nb)=0.003 s

MESH (0) checking:
	GEOMSUBDOM (0):fa_s=0.3345390649006526 fb_s=0.0000000000000000 fw_s=0.1060276426802728 fw_nb=42228
	              :d_const(3274)=4.3801e-11 d_linear(3526)=1.71216e-10
	GEOMSUBDOM (1):fa_s=0.0296478459721366 fb_s=0.0000000000000000 fw_s=0.0617238380248563 fw_nb=14712
	              :d_const(53)=1.25505e-11 d_linear(827)=6.78917e-11
	GEOMSUBDOM (2):fa_s=0.0296523643980778 fb_s=0.0000000000000000 fw_s=0.0617238690396046 fw_nb=14712
	              :d_const(18)=1.29781e-11 d_linear(792)=6.9806e-11
	GEOMSUBDOM (3):fa_s=0.0003551240293733 fb_s=0.0000000000000000 fw_s=0.0007888936646940 fw_nb=1160
	              :d_const(30)=7.03568e-12 d_linear(2)=6.3754e-12
	GEOMSUBDOM (4):fa_s=0.0003551919198817 fb_s=0.0000000000000000 fw_s=0.0007888757821922 fw_nb=1160
	              :d_const(33)=6.97258e-12 d_linear(33)=5.76928e-12
	GEOMSUBDOM (5):fa_s=1.5157476349062151 fb_s=0.0000000000000000 fw_s=0.4743107350223694 fw_nb=80828
	              :d_const(10162)=8.45897e-10 d_linear(3322)=2.6335e-09
MESH (0) checking: OK.
Time (MDS): 	0.030 s
----------------------------------------------------------

-----------------------------------------------------------------------
BCF CHECKSUM DATA (Mesh 0):

BRICK |Level1| Sum:               9294
FACE_A Area Sum:   G.Fluid        0.3945495912201221
FACE_A Area Sum:   G.Solid        1.5157476349062149
FACE_W Area Sum:                  0.4831555580108125
FACE_W Nb   Sum:                  83164
FACE_W min curvatures sum:        -696801.17967677
FACE_W max curvatures sum:        93094.09959504
AV Max Disbalance(Const) :        9.42351e-10 (cid=5440, t={14, 66, 6}, avid=2973, pid=2430)
AV Max Disbalance(Linear):        2.6335e-09 (cid=6161, t={11, 24, 8}, avid=12289, pid=3411)
-----------------------------------------------------------------------


-----------------------------------------------------------------------
MESHER TOPOLOGY DATA:

BRICKS: Total                 11068
BRICKS: 1-CV                  6362
BRICKS: 2-CV                  2846
BRICKS: 3-CV                  1850
BRICKS: 4-CV                  10
BRICKS: Bad                   0

AV:     G.Total               17644
AV:     G.Fluid               6076
AV:     G.Solid               11568

AV:     G.Fluid Thin Profile   26.07 % (1584)
AV:     G.Solid Thin Profile    2.39 % (276)

AV:     G.Fluid Thin For Mega  25.35 % (1540)
AV:     G.Solid Thin For Mega   1.24 % (144)

AV:     G.Fluid Non-Convex     11.26 % (684)
AV:     G.Solid Non-Convex      9.26 % (1071)

AV:     G.Fluid Non-Ess-Convex      6.99 % (425)
AV:     G.Solid Non-Ess-Convex      6.25 % (723)

FACE_A: G.Fluid          (af) 14448 (partially opened 10042)
FACE_A: G.Solid          (as) 32058 (partially opened 12602)

FACE_B: G.Total          (b)  0

FACE_W: G.Total                 10751       Brick/Bound
FACE_W: G.Fluid/Solid    (fs_g) 8431        0           
FACE_W: G.Fluid/Fluid    (ff_g) 0           0           
FACE_W: G.Solid/Solid    (ss_g) 0           0           
FACE_W: G.Fluid/External (fe_g) 172
FACE_W: G.Solid/External (se_g) 2148

AV/CV max fa count (on brick side):4
AV/CV max fw count:                4
AV/CV max fb count:                0
AV/CV max fw poly count:           26

MEMORY: Total                   6.523 MB
MEMORY: Per Brick               0.604 KB
-----------------------------------------------------------------------

-----------------------------------------------------------------------
Connectivities information:
	Number of conns: 0
-----------------------------------------------------------------------
	Time (gap size): 	0.061 s
-----------------------------------------------------------------------
Calculating curvature and tolerance criteria...
Curvature: min=0 max=3.14159
Tolerance: min=0 max=0.00782018
Calculating curvature and tolerance criteria takes 0.057 s
-----------------------------------------------------------------------
MESH Build(FS) finished. Time=0.511 s
-----------------------------------------------------------------------
Current CPU = 0 sec

Nx=8
Ny=36
Nz=8
Max BRICK Level=1
Mesh Level=1
-----------------CModelBodies2MeshMapper::CollectData started -------------------------------
Warning in CModelBodies2MeshMapper::DomainsToPBM 
Warning in CModelBodies2MeshMapper::DomainsToPBM 
-----------------CModelBodies2MeshMapper Report -------------------------------
FluidDomains 5 SolidDomains 1 VoidDomains 0 
Domains RefIndexes
Domain 0, Index count 78
Domain 1, Index count 4
Domain 2, Index count 4
Domain 3, Index count 4
Domain 4, Index count 4
Domain 5, Index count 94
----------------- -------------------------------
	ModelBodies
Total resolved Bodies 0 BodySets 0

--------------------------------------------------------------------------
	Positive geometry Bodies
Total resolved Bodies 5 BodySets 3
Unresolved Bodies: 2
	#0 	Name:  	ID: f5998dfb-ceb2-48f5-949c-305df81f5650	gi 0	gt 0
	#1 	Name:  	ID: 9f6ea980-ef8a-4536-9125-8d3db2b9891f	gi 0	gt 0
BodySet 0
	Bodies list:
			#0	Name: ;	ID: 9484686c-221a-4ad8-b4cc-3e275753ccb2
	Domains list:		 0 
BodySet 1
	Bodies list:
			#0	Name: ;	ID: bca3a183-6e11-4efb-b064-93b488e62670
			#1	Name: ;	ID: 7bd9417a-28c5-4b45-bce4-7d4777596ab4
	Domains list:		 2 		 1 
BodySet 2
	Bodies list:
			#0	Name: ;	ID: 536684ce-3176-4700-8b1b-447e1aca0ad9
			#1	Name: ;	ID: 37241427-750b-4c6a-a63b-ecc68fd223c7
	Domains list:		 4 		 3 
Warning: Disjoined bodies produce set:
		Name: ;	ID: bca3a183-6e11-4efb-b064-93b488e62670
		Name: ;	ID: 7bd9417a-28c5-4b45-bce4-7d4777596ab4
	Associated Domains list:		 2 		 1 
Warning: Disjoined bodies produce set:
		Name: ;	ID: 536684ce-3176-4700-8b1b-447e1aca0ad9
		Name: ;	ID: 37241427-750b-4c6a-a63b-ecc68fd223c7
	Associated Domains list:		 4 		 3 

--------------------------------------------------------------------------
	Fluid regions
Total resolved Bodies 7 BodySets 1
BodySet 0	Material: Water; 
	Bodies list:
			#0	Name: ;	ID: f5998dfb-ceb2-48f5-949c-305df81f5650
			#1	Name: ;	ID: 9484686c-221a-4ad8-b4cc-3e275753ccb2
			#2	Name: ;	ID: 9f6ea980-ef8a-4536-9125-8d3db2b9891f
			#3	Name: ;	ID: bca3a183-6e11-4efb-b064-93b488e62670
			#4	Name: ;	ID: 7bd9417a-28c5-4b45-bce4-7d4777596ab4
			#5	Name: ;	ID: 536684ce-3176-4700-8b1b-447e1aca0ad9
			#6	Name: ;	ID: 37241427-750b-4c6a-a63b-ecc68fd223c7
	Domains list:		 0 		 1 		 2 		 3 		 4 

--------------------------------------------------------------------------
-----------------CModelBodies2MeshMapper::CollectData finished successfully-------------------
Saving initial mesh in: C:\Users\Student\Desktop\UNHSEDS\Engineering\2020-2021\UNAMED_Rocket2021\Propulsion\Banshee V1\fxp\1\1.fld .
Storing results...
Estimated CPT size=3.193 MB.
	Time (write bcf): 0.150 s
OK
-----------------------------------------------------------------------
Memory Working Set Current = 81.11 Mb, Memory Working Set Peak = 81.11 Mb
Process Threads Number: 21
-----------------------------------------------------------------------
Cleaning memory...
		Time (free xsl):                    	0.001 s
Free Geometry DB takes 0.000 s
	Time (free bcf): 	0.008 s
		Time (free bcf mesh):               	0.016 s
	Time (free mesher data):              	0.019 s
Copying... OK
Mesh generation normally finished at	12.11.2020	19:32:44
Mesher CPU = 0 sec
Mesher is finished at	12.11.2020	19:32:44
-----------------------------------------------------------------------
Memory Working Set Current = 47.88 Mb, Memory Working Set Peak = 81.54 Mb
Process Threads Number: 21
-----------------------------------------------------------------------
Algebra Pool      : mem_usage = 0.31 Mb, allocated count = 0
Log ended at 12.11.2020	19:32:44
