Log started at 5.12.2019	16:21:16
Number of used processors (NPROC): 8.
Number of mesh partitions (NPART): 8.
Total Physical Memory = 15.90 Gb, Available Physical Memory = 9.45 Gb
Computer name:	S172-3
Operating system:	Windows 10 (or higher) (Version 10.0.18362)

SOLIDWORKS 2018 SP4.0
Flow Simulation 2018  x64 / 4264 / MESHER ver. efd_17_2.4218_16.04.2018 

Project: C:\Users\Student\Desktop\UNHSEDS\Engineering\2019-2020\USURPER_HybridRocket\Frame\SOLIDWORKS\Parts\Frame V3\Nose Cone\1\1.xmlconfig

Mesh generation started:	5.12.2019	16:21:16
Current CPU = 0 sec
-----------------------------------------------------------------------
Geometries initialization:

Geometry database loading ...OK
-----------------------------------------------------------------------
Loading mesh settings (global/local)...
-----------------------------------------------------------------------
Number of geometries: 1
Geometry(0):
	Fluid..
	1 Body.
	1 Real body.
	Tolerance=0.00205426.
	2 Face(s).
		2 of b-spline type.
	15456 Triangle(s).
	0 Face(s) that have no ref faces
	1 Plane surface(s).
	1 Torus surface(s).
	1 Edge(s).
		1 of b-spline type.
	Geometry reading: 0.014 s.
	2 Reference Face(s).
	15456 Reference Triangles.
	GeometryRef reading: 0.007 s.
Last Geometry:
	Solid.
	Making hash and connectivity for geometry 0...
		CBodyGeom:
		Hash size: {32, 192, 32}.
		Mesh size: {32, 48, 32}.
		Hashing triangles...Ok.
			axis(0) tr sizes: average=25 max=286
			axis(1) tr sizes: average=43 max=464
			axis(2) tr sizes: average=25 max=286
		Making triangles connectivity...Ok. (0.017 s).
		Neighbour triangles: 100.00 % (good connect) - 0.00 % (bad connect). Min: 3. Max: 3.
		Done.
		Number of t-connected sets:1
			(0) size=15456
		Done.
		CBodyGeomRef:
		Hashing triangles...Ok.
			axis(0) tr sizes: average=40 max=281
			axis(1) tr sizes: average=41 max=463
			axis(2) tr sizes: average=40 max=281
		Making triangles connectivity...Ok. (0.027 s).
		Neighbour triangles: Min: 2. Max: 3.
		Done.
		Done.
	0.068 s.
Geometries reading and preparing has taken 0.096 s.

Mapped triangles:
Hashing geometries triangles
	Triangles num=15456
	Triangles box={-3.5  ,3.5  ,0  ,18  ,-3.5  ,3.5  }
		3d-hash size is 291120 bytes
		Making triangles connectivity...Ok. (0.017 s).
		Neighbour triangles: 100.00 % (good connect) - 0.00 % (bad connect). Min: 3. Max: 3.
Hashing peculiar surfaces triangles
Mapped triangles processed in 0.046 s.
-----------------------------------------------------------------------
Getting sectors:
Number of sectors: 0
-----------------------------------------------------------------------
-----------------------------------------------------------------------

Current CPU = 1 sec

-----------------------------------------------------------------------
Mesh dimensions:
				I[0 ]=32
				I[1 ]=48
				I[2 ]=32

Comp. domain size:
				a[0  ]=-24.5
				a[1  ]=24.5
				a[2  ]=-35
				a[3  ]=39
				a[4  ]=-24.5
				a[5  ]=24.5

Fluid calculated			1
Solid calculated			0
-----------------------------------------------------------------------
MESH: distribute base bricks among sub-meshes...
	Base bricks count               49152
	Sub-meshes  count               8
	Base bricks count per sub-mesh  6144 (+0)
	Sub-mesh 0: 6144 base brick(s), range [0, 31]-[0, 5]-[0, 31]
	Sub-mesh 1: 6144 base brick(s), range [0, 31]-[6, 11]-[0, 31]
	Sub-mesh 2: 6144 base brick(s), range [0, 31]-[12, 17]-[0, 31]
	Sub-mesh 3: 6144 base brick(s), range [0, 31]-[18, 23]-[0, 31]
	Sub-mesh 4: 6144 base brick(s), range [0, 31]-[24, 29]-[0, 31]
	Sub-mesh 5: 6144 base brick(s), range [0, 31]-[30, 35]-[0, 31]
	Sub-mesh 6: 6144 base brick(s), range [0, 31]-[36, 41]-[0, 31]
	Sub-mesh 7: 6144 base brick(s), range [0, 31]-[42, 47]-[0, 31]
-----------------------------------------------------------------------
-----------------------------------------------------------------------
MESH: collecting ghosts in sub-meshes...
	Sub-mesh 0:
		Total  brick(s) 7168
		Native brick(s) 6144
		Inner  brick(s) 5120
		Outer  brick(s) 1024
		Ghost  brick(s) 1024
	Sub-mesh 1:
		Total  brick(s) 8192
		Native brick(s) 6144
		Inner  brick(s) 4096
		Outer  brick(s) 2048
		Ghost  brick(s) 2048
	Sub-mesh 2:
		Total  brick(s) 8192
		Native brick(s) 6144
		Inner  brick(s) 4096
		Outer  brick(s) 2048
		Ghost  brick(s) 2048
	Sub-mesh 3:
		Total  brick(s) 8192
		Native brick(s) 6144
		Inner  brick(s) 4096
		Outer  brick(s) 2048
		Ghost  brick(s) 2048
	Sub-mesh 4:
		Total  brick(s) 8192
		Native brick(s) 6144
		Inner  brick(s) 4096
		Outer  brick(s) 2048
		Ghost  brick(s) 2048
	Sub-mesh 5:
		Total  brick(s) 8192
		Native brick(s) 6144
		Inner  brick(s) 4096
		Outer  brick(s) 2048
		Ghost  brick(s) 2048
	Sub-mesh 6:
		Total  brick(s) 8192
		Native brick(s) 6144
		Inner  brick(s) 4096
		Outer  brick(s) 2048
		Ghost  brick(s) 2048
	Sub-mesh 7:
		Total  brick(s) 7168
		Native brick(s) 6144
		Inner  brick(s) 5120
		Outer  brick(s) 1024
		Ghost  brick(s) 1024
	Total brick(s) 49152
-----------------------------------------------------------------------
Setting regions...OK (0.004 s)
Base mesh info------------------
	2D flag  =0
	Period   =[0, 0, 0]
	Nx=32
		x[0]=-24.5
		x[1]=-22.3531
		x[2]=-20.3108
		x[3]=-18.3676
		x[4]=-16.5185
		x[5]=-14.759
		x[6]=-13.0848
		x[7]=-11.4917
		x[8]=-9.97581
		x[9]=-8.53338
		x[10]=-7.16086
		x[11]=-5.85485
		x[12]=-4.61213
		x[13]=-3.42963
		x[14]=-2.28631
		x[15]=-1.14297
		x[16]=0.000359076
		x[17]=1.14369
		x[18]=2.28703
		x[19]=3.43036
		x[20]=4.61278
		x[21]=5.85544
		x[22]=7.1614
		x[23]=8.5339
		x[24]=9.97631
		x[25]=11.4922
		x[26]=13.0853
		x[27]=14.7596
		x[28]=16.5192
		x[29]=18.3684
		x[30]=20.3118
		x[31]=22.3542
		x[32]=24.5
	Ny=48
		y[0]=-35
		y[1]=-32.7508
		y[2]=-30.6077
		y[3]=-28.5653
		y[4]=-26.6188
		y[5]=-24.7636
		y[6]=-22.9955
		y[7]=-21.3104
		y[8]=-19.7044
		y[9]=-18.1737
		y[10]=-16.715
		y[11]=-15.3247
		y[12]=-13.9996
		y[13]=-12.6467
		y[14]=-11.2937
		y[15]=-9.94081
		y[16]=-8.58787
		y[17]=-7.23493
		y[18]=-5.88199
		y[19]=-4.52904
		y[20]=-3.1761
		y[21]=-1.82316
		y[22]=-0.470221
		y[23]=0.882721
		y[24]=2.23566
		y[25]=3.5886
		y[26]=4.94154
		y[27]=6.29449
		y[28]=7.64743
		y[29]=9.00037
		y[30]=10.3004
		y[31]=11.6004
		y[32]=12.9004
		y[33]=14.2004
		y[34]=15.5004
		y[35]=16.8004
		y[36]=18.1004
		y[37]=19.4004
		y[38]=20.7717
		y[39]=22.2131
		y[40]=23.7283
		y[41]=25.321
		y[42]=26.9952
		y[43]=28.7551
		y[44]=30.605
		y[45]=32.5495
		y[46]=34.5935
		y[47]=36.7421
		y[48]=39
	Nz=32
		z[0]=-24.5
		z[1]=-22.3532
		z[2]=-20.311
		z[3]=-18.3677
		z[4]=-16.5186
		z[5]=-14.7591
		z[6]=-13.0849
		z[7]=-11.4918
		z[8]=-9.97593
		z[9]=-8.5335
		z[10]=-7.16097
		z[11]=-5.85496
		z[12]=-4.61223
		z[13]=-3.42973
		z[14]=-2.2864
		z[15]=-1.14307
		z[16]=0.000263202
		z[17]=1.1436
		z[18]=2.28693
		z[19]=3.43026
		z[20]=4.61268
		z[21]=5.85533
		z[22]=7.16129
		z[23]=8.53378
		z[24]=9.97619
		z[25]=11.4921
		z[26]=13.0852
		z[27]=14.7595
		z[28]=16.519
		z[29]=18.3682
		z[30]=20.3116
		z[31]=22.354
		z[32]=24.5
End of base mesh info---------
Input_mesh_settings--------------------------------
Settings 0----------------
	Scope: GLOBAL
	Type:	------MESHER_SETTINGS----------
	RefAllCells           =0
	RefFluidCells         =0
	RefPartCells          =0
	RefSolidCells         =0
	l_SSFR(Capture crit)  =1
	l_curv(Curvature crit)=0
	l_tol(Tolerance crit) =0
	UseChannelRef         =1
	  NCR_method          =0
	  l_NCR               =1
	  N_gap               =5
	  Use d_NCR_min       =0
	  Use d_NCR_max       =0
	IgnoreThinChannelsHeight         =0
	--END_OF_MESHER_SETTINGS-------
End of input mesh settings-------------------------

-----------------------------------------------------------------------
Building geometries:
Building geometry Fluid.0.(0)...

-----------------------------------------------------------------------
Refining by triangulation...
Refinement input: 49152 bricks
Setting regions...OK (0.005 s)
Refinement result: 49166 bricks (0.051 s)
Refinement input: 49166 bricks
Refinement result: 49166 bricks (0.008 s)
Collecting and processing rays...OK (0.047 s)
Capturing...OK (0.009 s)
Refining by triangulation takes 0.117 s
-----------------------------------------------------------------------

-----------------------------------------------------------------------
Refining peculiar surfaces...
0 surfaces refined
Refining peculiar surfaces takes 0 s
-----------------------------------------------------------------------
Collecting and processing rays...OK (0.003 s)
Capturing...OK (0.001 s)
Collecting and processing rays...OK (0.003 s)
Capturing...OK (0.001 s)
Collecting and processing rays...OK (0.003 s)
Capturing...OK (0.001 s)

-----------------------------------------------------------------------
Base mesh 1 Refining...
Refinement input: 49166 bricks
Refinement result: 49166 bricks (0.004 s)
Collecting and processing rays...OK (0.002 s)
Capturing...OK (0.001 s)
-----------------------------------------------------------------------
Refining channels...
FYI: CNarrowChannelRefiner::RefineChannels_PRLL: m_submesh_count=8
FYI: m_iteration_count = 0
FYI: level1 statistics:
     level1_cnt_plus[1]=0;		level1_cnt_minus[1]=0
     level1_cnt_plus[2]=0;		level1_cnt_minus[2]=0
     level1_cnt_plus[3]=0;		level1_cnt_minus[3]=0
     level1_cnt_plus[4]=0;		level1_cnt_minus[4]=0
     level1_cnt_plus[5]=0;		level1_cnt_minus[5]=0
     level1_cnt_plus[6]=0;		level1_cnt_minus[6]=0
     level1_cnt_plus[7]=0;		level1_cnt_minus[7]=0
     level1_cnt_plus[8]=0;		level1_cnt_minus[8]=0
     level1_cnt_plus[9]=0;		level1_cnt_minus[9]=0
FYI: level1 statistics:
     level1_cnt_plus[1]=0;		level1_cnt_minus[1]=0
     level1_cnt_plus[2]=0;		level1_cnt_minus[2]=0
     level1_cnt_plus[3]=0;		level1_cnt_minus[3]=0
     level1_cnt_plus[4]=0;		level1_cnt_minus[4]=0
     level1_cnt_plus[5]=0;		level1_cnt_minus[5]=0
     level1_cnt_plus[6]=0;		level1_cnt_minus[6]=0
     level1_cnt_plus[7]=0;		level1_cnt_minus[7]=0
     level1_cnt_plus[8]=0;		level1_cnt_minus[8]=0
     level1_cnt_plus[9]=0;		level1_cnt_minus[9]=0
	CNarrowChannelRefiner::ChannelsResolution            function_total                0      = 0.0488479 sec

-----------------------------------------------------------------------
U-shapes refinement...
Refinement input: 49166 bricks
Refinement result: 49166 bricks (0.009 s)
Collecting and processing rays...OK (0.002 s)
Capturing...OK (0.001 s)
-----------------------------------------------------------------------

-----------------------------------------------------------------------
Equi Distant Refiner:
Equi Distant Refiner takes 0.00 s
-----------------------------------------------------------------------
Building geometry takes 0.208 s
Geometry Fluid.0.
Total		49166
Partial	282
Fluid		48788
Solid		96
Bad		0

/-Ray Intersection---------------/ Time	0.061 s
Calls			4346
CorrectRay Calls	0


Building geometries takes 0.21 s
-----------------------------------------------------------------------

-----------------------------------------------------------------------
PostBuilding geometries:
PostBuilding geometries takes 0.001 s
-----------------------------------------------------------------------
Defect ray count	0
FYI: CNarrowChannelRefiner::RedistributeLevel1_step_1: is finished
FYI: level1 statistics:
     level1_cnt_plus[1]=0;		level1_cnt_minus[1]=0
     level1_cnt_plus[2]=0;		level1_cnt_minus[2]=0
     level1_cnt_plus[3]=0;		level1_cnt_minus[3]=0
     level1_cnt_plus[4]=0;		level1_cnt_minus[4]=0
     level1_cnt_plus[5]=0;		level1_cnt_minus[5]=0
     level1_cnt_plus[6]=0;		level1_cnt_minus[6]=0
     level1_cnt_plus[7]=0;		level1_cnt_minus[7]=0
     level1_cnt_plus[8]=0;		level1_cnt_minus[8]=0
     level1_cnt_plus[9]=0;		level1_cnt_minus[9]=0
FYI: CNarrowChannelRefiner::RedistributeLevel1_step_2: is started
FYI: CNarrowChannelRefiner::RedistributeLevel1_step_2: is finished
FYI: level1 statistics:
     level1_cnt_plus[1]=0;		level1_cnt_minus[1]=0
     level1_cnt_plus[2]=0;		level1_cnt_minus[2]=0
     level1_cnt_plus[3]=0;		level1_cnt_minus[3]=0
     level1_cnt_plus[4]=0;		level1_cnt_minus[4]=0
     level1_cnt_plus[5]=0;		level1_cnt_minus[5]=0
     level1_cnt_plus[6]=0;		level1_cnt_minus[6]=0
     level1_cnt_plus[7]=0;		level1_cnt_minus[7]=0
     level1_cnt_plus[8]=0;		level1_cnt_minus[8]=0
     level1_cnt_plus[9]=0;		level1_cnt_minus[9]=0
FYI: CNarrowChannelRefiner::RedistributeLevel1_step_3: is started
FYI: CNarrowChannelRefiner::RedistributeLevel1_step_3: is finished
RedistributeLevel1 takes:
	CNarrowChannelRefiner::RedistributeLevel1            function_total                0      = 0.0529121 sec
FYI: level1 statistics:
     level1_cnt_plus[1]=0;		level1_cnt_minus[1]=0
     level1_cnt_plus[2]=0;		level1_cnt_minus[2]=0
     level1_cnt_plus[3]=0;		level1_cnt_minus[3]=0
     level1_cnt_plus[4]=0;		level1_cnt_minus[4]=0
     level1_cnt_plus[5]=0;		level1_cnt_minus[5]=0
     level1_cnt_plus[6]=0;		level1_cnt_minus[6]=0
     level1_cnt_plus[7]=0;		level1_cnt_minus[7]=0
     level1_cnt_plus[8]=0;		level1_cnt_minus[8]=0
     level1_cnt_plus[9]=0;		level1_cnt_minus[9]=0
-----------------------------------------------------------------------
BCF-Builder Iteration: 0
Memory Working Set Current = 51.83 Mb, Memory Working Set Peak = 54.47 Mb
Process Threads Number: 21
Loading geometries triangulation & x-stacks...OK
x-stacks size = 0.06 Mb
	Sub-mesh 0:
		Total  brick(s) 7168
		Native brick(s) 6144
		Inner  brick(s) 5120
		Outer  brick(s) 1024
		Ghost  brick(s) 1024
	Sub-mesh 1:
		Total  brick(s) 8192
		Native brick(s) 6144
		Inner  brick(s) 4096
		Outer  brick(s) 2048
		Ghost  brick(s) 2048
	Sub-mesh 2:
		Total  brick(s) 8192
		Native brick(s) 6144
		Inner  brick(s) 4096
		Outer  brick(s) 2048
		Ghost  brick(s) 2048
	Sub-mesh 3:
		Total  brick(s) 8192
		Native brick(s) 6144
		Inner  brick(s) 4096
		Outer  brick(s) 2048
		Ghost  brick(s) 2048
	Sub-mesh 4:
		Total  brick(s) 8192
		Native brick(s) 6144
		Inner  brick(s) 4096
		Outer  brick(s) 2048
		Ghost  brick(s) 2048
	Sub-mesh 5:
		Total  brick(s) 8206
		Native brick(s) 6158
		Inner  brick(s) 4104
		Outer  brick(s) 2054
		Ghost  brick(s) 2048
	Sub-mesh 6:
		Total  brick(s) 8198
		Native brick(s) 6144
		Inner  brick(s) 4096
		Outer  brick(s) 2048
		Ghost  brick(s) 2054
	Sub-mesh 7:
		Total  brick(s) 7168
		Native brick(s) 6144
		Inner  brick(s) 5120
		Outer  brick(s) 1024
		Ghost  brick(s) 1024
	Total brick(s) 49166

-----------------------------------------------------------------------
MSH (Real Geometry) format constructor:
Getting submesh brick sets...OK (0.002 s)
Level 1
	Inner time 0.004 s
	Outer Time 0.002 s
	Level Time 0.006 s
Level 0
	Inner time 0.076 s
	Outer Time 0.047 s
	Level Time 0.123 s

Brick parser time info:
	0.370 s - time_Run
		0.014 s - time_ConstructPoints
			0.007 s - time_ConstructPointsAddFind2
		0.007 s - time_ConstructPointsAndConnectsFromNb
		0.001 s - time_AddRibConnects
		0.027 s - time_ConstructBrickFacets
			0.016 s - time_GetPointsFaceSegments
			0.006 s - time_CalculateQpoints
				0.001 s - time_AddFacetPoint_GetFacesQpoint
					0.000 s - time_GetFacesQpoint_UShaped
						0.000 s - time_GetFacesQpoint2
					0.000 s - time_GetFacesQpoint_AddEdgesToList
					0.001 s - time_Edge_GetClosestPointOn
					0.000 s - time_Edge_NewtonMethod
					0.000 s - time_GetFacesQpoint_ManyFinds
				0.005 s - time_AddFacetPoint_AddQPoint
					0.005 s - time_PointReverseEvaluate
				0.000 s - time_AddFacetPoint_AddFind2
		0.000 s - time_RemoveOddConnects
		0.001 s - time_TestConnectivity
		0.000 s - time_ValidateXeps
		0.003 s - time_ConstructFaceAs
		0.002 s - time_ConstructCvs
		0.001 s - time_ConstructFaceWs
		0.001 s - time_RealGeomAddQPoints
		0.002 s - time_RealGeomAddNewFaces
		0.000 s - time_RealGeomInitOppositeGeomFaceInd
		0.009 s - time_RealGeomApproxCurveFaces
		0.000 s - time_Enum1
		0.000 s - time_Enum2
		0.000 s - time_RealGeomCheckInvalidConnects
		0.158 s - time_RealGeomParameters
			0.043 s - time_CalculateParametersOfCv
			0.115 s - time_CalculateParametersOfFace
				0.005 s - time_CalculateRR
				0.110 s - time_CalculateRefFaceData
				0.000 s - time_CalculateLambdaProjection
			0.000 s - time_SetFacesOrientation
Result:
	Bricks number:                        49166

	Memory usage:                         0.520 MB
	Memory usage (per brick):             0.011 KB
	Construction time:                    0.182 s

	Topology features:
	------------------
	- High quality bricks                 100.00 % (49166)
	- Medium quality bricks                 0.00 % (0)
	- Bad quality bricks                    0.00 % (0)
	- Ribs corrected bricks                 0.00 % (0)
	- Points with geom-info (bricks)        0.00 % (0)
	- Points with closest-info (bricks)     0.00 % (0)
	- Triangulated by center (bricks)       0.00 % (0)
	- Facet w-faces mergings (bricks)       0.00 % (0)
	- To refine (bricks)                    0.00 % (0)

Memory Working Set Current = 55.54 Mb, Memory Working Set Peak = 69.89 Mb
Process Threads Number: 21
-----------------------------------------------------------------------
-----------------------------------------------------------------------
MSH --> BCF format (Iteration 0)...
BCF collector...(remove mode=0)
	(1) Bcf collect time 0.075 s (8192 avs, 0 fws)
	(2) Bcf collect time 0.075 s (8192 avs, 0 fws)
	(7) Bcf collect time 0.075 s (7168 avs, 0 fws)
	(0) Bcf collect time 0.075 s (7168 avs, 0 fws)
	(6) Bcf collect time 0.076 s (8202 avs, 6 fws)
	(3) Bcf collect time 0.054 s (8292 avs, 212 fws)
	(5) Bcf collect time 0.084 s (8304 avs, 194 fws)
	(4) Bcf collect time 0.086 s (8380 avs, 376 fws)
	(4) Remove defect avs time 0.032 s
	(5) Remove defect avs time 0.032 s
	(6) Remove defect avs time 0.032 s
	(7) Remove defect avs time 0.032 s
	(2) Remove defect avs time 0.032 s
	(1) Remove defect avs time 0.032 s
	(3) Remove defect avs time 0.032 s
	(0) Remove defect avs time 0.033 s
Defect subdomain detector...
		1 subdomain(s) of gi=0 (real bodies = 1).
			Subdomain 0: 49070 av
		Get real subdoms time 0.000 s
		Mark defect subdomains by closed av...
		Mark by closed av time 0.005 s
		Mark defect subdomains by real bodies...
		0 defect subdomain(s) of gi=0.
		1 subdomain(s) of gi=1 (real bodies = 0).
			Subdomain 0: 378 av
		Get real subdoms time 0.000 s
		0 defect subdomain(s) of gi=1.
	(2) Remove defect subdoms time 0.018 s
	(5) Remove defect subdoms time 0.018 s
	(4) Remove defect subdoms time 0.018 s
	(6) Remove defect subdoms time 0.018 s
	(0) Remove defect subdoms time 0.018 s
	(3) Remove defect subdoms time 0.018 s
	(7) Remove defect subdoms time 0.018 s
	(1) Remove defect subdoms time 0.018 s
NB-faces collector & conservator...
Sub-mesh 0.
	Conservated total=0 (bb-faces=0)
Sub-mesh 1.
	Conservated total=0 (bb-faces=0)
Sub-mesh 2.
	Conservated total=0 (bb-faces=0)
Sub-mesh 3.
	Conservated total=0 (bb-faces=0)
Sub-mesh 4.
	Conservated total=0 (bb-faces=0)
Sub-mesh 5.
	Conservated total=0 (bb-faces=0)
Sub-mesh 6.
	Conservated total=0 (bb-faces=0)
Sub-mesh 7.
	Conservated total=0 (bb-faces=0)
	(0) Bcf calc time 0.004 s
	(2) Bcf calc time 0.005 s
	(7) Bcf calc time 0.005 s
	(1) Bcf calc time 0.006 s
	(6) Bcf calc time 0.022 s
	(5) Bcf calc time 0.023 s
	(3) Bcf calc time 0.021 s
	(4) Bcf calc time 0.026 s
FACE_W optimizer ...
Sub-mesh 0.
	Before optimization total=2944 (fs=0, ff=0, ss=0)
	After  optimization total=2944 (fs=0, ff=0, ss=0)
Sub-mesh 1.
	Before optimization total=3072 (fs=0, ff=0, ss=0)
	After  optimization total=3072 (fs=0, ff=0, ss=0)
Sub-mesh 2.
	Before optimization total=3072 (fs=0, ff=0, ss=0)
	After  optimization total=3072 (fs=0, ff=0, ss=0)
Sub-mesh 3.
	Before optimization total=3304 (fs=212, ff=0, ss=0)
	After  optimization total=3248 (fs=156, ff=0, ss=0)
Sub-mesh 4.
	Before optimization total=3488 (fs=376, ff=0, ss=0)
	After  optimization total=3300 (fs=188, ff=0, ss=0)
Sub-mesh 5.
	Before optimization total=3286 (fs=194, ff=0, ss=0)
	After  optimization total=3190 (fs=98, ff=0, ss=0)
Sub-mesh 6.
	Before optimization total=3102 (fs=6, ff=0, ss=0)
	After  optimization total=3100 (fs=4, ff=0, ss=0)
Sub-mesh 7.
	Before optimization total=2944 (fs=0, ff=0, ss=0)
	After  optimization total=2944 (fs=0, ff=0, ss=0)
-----------------------------------------------------------------------
-----------------------------------------------------------------------
Merging BCF...
Merging bricks trees...OK (0.04 s)
Merging av data...OK (0.02 s)
Merging a-faces data (fluid)...
	New a-face count   143041
	Bound a-face count 7154 (5.00 %)
Merging a-faces data takes 0.02 s
Merging a-faces data (solid)...
	New a-face count   937
	Bound a-face count 68 (7.26 %)
Merging a-faces data takes 0.00 s
Merging w-faces data...
	New w-face count   8530
	Bound w-face count 0 (0.00 %)
	Need fw-nb         3776 (44.27 %)
Merging w-faces data takes 0.01 s
Merging BCF takes (0.12 s)
-----------------------------------------------------------------------

-----------------------------------------------------------------------
Geometrical diagonal nb-faces collector (cpu_num=8)...
	Time=0.012s.
-----------------------------------------------------------------------
Fluid Subdom Constructor: 1 subdom(s).
	Remove nb-fw from diff subdomains (fs)...
		Diff subdomains cases         0
-----------------------------------------------------------------------
Mega-cv constructor for fluid...
	 0 av's is treated as thin
Relative size generator (threshold = 0.05)...OK
	 4 mega-cv's generated
	 0 mega-cv's removed
Convert clusters:
	 4 mega-cv's total
Mega-cv count: 4
-----------------------------------------------------------------------
Mixing plane rotation regions: NO.
Sliding mesh rotation regions: NO.
Fluid/fluid faces: NO.

-----------------------------------------------------------------------
BCF CHECKSUM DATA (Mesh 0):

FACE_A Area Sum:   G.Fluid        336762.2407193440594710
FACE_A Area Sum:   G.Solid        905.3190362115146854
FACE_W Area Sum:                  19610.1906858029105933
FACE_W Nb   Sum:                  68398
FACE_W min curvatures sum:        6.12062158
FACE_W max curvatures sum:        1514.09472552
AV Max Disbalance: G.Fluid        1.17061e-16 (cid=27070, avid=26974, pid=215)
AV Max Disbalance: G.Solid        1.28493e-16 (cid=19152, avid=49071, pid=1)
-----------------------------------------------------------------------


-----------------------------------------------------------------------
MESHER TOPOLOGY DATA (Mesh 0):

BRICKS: Total                 49166
BRICKS: 1-CV                  48884
BRICKS: 2-CV                  282
BRICKS: Bad                   0

AV:     G.Total               49448
AV:     G.Fluid               49070
AV:     G.Solid               378

AV:     G.Fluid Thin Profile    0.00 % (0)
AV:     G.Solid Thin Profile    0.00 % (0)

AV:     G.Fluid Thin For Mega   0.00 % (0)
AV:     G.Solid Thin For Mega   0.00 % (0)

AV:     G.Fluid Non-Convex      0.40 % (198)
AV:     G.Solid Non-Convex      8.47 % (32)

FACE_A: G.Fluid          (af) 143041 (partially opened 561)
FACE_A: G.Solid          (as) 937 (partially opened 561)

FACE_W: G.Total                 8530        Brick/Bound
FACE_W: G.Fluid/Solid    (fs_g) 338         0           
FACE_W: G.Fluid/Fluid    (ff_g) 0           0           
FACE_W: G.Solid/Solid    (ss_g) 0           0           
FACE_W: G.Fluid/External (fe_g) 8192
FACE_W: G.Solid/External (se_g) 0

AV/CV max fa count (on brick side):4
AV/CV max fw count:                4
AV/CV max fw poly count:           4

MEMORY: Total                   15.266 MB
MEMORY: Per Brick               0.318 KB
-----------------------------------------------------------------------

----------------------------------------------------------
BCF --> BCF.GEOMSUBDOM (bridge arrays) (cpu_num=8):
MESH (0):
	Fluid Subdom Constructor: 1 subdom(s).
	Solid Subdom Constructor: 1 subdom(s).
	Net Asm Subdom Constructor: 0 subdom(s).
	GEOMSUBDOM (0): gi=0 fluid av=49070 cv=49066 fa=143041 fw=8530 V=1.773124e+05
	GEOMSUBDOM (1): gi=1 solid av=378 cv=378 fa=937 fw=338 V=3.616097e+02
	Setting nb of w-faces...OK.

MESH (0) checking:
	GEOMSUBDOM (0):fa_s=336762.2407193440594710 fw_s=19610.1906858029105933 fw_nb=68398
	GEOMSUBDOM (1):fa_s=905.3190362115147991 fw_s=304.1906858029051364 fw_nb=2886
MESH (0) checking: OK.
----------------------------------------------------------
-----------------------------------------------------------------------
Connectivities information:
	Number of conns: 0
-----------------------------------------------------------------------
-----------------------------------------------------------------------
Calculating curvature and tolerance criteria...
Curvature: min=0 max=2.39178
Tolerance: min=0 max=0.672642
Calculating curvature and tolerance criteria takes 0.058 s
-----------------------------------------------------------------------
Current CPU = 2 sec

Nx=32
Ny=48
Nz=32
Max_RL=1
-----------------CModelBodies2MeshMapper::CollectData started -------------------------------
-----------------CModelBodies2MeshMapper Report -------------------------------
FluidDomains 1 SolidDomains 1 VoidDomains 0 
Domains RefIndexes
Domain 0, Index count 2
Domain 1, Index count 2
----------------- -------------------------------
	ModelBodies
Total resolved Bodies 0 BodySets 0

--------------------------------------------------------------------------
	Positive geometry Bodies
Total resolved Bodies 1 BodySets 1
BodySet 0
	Bodies list:
			#0	Name: ;	ID: 2a3a2a10-272b-4aa2-abc1-42721cd533d3
	Domains list:		 0 

--------------------------------------------------------------------------
	Fluid regions
Total resolved Bodies 1 BodySets 1
BodySet 0	Material: Air; 
	Bodies list:
			#0	Name: ;	ID: 2a3a2a10-272b-4aa2-abc1-42721cd533d3
	Domains list:		 0 

--------------------------------------------------------------------------
-----------------CModelBodies2MeshMapper::CollectData finished successfully-------------------
Saving initial mesh in: C:\Users\Student\Desktop\UNHSEDS\Engineering\2019-2020\USURPER_HybridRocket\Frame\SOLIDWORKS\Parts\Frame V3\Nose Cone\1\1.fld .
Storing results...
Estimated CPT size=5.528 MB.
OK
Memory Working Set Current = 79.38 Mb, Memory Working Set Peak = 90.67 Mb
Process Threads Number: 21
Cleaning memory...
Free Geometry DB takes 0.000 s
Copying... OK

------------------------------------------------------------------------------------------------------------
CPU report:
Function                                             CPU           descriptor                    nproc     
------------------------------------------------------------------------------------------------------------
CCmnMesherData::GetGeometryFromDataBase              0.163 sec   function_total               
CCmnMesherData::GetGeometryFromDataBase              0.022 sec   InitGeometryTriangles        
CCptMesherData::PrepareMappedTriangles               0.046 sec   function_total               
CCmnMesherData::SwapGeometries                       0.000 sec   function_total               
CCptMesherData::PreBuild                             0.012 sec   function_total               
CCptMesherData::SetBrickRegion                       0.009 sec   function_total               
CCptMesherData::Build                                0.212 sec   function_total               
CCptMesherData::BuildGeometry                        0.208 sec   function_total               
CCmnMesherData::ActivateAllCellsParameters           0.006 sec   function_total               
CCptMesherData::RefineByTriangles                    0.117 sec   function_total               
CCmnMesherData::CaptureRefined                       0.075 sec   function_total               
CRayCollector::GetMultiRaysIntersections             0.010 sec   full                         
CRayCollector::CorrectRays2                          0.031 sec   full                         
CRayCollector::CorrectRays2                          0.015 sec   stage_1_collect_undefined_vertices1
CRayCollector::CorrectRays2                          0.008 sec   collect_bad_rays             
CRayCollector::CorrectRays2                          0.007 sec   stage2_correct_ray           
CCptMesherData::RefinePeculiarSurfaces               0.004 sec   function_total               
CNarrowChannelRefiner::ChannelsResolution            0.049 sec   function_total               
CNarrowChannelRefiner::RefineChannels_PRLL           0.045 sec   function_total               
CNarrowChannelRefiner::GetMainNormals                0.014 sec   function_total               
CNarrowChannelRefiner::GetMainNormals                0.039 sec   function_total               
CNarrowChannelRefiner::GetMainNormals                0.053 sec   function_total               
CNarrowChannelRefiner::facade_bricks_of_brick_dirv   0.000 sec   function_total               
CNarrowChannelRefiner::facade_bricks_of_brick_dirv   0.000 sec   function_total               
CNarrowChannelRefiner::facade_bricks_of_brick_dirv   0.000 sec   function_total               
CNarrowChannelRefiner::facade_bricks_of_brick_dirv   0.001 sec   function_total               
CNarrowChannelRefiner::facade_bricks_of_brick_dirv   0.003 sec   function_total               
CNarrowChannelRefiner::facade_bricks_of_brick_dirv   0.004 sec   function_total               
CNarrowChannelRefiner::facade_bricks_of_brick_dirv   0.001 sec   function_total               
CNarrowChannelRefiner::facade_bricks_of_brick_dirv   0.000 sec   function_total               
CNarrowChannelRefiner::next_brick_on_ray             0.000 sec   function_total               
CNarrowChannelRefiner::next_brick_on_ray             0.000 sec   function_total               
CNarrowChannelRefiner::next_brick_on_ray             0.000 sec   function_total               
CNarrowChannelRefiner::next_brick_on_ray             0.001 sec   function_total               
CNarrowChannelRefiner::next_brick_on_ray             0.002 sec   function_total               
CNarrowChannelRefiner::next_brick_on_ray             0.004 sec   function_total               
CNarrowChannelRefiner::next_brick_on_ray             0.001 sec   function_total               
CNarrowChannelRefiner::next_brick_on_ray             0.000 sec   function_total               
CCptMesherData::BuildGeometry                        0.000 sec   equidistant_refiner          
CNarrowChannelRefiner::RedistributeLevel1            0.055 sec   function_total               
CTPBuilder::build_bcf                                0.734 sec   function_total               
CTPBuilder::bcf_builder                              0.527 sec   function_total               
CCmnMesherData::LoadTrianglesAndXSL                  0.000 sec   function_total               
CTPBuilder::collect_msh_format                       0.191 sec   function_total               
CTPBuilder::Run                                      0.165 sec   bcf_collect                  
CTPBuilder::Run                                      0.159 sec   bcf_merge                    
CTPBuilder::build_bcf                                0.064 sec   collect_mega_cv              
CTPBuilder::build_bcf                                0.120 sec   convert_to_mds_function      
CTPBuilder::build_bcf                                0.001 sec   sector_periodicity           
CCptMesherData::CalculateCurvatureAndToleranceCriteria 0.058 sec   function_total               
CCptMesherData::CreateMesh                           0.001 sec   bodies_2_mesh_mapper         
CCptMesherData::StoreCptFile                         0.147 sec   function_total               
CCptMesherData::FreeMesherData                       0.042 sec   function_total               
------------------------------------------------------------------------------------------------------------

Mesh generation normally finished at	5.12.2019	16:21:18
Mesher CPU = 2 sec
Mesher is finished at	5.12.2019	16:21:18
Algebra Pool      : mem_usage = 1.13 Mb, allocated count = 0
Log ended at 5.12.2019	16:21:18
