Log started at 03.12.2020	23:18:55
Number of used processors (NPROC): 12.
Number of mesh partitions (NPART): 12.
Total Physical Memory = 15.55 Gb, Available Physical Memory = 5.10 Gb
Computer name:	LAPTOP-BDL3F0ON
Operating system:	Windows 10 (or higher) (Version 10.0.19041)

SOLIDWORKS 2020 SP3.0
Flow Simulation 2020  x64 / 4921 / MESHER ver. efd_dev.4663_05.07.2019 

Project: C:\Users\grace\OneDrive\Desktop\SEDS GitHub\Engineering\2020-2021\UNAMED_Rocket2021\Frame\Active Frame V2\SIMULATIONS\3\3.xmlconfig
Configuration name: Default
Project name: Frame Flow 3
NGK: OFF
MBO: OFF

Mesh generation started:	3.12.2020	23:18:55
-----------------------------------------------------------------------
Mesher option run = eRunMesherNormal
-----------------------------------------------------------------------
Current CPU = 0 sec
-----------------------------------------------------------------------
Geometries initialization:
-----------------------------------------------------------------------
Loading mesh settings (global/local)...
-----------------------------------------------------------------------
Number of geometries from DB: 1
Geometry(0):
	Guid = {00000000-0000-0000-0000-000000000000}
	Fluid..
	1 Body.
	1 Real body.
	-- Bodyset 0 --
		Tolerance=9.3726e-05.
		24 Face(s).
			24 of b-spline type.
		0 Face(s) that have no ref faces
		12 Plane surface(s).
		11 Cylinder surface(s).
		1 Torus surface(s).
		12308 Triangle(s).
		Getting triangle connectivities from DB: 0.004 s
		30 Edge(s).
			30 of b-spline type.
		BodyGeom reading: 0.030 s.
		24 Reference Face(s).
		12308 Reference Triangles.
		Getting triangle connectivities from DB (Ref): 0.001 s
		BodyGeom Ref reading: 0.002 s.
		Getting triangle connectivities from DB (Extra Triangulation): 0.004 s
Geometry(1):
	Solid.
	-- Bodyset 1 --
	Empty
-----------------------------------------------------------------------
Number of geometries in task: 2
Number of bodysets   in task: 2
-----------------------------------------------------------------------
	Making hash and connectivity for Bodyset ...
		CBodyGeom:
		Hash size: {32, 98, 32}.
		Mesh size: {32, 98, 32}.
		Hashing triangles...Ok.
			axis(0) tr sizes: average=17 max=286
			axis(1) tr sizes: average=38 max=315
			axis(2) tr sizes: average=17 max=285
		Number of t-connected sets:1
			(0) size=12308
		Done.
		CBodyGeomRef:
		Hashing triangles...Ok.
			axis(0) tr sizes: average=17 max=251
			axis(1) tr sizes: average=35 max=314
			axis(2) tr sizes: average=17 max=249
		Done.
	0.0445 s.
Geometries reading and preparing has taken 0.094 s.

Mapped triangles:
Hashing geometries triangles
	Triangles num=12308
	Triangles box={-0.0937  ,0.0937  ,0.217497  ,2.53512  ,-0.0937  ,0.0937  }
		3d-hash size is 533180 bytes
Hashing peculiar surfaces triangles
Mapped triangles processed in 0.058 s.
-----------------------------------------------------------------------
Getting sectors:
Number of sectors: 0
-----------------------------------------------------------------------
-----------------------------------------------------------------------

Current CPU = 0 sec

-----------------------------------------------------------------------
Mesh dimensions:
				I[0 ]=32
				I[1 ]=98
				I[2 ]=32

Comp. domain size:
				a[0  ]=-0.656082
				a[1  ]=0.656082
				a[2  ]=-0.344859
				a[3  ]=3.47238
				a[4  ]=-0.656082
				a[5  ]=0.656082

Fluid calculated			1
Solid calculated			0
-----------------------------------------------------------------------
MESH Build started...
-----------------------------------------------------------------------
Mesh LEVEL = 1
-----------------------------------------------------------------------
Setting regions...OK (0.001 s)
Base mesh info------------------
	2D flag  =0
	Period   =[0, 0, 0]
	Nx=32
		x[0]=-0.656082
		x[1]=-0.598589
		x[2]=-0.543901
		x[3]=-0.491862
		x[4]=-0.442346
		x[5]=-0.395229
		x[6]=-0.350395
		x[7]=-0.307734
		x[8]=-0.267141
		x[9]=-0.228514
		x[10]=-0.19176
		x[11]=-0.156786
		x[12]=-0.123507
		x[13]=-0.0918415
		x[14]=-0.0612247
		x[15]=-0.0306075
		x[16]=9.61564e-06
		x[17]=0.0306268
		x[18]=0.0612439
		x[19]=0.0918611
		x[20]=0.123525
		x[21]=0.156802
		x[22]=0.191774
		x[23]=0.228528
		x[24]=0.267154
		x[25]=0.307748
		x[26]=0.35041
		x[27]=0.395245
		x[28]=0.442365
		x[29]=0.491884
		x[30]=0.543927
		x[31]=0.59862
		x[32]=0.656082
	Ny=98
		y[0]=-0.344859
		y[1]=-0.284678
		y[2]=-0.227377
		y[3]=-0.172801
		y[4]=-0.120821
		y[5]=-0.0713135
		y[6]=-0.024161
		y[7]=0.0207486
		y[8]=0.063522
		y[9]=0.104261
		y[10]=0.143062
		y[11]=0.180017
		y[12]=0.216268
		y[13]=0.25252
		y[14]=0.288772
		y[15]=0.325023
		y[16]=0.361275
		y[17]=0.397526
		y[18]=0.433778
		y[19]=0.470029
		y[20]=0.506281
		y[21]=0.542533
		y[22]=0.578784
		y[23]=0.615036
		y[24]=0.651287
		y[25]=0.687539
		y[26]=0.72379
		y[27]=0.760042
		y[28]=0.796294
		y[29]=0.832545
		y[30]=0.868797
		y[31]=0.905048
		y[32]=0.9413
		y[33]=0.977551
		y[34]=1.0138
		y[35]=1.05005
		y[36]=1.08631
		y[37]=1.12256
		y[38]=1.15881
		y[39]=1.19506
		y[40]=1.23131
		y[41]=1.26756
		y[42]=1.30382
		y[43]=1.34007
		y[44]=1.37632
		y[45]=1.41284
		y[46]=1.44935
		y[47]=1.48587
		y[48]=1.52239
		y[49]=1.5589
		y[50]=1.59542
		y[51]=1.63194
		y[52]=1.66846
		y[53]=1.70497
		y[54]=1.74149
		y[55]=1.77801
		y[56]=1.81452
		y[57]=1.85104
		y[58]=1.88756
		y[59]=1.92407
		y[60]=1.96059
		y[61]=1.99711
		y[62]=2.03363
		y[63]=2.07014
		y[64]=2.10666
		y[65]=2.14318
		y[66]=2.17969
		y[67]=2.21621
		y[68]=2.25273
		y[69]=2.28924
		y[70]=2.32576
		y[71]=2.36228
		y[72]=2.3988
		y[73]=2.43531
		y[74]=2.47183
		y[75]=2.50835
		y[76]=2.54486
		y[77]=2.58138
		y[78]=2.6179
		y[79]=2.65442
		y[80]=2.69093
		y[81]=2.72745
		y[82]=2.76397
		y[83]=2.80048
		y[84]=2.837
		y[85]=2.87352
		y[86]=2.91003
		y[87]=2.94576
		y[88]=2.9832
		y[89]=3.02244
		y[90]=3.06357
		y[91]=3.10667
		y[92]=3.15185
		y[93]=3.1992
		y[94]=3.24883
		y[95]=3.30085
		y[96]=3.35537
		y[97]=3.41251
		y[98]=3.47238
	Nz=32
		z[0]=-0.656082
		z[1]=-0.598594
		z[2]=-0.543905
		z[3]=-0.491867
		z[4]=-0.44235
		z[5]=-0.395233
		z[6]=-0.350399
		z[7]=-0.307738
		z[8]=-0.267144
		z[9]=-0.228517
		z[10]=-0.191763
		z[11]=-0.156789
		z[12]=-0.12351
		z[13]=-0.0918442
		z[14]=-0.0612273
		z[15]=-0.0306101
		z[16]=7.04824e-06
		z[17]=0.0306242
		z[18]=0.0612414
		z[19]=0.0918585
		z[20]=0.123522
		z[21]=0.156799
		z[22]=0.191771
		z[23]=0.228525
		z[24]=0.267151
		z[25]=0.307745
		z[26]=0.350407
		z[27]=0.395242
		z[28]=0.442361
		z[29]=0.49188
		z[30]=0.543922
		z[31]=0.598616
		z[32]=0.656082
End of base mesh info---------
Input_mesh_settings--------------------------------
Settings 0----------------
	Scope: GLOBAL
	Type:	------MESHER_SETTINGS----------
	RefAllCells           =0
	RefFluidCells         =0
	RefPartCells          =0
	RefSolidCells         =0
	l_SSFR(Capture crit)  =1
	l_curv(Curvature crit)=0
	l_tol(Tolerance crit) =0
	UseChannelRef         =1
	  NCR_method          =0
	  l_NCR               =1
	  N_gap               =5
	  Use d_NCR_min       =0
	  Use d_NCR_max       =0
	IgnoreThinChannelsHeight         =0
	--END_OF_MESHER_SETTINGS-------
End of input mesh settings-------------------------

-----------------------------------------------------------------------
Building geometries:
-----------------------------------------------------------------------
Building body-set (0) of geometry Fluid.0.(0). ...

-----------------------------------------------------------------------
Refining by triangulation...
Refinement input: 100352 bricks
Setting regions...OK (0.001 s)
Refinement result: 100758 bricks (0.050 s)
Refinement input: 100758 bricks
Refinement result: 100758 bricks (0.005 s)
Collecting and processing rays...OK (0.124 s)
Capturing...OK (0.016 s)
Refining by triangulation takes 0.197 s
-----------------------------------------------------------------------

-----------------------------------------------------------------------
Refining peculiar surfaces...
0 surfaces refined
Refining peculiar surfaces takes 0.001 s
-----------------------------------------------------------------------
Collecting and processing rays...OK (0.003 s)
Capturing...OK (0.001 s)
Collecting and processing rays...OK (0.002 s)
Capturing...OK (0.001 s)
Collecting and processing rays...OK (0.004 s)
Capturing...OK (0.001 s)

-----------------------------------------------------------------------
Base mesh 1 Refining...
Refinement input: 100758 bricks
Refinement result: 100758 bricks (0.002 s)
Collecting and processing rays...OK (0.003 s)
Capturing...OK (0.001 s)
-----------------------------------------------------------------------
Refining channels...
FYI: CNarrowChannelRefiner::RefineChannels_PRLL
Refinement input: 100758 bricks
Setting regions...OK (0.001 s)
Refinement result: 101738 bricks (0.024 s)
Collecting and processing rays...OK (0.046 s)
Capturing...OK (0.002 s)
FYI: m_iteration_count = 0
FYI: level1 statistics:
     level1_cnt_plus[1]=1120;		level1_cnt_minus[1]=0
     level1_cnt_plus[2]=0;		level1_cnt_minus[2]=0
     level1_cnt_plus[3]=0;		level1_cnt_minus[3]=0
     level1_cnt_plus[4]=0;		level1_cnt_minus[4]=0
     level1_cnt_plus[5]=0;		level1_cnt_minus[5]=0
     level1_cnt_plus[6]=0;		level1_cnt_minus[6]=0
     level1_cnt_plus[7]=0;		level1_cnt_minus[7]=0
     level1_cnt_plus[8]=0;		level1_cnt_minus[8]=0
     level1_cnt_plus[9]=0;		level1_cnt_minus[9]=0
FYI: m_iteration_count = 1
FYI: level1 statistics:
     level1_cnt_plus[1]=1120;		level1_cnt_minus[1]=0
     level1_cnt_plus[2]=0;		level1_cnt_minus[2]=0
     level1_cnt_plus[3]=0;		level1_cnt_minus[3]=0
     level1_cnt_plus[4]=0;		level1_cnt_minus[4]=0
     level1_cnt_plus[5]=0;		level1_cnt_minus[5]=0
     level1_cnt_plus[6]=0;		level1_cnt_minus[6]=0
     level1_cnt_plus[7]=0;		level1_cnt_minus[7]=0
     level1_cnt_plus[8]=0;		level1_cnt_minus[8]=0
     level1_cnt_plus[9]=0;		level1_cnt_minus[9]=0
FYI: level1 statistics:
     level1_cnt_plus[1]=1120;		level1_cnt_minus[1]=0
     level1_cnt_plus[2]=0;		level1_cnt_minus[2]=0
     level1_cnt_plus[3]=0;		level1_cnt_minus[3]=0
     level1_cnt_plus[4]=0;		level1_cnt_minus[4]=0
     level1_cnt_plus[5]=0;		level1_cnt_minus[5]=0
     level1_cnt_plus[6]=0;		level1_cnt_minus[6]=0
     level1_cnt_plus[7]=0;		level1_cnt_minus[7]=0
     level1_cnt_plus[8]=0;		level1_cnt_minus[8]=0
     level1_cnt_plus[9]=0;		level1_cnt_minus[9]=0

-----------------------------------------------------------------------
U-shapes refinement...
Refinement input: 101738 bricks
Refinement result: 101738 bricks (0.029 s)
Collecting and processing rays...OK (0.005 s)
Capturing...OK (0.001 s)
-----------------------------------------------------------------------

-----------------------------------------------------------------------
Equi Distant Refiner:
Equi Distant Refiner takes 0.00 s
-----------------------------------------------------------------------
Building geometry takes 0.594 s
Geometry Fluid.0.
Total		101738
Partial	2238
Fluid		98184
Solid		1316
Bad		0

/-Ray Intersection---------------/ Time	0.222 s
Calls			8136
CorrectRay Calls	0



-----------------------------------------------------------------------
Building geometries takes 0.609 s
-----------------------------------------------------------------------

-----------------------------------------------------------------------
PostBuilding geometries:
-----------------------------------------------------------------------
PostBuilding body-set (0) geometry Fluid.0. (0)...
Collecting and processing rays...OK (0.002 s)
Capturing...OK (0.001 s)
PostBuilding geometry takes 0.006 s
Geometry Fluid.0.
Total		101738
Partial	2238
Fluid		98184
Solid		1316
Bad		0

-----------------------------------------------------------------------
PostBuilding geometries takes 0.016 s
-----------------------------------------------------------------------
Defect ray count	0
FYI: CNarrowChannelRefiner::RedistributeLevel1_step_1: is finished
FYI: level1 statistics:
     level1_cnt_plus[1]=1120;		level1_cnt_minus[1]=0
     level1_cnt_plus[2]=0;		level1_cnt_minus[2]=0
     level1_cnt_plus[3]=0;		level1_cnt_minus[3]=0
     level1_cnt_plus[4]=0;		level1_cnt_minus[4]=0
     level1_cnt_plus[5]=0;		level1_cnt_minus[5]=0
     level1_cnt_plus[6]=0;		level1_cnt_minus[6]=0
     level1_cnt_plus[7]=0;		level1_cnt_minus[7]=0
     level1_cnt_plus[8]=0;		level1_cnt_minus[8]=0
     level1_cnt_plus[9]=0;		level1_cnt_minus[9]=0
FYI: CNarrowChannelRefiner::RedistributeLevel1_step_2: is started
FYI: CNarrowChannelRefiner::RedistributeLevel1_step_2: is finished
FYI: level1 statistics:
     level1_cnt_plus[1]=1236;		level1_cnt_minus[1]=0
     level1_cnt_plus[2]=0;		level1_cnt_minus[2]=0
     level1_cnt_plus[3]=0;		level1_cnt_minus[3]=0
     level1_cnt_plus[4]=0;		level1_cnt_minus[4]=0
     level1_cnt_plus[5]=0;		level1_cnt_minus[5]=0
     level1_cnt_plus[6]=0;		level1_cnt_minus[6]=0
     level1_cnt_plus[7]=0;		level1_cnt_minus[7]=0
     level1_cnt_plus[8]=0;		level1_cnt_minus[8]=0
     level1_cnt_plus[9]=0;		level1_cnt_minus[9]=0
FYI: CNarrowChannelRefiner::RedistributeLevel1_step_3: is started
FYI: CNarrowChannelRefiner::RedistributeLevel1_step_3: is finished
RedistributeLevel1 takes:
FYI: level1 statistics:
     level1_cnt_plus[1]=1236;		level1_cnt_minus[1]=204
     level1_cnt_plus[2]=0;		level1_cnt_minus[2]=0
     level1_cnt_plus[3]=0;		level1_cnt_minus[3]=0
     level1_cnt_plus[4]=0;		level1_cnt_minus[4]=0
     level1_cnt_plus[5]=0;		level1_cnt_minus[5]=0
     level1_cnt_plus[6]=0;		level1_cnt_minus[6]=0
     level1_cnt_plus[7]=0;		level1_cnt_minus[7]=0
     level1_cnt_plus[8]=0;		level1_cnt_minus[8]=0
     level1_cnt_plus[9]=0;		level1_cnt_minus[9]=0
-----------------------------------------------------------------------
MSH format builder (Iteration 0)
-----------------------------------------------------------------------
Memory Working Set Current = 57.81 Mb, Memory Working Set Peak = 63.97 Mb
Process Threads Number: 29
-----------------------------------------------------------------------
Loading geometries triangulation & x-stacks...OK
x-stacks size = 0.15 Mb
Total bricks count: 101738
-----------------------------------------------------------------------
MSH (Real Geometry) format constructor:
	Getting brick sets...OK (0.008 s)
	Min x-stack xeps = 0.00754706
	D / dh / eps [axis=0] = (1.31216, 0.0153084, 1.53084e-05)
	D / dh / eps [axis=1] = (3.81724, 0.0181258, 1.81258e-05)
	D / dh / eps [axis=2] = (1.31216, 0.0153085, 1.53085e-05)
	Time (xeps): 0.002 s
Level 1
	Set (0)  size: 792
	Set (0)  time: 0.048 s
	Set (1)  size: 792
	Set (1)  time: 0.022 s
Level 0
	Set (0)  size: 50077
	Set (0)  time: 0.078 s
	Set (1)  size: 50077
	Set (1)  time: 0.061 s
Result:
	Bricks number:                        101738

	Memory usage:                         1.952 MB
	Memory usage (per brick):             0.020 KB
	Construction time:                    0.225 s

	Topology features:
	------------------
	- High quality bricks                 100.00 % (101738)
	- Medium quality bricks                 0.00 % (0)
	- Bad quality bricks                    0.00 % (0)
	- Ribs corrected bricks                 0.00 % (0)
	- Points with geom-info (bricks)        0.00 % (0)
	- Points with closest-info (bricks)     0.03 % (28)
	- Triangulated by center (bricks)       0.01 % (10)
	- Facet w-faces mergings (bricks)       0.00 % (0)
	- To refine (bricks)                    0.00 % (0)

-----------------------------------------------------------------------
Memory Working Set Current = 86.06 Mb, Memory Working Set Peak = 86.06 Mb
Process Threads Number: 29
-----------------------------------------------------------------------
-----------------------------------------------------------------------
-----------------------------------------------------------------------
MSH --> BCF format (Iteration 0)...
BCF collector...(remove mode=0)
	Time (alloc counter per brick): 0.016 s
	Brick    count: 101738
	Av.f all count: 100422
	Av.s all count: 3554
	Av.f pid count: 2238
	Av.s pid count: 2238
	Faces fs count: 4158
	Faces ff count: 0
	Faces ss count: 0
	Faces bb count: 0
	Faces fe count: 14592
	Faces se count: 0
	Faces fw count: 18750
	Faces af count: 293473
	Faces as count: 9653
	Time (all count): 	0.015 s
	Time (bcf alloc): 	0.004 s
	Time (shifts alloc): 	0.007 s
	Time (shifts init): 	0.007 s
	Time (bcf fill): 	0.037 s
	Time (add av to faces): 0.001 s
	Time (add faces to av): 0.017 s
Time (bcf collect): 		0.132 s
	AV checker...
	Time (check av): 	0.097 s
	Subdomain checker...
		Subdomains construction time: 0.056 s.
		Subdomains sort time: 0.000 s.
			Subdomain 0 (geom_ind=0): 100422 av
			Subdomain 1 (geom_ind=1): 3554 av
		gi: 0, subdomains: 1, real bodies: 1
		gi: 1, subdomains: 1, real bodies: 0
		Defect subdomains: 0
	Time (check subdoms): 	0.059 s
Time (bcf iteration total): 	0.291 s
	Time (fw-nb): 		0.003 s
	Fixed mutual fw-nb:     2586 (bb: 0)
	Time (fw-nb mutual): 	0.005 s
	Time (fw-nb sort): 	0.001 s
	Fw-opt BEFORE total:    18750 (fs=4158, ff=0, ss=0)
	Fw-opt AFTER  total:    17694 (fs=3102, ff=0, ss=0, failed fw/br=0/0, big_curv=4, big_poly=0)
	Fw-opt RESULT:          1056 (res/(fs+ff+ss) = 25.40 %)
	Time (fw-opt): 		0.006 s
	Time (fw-re-order): 	0.006 s
	Time (fw-nb): 		0.016 s
	Fixed mutual fw-nb:     35427 (bb: 0)
	Time (fw-nb mutual): 	0.010 s
	Time (fw-nb sort): 	0.001 s
	Time (rfd fix): 	0.000 s
	Time (av convexity): 	0.003 s
	Time (av small volume): 0.001 s
	Time (diagonal fw-nb): 	0.051 s
	Fixed mutual fw-nb:     0 (bb: 0)
	Time (fw-nb mutual): 	0.005 s
	Time (fw-nb sort): 	0.002 s
	Fluid subdomains: 1
	Faces fw-nb diff sd:    0
	Time (fw-nb diff sd): 	0.050 s
Time (bcf calc): 		0.203 s
-----------------------------------------------------------------------
Time (bcf total): 		0.495 s
-----------------------------------------------------------------------
-----------------------------------------------------------------------
Mega-cv constructor for fluid...
	 0 av's is treated as thin
Relative size generator (threshold = 0.05)...
	Iteration 1 (small cluster count = 64)
	Iteration 2 (small cluster count = 31)
	Iteration 3 (small cluster count = 3)
	Iteration 4 (small cluster count = 0)
	 64 mega-cv's generated
	 0 mega-cv's removed
Relative size generator is completed OK (0.012 s)
Apply fa-rules to mega-cv clusters fixes...
OK (0.001 s)
Convert clusters:
	 64 mega-cv's total
Mega-cv count: 64
Time (mega-cv fill): 	0.000 s
Time (mega-cv total): 	0.050 s
-----------------------------------------------------------------------
Mixing plane rotation regions: NO.
Sliding mesh rotation regions: NO.
Fluid/fluid faces: NO.
----------------------------------------------------------
BCF --> BCF.GEOMSUBDOM (bridge arrays):
MESH (0):
	Fluid Subdom Constructor: 1 subdom(s).
	Solid Subdom Constructor: 1 subdom(s).
	Net Asm Subdom Constructor: 0 subdom(s).
	GEOMSUBDOM (0): gi=0 fluid av=100422 cv=100358 fa=293473 fb=0 fw=17694 V=6.514893e+00
	Cache data...OK
	GEOMSUBDOM (1): gi=1 solid av=3554 cv=3554 fa=9653 fb=0 fw=3102 V=5.753160e-02
	Cache data...OK
	Setting nb of w-faces...OK (0.011 s).
	Correcting nb of w-faces...
	Time(correct_fw_nb)=0.011 s

MESH (0) checking:
	GEOMSUBDOM (0):fa_s=472.5332243694351746 fb_s=0.0000000000000000 fw_s=24.7858404022534913 fw_nb=141466
	              :d_const(43571)=1.18955e-14 d_linear(82675)=2.62473e-14
	GEOMSUBDOM (1):fa_s=5.6590260108117274 fb_s=0.0000000000000000 fw_s=1.3069172956774984 fw_nb=24754
	              :d_const(1800)=1.60174e-14 d_linear(2940)=1.76891e-13
MESH (0) checking: OK.
Time (MDS): 	0.319 s
----------------------------------------------------------

-----------------------------------------------------------------------
BCF CHECKSUM DATA (Mesh 0):

BRICK |Level1| Sum:               1440
FACE_A Area Sum:   G.Fluid        472.5332243694347198
FACE_A Area Sum:   G.Solid        5.6590260108117283
FACE_W Area Sum:                  24.7858404022534984
FACE_W Nb   Sum:                  141466
FACE_W min curvatures sum:        173.78680086
FACE_W max curvatures sum:        102343.15869427
AV Max Disbalance(Const) :        1.60174e-14 (cid=39347, t={32, 102, 25}, avid=100527, pid=105)
AV Max Disbalance(Linear):        1.76891e-13 (cid=52653, t={38, 102, 32}, avid=102614, pid=1322)
-----------------------------------------------------------------------


-----------------------------------------------------------------------
MESHER TOPOLOGY DATA:

BRICKS: Total                 101738
BRICKS: 1-CV                  99500
BRICKS: 2-CV                  2238
BRICKS: Bad                   0

AV:     G.Total               103976
AV:     G.Fluid               100422
AV:     G.Solid               3554

AV:     G.Fluid Thin Profile    0.00 % (0)
AV:     G.Solid Thin Profile    0.00 % (0)

AV:     G.Fluid Thin For Mega   0.00 % (0)
AV:     G.Solid Thin For Mega   0.00 % (0)

AV:     G.Fluid Non-Convex      0.54 % (544)
AV:     G.Solid Non-Convex     11.87 % (422)

AV:     G.Fluid Non-Ess-Convex      0.37 % (372)
AV:     G.Solid Non-Ess-Convex      9.79 % (348)

FACE_A: G.Fluid          (af) 293473 (partially opened 4521)
FACE_A: G.Solid          (as) 9653 (partially opened 4521)

FACE_B: G.Total          (b)  0

FACE_W: G.Total                 17694       Brick/Bound
FACE_W: G.Fluid/Solid    (fs_g) 3102        0           
FACE_W: G.Fluid/Fluid    (ff_g) 0           0           
FACE_W: G.Solid/Solid    (ss_g) 0           0           
FACE_W: G.Fluid/External (fe_g) 14592
FACE_W: G.Solid/External (se_g) 0

AV/CV max fa count (on brick side):4
AV/CV max fw count:                4
AV/CV max fb count:                0
AV/CV max fw poly count:           9

MEMORY: Total                   31.383 MB
MEMORY: Per Brick               0.316 KB
-----------------------------------------------------------------------

-----------------------------------------------------------------------
Connectivities information:
	Number of conns: 0
-----------------------------------------------------------------------
	Time (gap size): 	0.023 s
-----------------------------------------------------------------------
Calculating curvature and tolerance criteria...
Curvature: min=0 max=3.14159
Tolerance: min=0 max=0.0209944
Calculating curvature and tolerance criteria takes 0.163 s
-----------------------------------------------------------------------
MESH Build(FS) finished. Time=2.220 s
-----------------------------------------------------------------------
Current CPU = 2 sec

Nx=32
Ny=98
Nz=32
Max BRICK Level=1
Mesh Level=1
-----------------CModelBodies2MeshMapper::CollectData started -------------------------------
-----------------CModelBodies2MeshMapper Report -------------------------------
FluidDomains 1 SolidDomains 1 VoidDomains 0 
Domains RefIndexes
Domain 0, Index count 24
Domain 1, Index count 24
----------------- -------------------------------
	ModelBodies
Total resolved Bodies 0 BodySets 0

--------------------------------------------------------------------------
	Positive geometry Bodies
Total resolved Bodies 1 BodySets 1
BodySet 0
	Bodies list:
			#0	Name: ;	ID: c43ba13c-9b88-489b-b866-1220243068d9
	Domains list:		 0 

--------------------------------------------------------------------------
	Fluid regions
Total resolved Bodies 1 BodySets 1
BodySet 0	Material: Air; 
	Bodies list:
			#0	Name: ;	ID: c43ba13c-9b88-489b-b866-1220243068d9
	Domains list:		 0 

--------------------------------------------------------------------------
-----------------CModelBodies2MeshMapper::CollectData finished successfully-------------------
Saving initial mesh in: C:\Users\grace\OneDrive\Desktop\SEDS GitHub\Engineering\2020-2021\UNAMED_Rocket2021\Frame\Active Frame V2\SIMULATIONS\3\3.fld .
Storing results...
Estimated CPT size=11.662 MB.
	Time (write bcf): 0.588 s
OK
-----------------------------------------------------------------------
Memory Working Set Current = 148.97 Mb, Memory Working Set Peak = 148.97 Mb
Process Threads Number: 29
-----------------------------------------------------------------------
Cleaning memory...
		Time (free xsl):                    	0.000 s
Free Geometry DB takes 0.000 s
	Time (free bcf): 	0.029 s
		Time (free bcf mesh):               	0.084 s
	Time (free mesher data):              	0.088 s
Copying... OK
Mesh generation normally finished at	3.12.2020	23:18:58
Mesher CPU = 3 sec
Mesher is finished at	3.12.2020	23:18:58
-----------------------------------------------------------------------
Memory Working Set Current = 41.58 Mb, Memory Working Set Peak = 149.67 Mb
Process Threads Number: 29
-----------------------------------------------------------------------
Algebra Pool      : mem_usage = 2.94 Mb, allocated count = 0
Log ended at 03.12.2020	23:18:58
