Log started at 12.11.2020	19:21:09
Number of used processors (NPROC): 8.
Number of mesh partitions (NPART): 8.
Total Physical Memory = 31.86 Gb, Available Physical Memory = 22.57 Gb
Computer name:	S172-2
Operating system:	Windows 10 (or higher) (Version 10.0.18362)

SOLIDWORKS 2020 SP4.0
Flow Simulation 2020  x64 / 4995 / MESHER ver. efd_dev.4663_05.07.2019 

Project: C:\Users\Student\Desktop\UNHSEDS\Engineering\2020-2021\UNAMED_Rocket2021\Propulsion\Banshee V1\2\2.xmlconfig
Configuration name: Simplify_1
Project name: Swirl Injection
NGK: OFF
MBO: OFF

Mesh generation started:	12.11.2020	19:21:9
-----------------------------------------------------------------------
Mesher option run = eRunMesherNormal
-----------------------------------------------------------------------
Current CPU = 0 sec
-----------------------------------------------------------------------
Geometries initialization:
-----------------------------------------------------------------------
Loading mesh settings (global/local)...
-----------------------------------------------------------------------
Number of geometries from DB: 1
Geometry(0):
	Guid = {00000000-0000-0000-0000-000000000000}
	Fluid..
	1 Body.
	1 Real body.
	-- Bodyset 0 --
		Tolerance=6.07659e-05.
		81 Face(s).
			81 of b-spline type.
		0 Face(s) that have no ref faces
		17 Plane surface(s).
		40 Cylinder surface(s).
		17 Cone surface(s).
		6 Torus surface(s).
		1 B- surface(s).
		17770 Triangle(s).
		Getting triangle connectivities from DB: 0.002 s
		91 Edge(s).
			91 of b-spline type.
		BodyGeom reading: 0.017 s.
		75 Reference Face(s).
		17758 Reference Triangles.
		Getting triangle connectivities from DB (Ref): 0.002 s
		BodyGeom Ref reading: 0.002 s.
		Getting triangle connectivities from DB (Extra Triangulation): 0.002 s
Geometry(1):
	Solid.
	-- Bodyset 1 --
	Empty
-----------------------------------------------------------------------
Number of geometries in task: 2
Number of bodysets   in task: 2
-----------------------------------------------------------------------
	Making hash and connectivity for Bodyset ...
		CBodyGeom:
		Hash size: {40, 52, 32}.
		Mesh size: {10, 52, 8}.
		Hashing triangles...Ok.
			axis(0) tr sizes: average=40 max=990
			axis(1) tr sizes: average=52 max=405
			axis(2) tr sizes: average=34 max=1053
		Number of t-connected sets:2
			(0) size=12
			(1) size=17758 cavity
		Done.
		CBodyGeomRef:
		Hashing triangles...Ok.
			axis(0) tr sizes: average=156 max=1445
			axis(1) tr sizes: average=410 max=1154
			axis(2) tr sizes: average=145 max=1652
		Done.
	0.0372 s.
Geometries reading and preparing has taken 0.064 s.

Mapped triangles:
Hashing geometries triangles
	Triangles num=17770
	Triangles box={0.123691  ,0.228605  ,-0.0802936  ,0.486848  ,0.322886  ,0.417063  }
		3d-hash size is 212484 bytes
Hashing peculiar surfaces triangles
	Triangles num=13
	Triangles box={0.171389  ,0.180814  ,0.485717  ,0.485717  ,0.365228  ,0.374675  }
		3d-hash size is 16760 bytes
	Triangles num=31
	Triangles box={0.147018  ,0.205129  ,-0.0791627  ,-0.0791627  ,0.340882  ,0.399067  }
		3d-hash size is 17308 bytes
	Triangles num=26
	Triangles box={0.171389  ,0.180814  ,0.472215  ,0.485717  ,0.365228  ,0.374675  }
		3d-hash size is 16904 bytes
Mapped triangles processed in 0.037 s.
-----------------------------------------------------------------------
Getting sectors:
Number of sectors: 0
-----------------------------------------------------------------------
-----------------------------------------------------------------------

Current CPU = 0 sec

-----------------------------------------------------------------------
Mesh dimensions:
				I[0 ]=10
				I[1 ]=52
				I[2 ]=8

Comp. domain size:
				a[0  ]=0.123796
				a[1  ]=0.2285
				a[2  ]=-0.0797276
				a[3  ]=0.486282
				a[4  ]=0.32298
				a[5  ]=0.416969

Fluid calculated			1
Solid calculated			0
-----------------------------------------------------------------------
MESH Build started...
-----------------------------------------------------------------------
Mesh LEVEL = 2
-----------------------------------------------------------------------
Setting regions...OK (0.000 s)
Base mesh info------------------
	2D flag  =0
	Period   =[0, 0, 0]
	Nx=10
		x[0]=0.123796
		x[1]=0.13427
		x[2]=0.14474
		x[3]=0.155211
		x[4]=0.165681
		x[5]=0.176151
		x[6]=0.186622
		x[7]=0.197092
		x[8]=0.207563
		x[9]=0.218033
		x[10]=0.2285
	Ny=52
		y[0]=-0.0797276
		y[1]=-0.0688398
		y[2]=-0.057955
		y[3]=-0.0470702
		y[4]=-0.0361854
		y[5]=-0.0253006
		y[6]=-0.0144158
		y[7]=-0.00353101
		y[8]=0.00735379
		y[9]=0.0182386
		y[10]=0.0291234
		y[11]=0.0400082
		y[12]=0.050893
		y[13]=0.0617778
		y[14]=0.0726626
		y[15]=0.0835474
		y[16]=0.0944322
		y[17]=0.105317
		y[18]=0.116202
		y[19]=0.127087
		y[20]=0.137971
		y[21]=0.148856
		y[22]=0.159741
		y[23]=0.170626
		y[24]=0.181511
		y[25]=0.192395
		y[26]=0.20328
		y[27]=0.214165
		y[28]=0.22505
		y[29]=0.235935
		y[30]=0.246819
		y[31]=0.257704
		y[32]=0.268589
		y[33]=0.279474
		y[34]=0.290359
		y[35]=0.301243
		y[36]=0.312128
		y[37]=0.323013
		y[38]=0.333898
		y[39]=0.344783
		y[40]=0.355667
		y[41]=0.366552
		y[42]=0.377437
		y[43]=0.388322
		y[44]=0.399207
		y[45]=0.410092
		y[46]=0.420976
		y[47]=0.431861
		y[48]=0.442746
		y[49]=0.453631
		y[50]=0.464516
		y[51]=0.4754
		y[52]=0.486282
	Nz=8
		z[0]=0.32298
		z[1]=0.334731
		z[2]=0.34648
		z[3]=0.358229
		z[4]=0.369977
		z[5]=0.381726
		z[6]=0.393475
		z[7]=0.405223
		z[8]=0.416969
End of base mesh info---------
Input_mesh_settings--------------------------------
Settings 0----------------
	Scope: GLOBAL
	Type:	------MESHER_SETTINGS----------
	RefAllCells           =0
	RefFluidCells         =0
	RefPartCells          =0
	RefSolidCells         =0
	l_SSFR(Capture crit)  =2
	l_curv(Curvature crit)=0
	l_tol(Tolerance crit) =2
	  k_tol               =0.00240982
	UseChannelRef         =1
	  NCR_method          =0
	  l_NCR               =2
	  N_gap               =5
	  Use d_NCR_min       =0
	  Use d_NCR_max       =0
	IgnoreThinChannelsHeight         =0
	--END_OF_MESHER_SETTINGS-------
End of input mesh settings-------------------------

-----------------------------------------------------------------------
Building geometries:
-----------------------------------------------------------------------
Building body-set (0) of geometry Fluid.0.(0). ...

-----------------------------------------------------------------------
Refining by triangulation...
Refinement input: 4160 bricks
Setting regions...OK (0.000 s)
Setting regions...OK (0.000 s)
Refinement result: 7688 bricks (0.079 s)
Refinement input: 7688 bricks
Refinement result: 7688 bricks (0.001 s)
Collecting and processing rays...OK (0.042 s)
Capturing...OK (0.001 s)
Refining by triangulation takes 0.123 s
-----------------------------------------------------------------------

-----------------------------------------------------------------------
Refining peculiar surfaces...
0 surfaces refined
Refining peculiar surfaces takes 0 s
-----------------------------------------------------------------------
Collecting and processing rays...OK (0.000 s)
Capturing...OK (0.000 s)
Collecting and processing rays...OK (0.000 s)
Capturing...OK (0.000 s)
Collecting and processing rays...OK (0.000 s)
Capturing...OK (0.000 s)

-----------------------------------------------------------------------
Base mesh 1 Refining...
Refinement input: 7688 bricks
Refinement result: 7688 bricks (0.000 s)
Collecting and processing rays...OK (0.000 s)
Capturing...OK (0.000 s)
-----------------------------------------------------------------------
Refining channels...
FYI: CNarrowChannelRefiner::RefineChannels_PRLL
Refinement input: 7688 bricks
Setting regions...OK (0.000 s)
Refinement result: 13491 bricks (0.002 s)
Collecting and processing rays...OK (0.008 s)
Capturing...OK (0.001 s)
FYI: m_iteration_count = 0
FYI: level1 statistics:
     level1_cnt_plus[1]=6632;		level1_cnt_minus[1]=0
     level1_cnt_plus[2]=0;		level1_cnt_minus[2]=0
     level1_cnt_plus[3]=0;		level1_cnt_minus[3]=0
     level1_cnt_plus[4]=0;		level1_cnt_minus[4]=0
     level1_cnt_plus[5]=0;		level1_cnt_minus[5]=0
     level1_cnt_plus[6]=0;		level1_cnt_minus[6]=0
     level1_cnt_plus[7]=0;		level1_cnt_minus[7]=0
     level1_cnt_plus[8]=0;		level1_cnt_minus[8]=0
     level1_cnt_plus[9]=0;		level1_cnt_minus[9]=0
Refinement input: 13491 bricks
Setting regions...OK (0.000 s)
Refinement result: 13806 bricks (0.002 s)
Collecting and processing rays...OK (0.007 s)
Capturing...OK (0.000 s)
FYI: m_iteration_count = 1
FYI: level1 statistics:
     level1_cnt_plus[1]=6938;		level1_cnt_minus[1]=0
     level1_cnt_plus[2]=48;		level1_cnt_minus[2]=0
     level1_cnt_plus[3]=0;		level1_cnt_minus[3]=0
     level1_cnt_plus[4]=0;		level1_cnt_minus[4]=0
     level1_cnt_plus[5]=0;		level1_cnt_minus[5]=0
     level1_cnt_plus[6]=0;		level1_cnt_minus[6]=0
     level1_cnt_plus[7]=0;		level1_cnt_minus[7]=0
     level1_cnt_plus[8]=0;		level1_cnt_minus[8]=0
     level1_cnt_plus[9]=0;		level1_cnt_minus[9]=0
Refinement input: 13806 bricks
Setting regions...OK (0.000 s)
Refinement result: 13911 bricks (0.002 s)
Collecting and processing rays...OK (0.001 s)
Capturing...OK (0.000 s)
FYI: m_iteration_count = 2
FYI: level1 statistics:
     level1_cnt_plus[1]=7040;		level1_cnt_minus[1]=0
     level1_cnt_plus[2]=64;		level1_cnt_minus[2]=0
     level1_cnt_plus[3]=0;		level1_cnt_minus[3]=0
     level1_cnt_plus[4]=0;		level1_cnt_minus[4]=0
     level1_cnt_plus[5]=0;		level1_cnt_minus[5]=0
     level1_cnt_plus[6]=0;		level1_cnt_minus[6]=0
     level1_cnt_plus[7]=0;		level1_cnt_minus[7]=0
     level1_cnt_plus[8]=0;		level1_cnt_minus[8]=0
     level1_cnt_plus[9]=0;		level1_cnt_minus[9]=0
Refinement input: 13911 bricks
Setting regions...OK (0.000 s)
Refinement result: 13925 bricks (0.001 s)
Collecting and processing rays...OK (0.000 s)
Capturing...OK (0.000 s)
FYI: m_iteration_count = 3
FYI: level1 statistics:
     level1_cnt_plus[1]=7056;		level1_cnt_minus[1]=0
     level1_cnt_plus[2]=64;		level1_cnt_minus[2]=0
     level1_cnt_plus[3]=0;		level1_cnt_minus[3]=0
     level1_cnt_plus[4]=0;		level1_cnt_minus[4]=0
     level1_cnt_plus[5]=0;		level1_cnt_minus[5]=0
     level1_cnt_plus[6]=0;		level1_cnt_minus[6]=0
     level1_cnt_plus[7]=0;		level1_cnt_minus[7]=0
     level1_cnt_plus[8]=0;		level1_cnt_minus[8]=0
     level1_cnt_plus[9]=0;		level1_cnt_minus[9]=0
FYI: m_iteration_count = 4
FYI: level1 statistics:
     level1_cnt_plus[1]=7056;		level1_cnt_minus[1]=0
     level1_cnt_plus[2]=64;		level1_cnt_minus[2]=0
     level1_cnt_plus[3]=0;		level1_cnt_minus[3]=0
     level1_cnt_plus[4]=0;		level1_cnt_minus[4]=0
     level1_cnt_plus[5]=0;		level1_cnt_minus[5]=0
     level1_cnt_plus[6]=0;		level1_cnt_minus[6]=0
     level1_cnt_plus[7]=0;		level1_cnt_minus[7]=0
     level1_cnt_plus[8]=0;		level1_cnt_minus[8]=0
     level1_cnt_plus[9]=0;		level1_cnt_minus[9]=0
Refinement input: 13925 bricks
Setting regions...OK (0.000 s)
Refinement result: 23480 bricks (0.003 s)
Collecting and processing rays...OK (0.016 s)
Capturing...OK (0.002 s)
FYI: m_iteration_count = 5
FYI: level1 statistics:
     level1_cnt_plus[1]=13242;		level1_cnt_minus[1]=0
     level1_cnt_plus[2]=4272;		level1_cnt_minus[2]=0
     level1_cnt_plus[3]=0;		level1_cnt_minus[3]=0
     level1_cnt_plus[4]=0;		level1_cnt_minus[4]=0
     level1_cnt_plus[5]=0;		level1_cnt_minus[5]=0
     level1_cnt_plus[6]=0;		level1_cnt_minus[6]=0
     level1_cnt_plus[7]=0;		level1_cnt_minus[7]=0
     level1_cnt_plus[8]=0;		level1_cnt_minus[8]=0
     level1_cnt_plus[9]=0;		level1_cnt_minus[9]=0
Refinement input: 23480 bricks
Setting regions...OK (0.000 s)
Refinement result: 23774 bricks (0.003 s)
Collecting and processing rays...OK (0.001 s)
Capturing...OK (0.000 s)
FYI: m_iteration_count = 6
FYI: level1 statistics:
     level1_cnt_plus[1]=13317;		level1_cnt_minus[1]=0
     level1_cnt_plus[2]=4504;		level1_cnt_minus[2]=0
     level1_cnt_plus[3]=0;		level1_cnt_minus[3]=0
     level1_cnt_plus[4]=0;		level1_cnt_minus[4]=0
     level1_cnt_plus[5]=0;		level1_cnt_minus[5]=0
     level1_cnt_plus[6]=0;		level1_cnt_minus[6]=0
     level1_cnt_plus[7]=0;		level1_cnt_minus[7]=0
     level1_cnt_plus[8]=0;		level1_cnt_minus[8]=0
     level1_cnt_plus[9]=0;		level1_cnt_minus[9]=0
FYI: m_iteration_count = 7
FYI: level1 statistics:
     level1_cnt_plus[1]=13317;		level1_cnt_minus[1]=0
     level1_cnt_plus[2]=4504;		level1_cnt_minus[2]=0
     level1_cnt_plus[3]=0;		level1_cnt_minus[3]=0
     level1_cnt_plus[4]=0;		level1_cnt_minus[4]=0
     level1_cnt_plus[5]=0;		level1_cnt_minus[5]=0
     level1_cnt_plus[6]=0;		level1_cnt_minus[6]=0
     level1_cnt_plus[7]=0;		level1_cnt_minus[7]=0
     level1_cnt_plus[8]=0;		level1_cnt_minus[8]=0
     level1_cnt_plus[9]=0;		level1_cnt_minus[9]=0
FYI: level1 statistics:
     level1_cnt_plus[1]=13317;		level1_cnt_minus[1]=0
     level1_cnt_plus[2]=4504;		level1_cnt_minus[2]=0
     level1_cnt_plus[3]=0;		level1_cnt_minus[3]=0
     level1_cnt_plus[4]=0;		level1_cnt_minus[4]=0
     level1_cnt_plus[5]=0;		level1_cnt_minus[5]=0
     level1_cnt_plus[6]=0;		level1_cnt_minus[6]=0
     level1_cnt_plus[7]=0;		level1_cnt_minus[7]=0
     level1_cnt_plus[8]=0;		level1_cnt_minus[8]=0
     level1_cnt_plus[9]=0;		level1_cnt_minus[9]=0

-----------------------------------------------------------------------
U-shapes refinement...
Refinement input: 23774 bricks
Refinement result: 23774 bricks (0.002 s)
Collecting and processing rays...OK (0.000 s)
Capturing...OK (0.000 s)
-----------------------------------------------------------------------

-----------------------------------------------------------------------
Equi Distant Refiner:
Equi Distant Refiner takes 0.00 s
-----------------------------------------------------------------------
Building geometry takes 0.433 s
Geometry Fluid.0.
Total		23774
Partial	8367
Fluid		5911
Solid		9488
Bad		8

/-Ray Intersection---------------/ Time	0.272 s
Calls			5087
CorrectRay Calls	0



-----------------------------------------------------------------------
Building geometries takes 0.436 s
-----------------------------------------------------------------------

-----------------------------------------------------------------------
PostBuilding geometries:
-----------------------------------------------------------------------
PostBuilding body-set (0) geometry Fluid.0. (0)...
Collecting and processing rays...OK (0.000 s)
Capturing...OK (0.000 s)
PostBuilding geometry takes 0.001 s
Geometry Fluid.0.
Total		23774
Partial	8367
Fluid		5911
Solid		9488
Bad		8

-----------------------------------------------------------------------
PostBuilding geometries takes 0.002 s
-----------------------------------------------------------------------
Defect ray count	0
FYI: CNarrowChannelRefiner::RedistributeLevel1_step_1: is finished
FYI: level1 statistics:
     level1_cnt_plus[1]=6910;		level1_cnt_minus[1]=0
     level1_cnt_plus[2]=10911;		level1_cnt_minus[2]=0
     level1_cnt_plus[3]=0;		level1_cnt_minus[3]=0
     level1_cnt_plus[4]=0;		level1_cnt_minus[4]=0
     level1_cnt_plus[5]=0;		level1_cnt_minus[5]=0
     level1_cnt_plus[6]=0;		level1_cnt_minus[6]=0
     level1_cnt_plus[7]=0;		level1_cnt_minus[7]=0
     level1_cnt_plus[8]=0;		level1_cnt_minus[8]=0
     level1_cnt_plus[9]=0;		level1_cnt_minus[9]=0
FYI: CNarrowChannelRefiner::RedistributeLevel1_step_2: is started
FYI: CNarrowChannelRefiner::RedistributeLevel1_step_2: is finished
FYI: level1 statistics:
     level1_cnt_plus[1]=7457;		level1_cnt_minus[1]=0
     level1_cnt_plus[2]=11459;		level1_cnt_minus[2]=0
     level1_cnt_plus[3]=0;		level1_cnt_minus[3]=0
     level1_cnt_plus[4]=0;		level1_cnt_minus[4]=0
     level1_cnt_plus[5]=0;		level1_cnt_minus[5]=0
     level1_cnt_plus[6]=0;		level1_cnt_minus[6]=0
     level1_cnt_plus[7]=0;		level1_cnt_minus[7]=0
     level1_cnt_plus[8]=0;		level1_cnt_minus[8]=0
     level1_cnt_plus[9]=0;		level1_cnt_minus[9]=0
FYI: CNarrowChannelRefiner::RedistributeLevel1_step_3: is started
FYI: CNarrowChannelRefiner::RedistributeLevel1_step_3: is finished
RedistributeLevel1 takes:
FYI: level1 statistics:
     level1_cnt_plus[1]=7457;		level1_cnt_minus[1]=36
     level1_cnt_plus[2]=11459;		level1_cnt_minus[2]=76
     level1_cnt_plus[3]=0;		level1_cnt_minus[3]=0
     level1_cnt_plus[4]=0;		level1_cnt_minus[4]=0
     level1_cnt_plus[5]=0;		level1_cnt_minus[5]=0
     level1_cnt_plus[6]=0;		level1_cnt_minus[6]=0
     level1_cnt_plus[7]=0;		level1_cnt_minus[7]=0
     level1_cnt_plus[8]=0;		level1_cnt_minus[8]=0
     level1_cnt_plus[9]=0;		level1_cnt_minus[9]=0
-----------------------------------------------------------------------
MSH format builder (Iteration 0)
-----------------------------------------------------------------------
Memory Working Set Current = 58.73 Mb, Memory Working Set Peak = 71.12 Mb
Process Threads Number: 21
-----------------------------------------------------------------------
Loading geometries triangulation & x-stacks...OK
x-stacks size = 0.37 Mb
Total bricks count: 23774
-----------------------------------------------------------------------
MSH (Real Geometry) format constructor:
	Getting brick sets...OK (0.001 s)
	Min x-stack xeps = 6.30416e-06
	D / dh / eps [axis=0] = (0.104704, 0.00261761, 2.10139e-06)
	D / dh / eps [axis=1] = (0.56601, 0.00272046, 2.10139e-06)
	D / dh / eps [axis=2] = (0.0939898, 0.00293651, 2.10139e-06)
	Time (xeps): 0.000 s
Level 2
	Set (0)  size: 6624
	Set (0)  time: 0.061 s
	Set (1)  size: 6624
	Set (1)  time: 0.054 s
Level 1
	Set (0)  size: 3756
	Set (0)  time: 0.015 s
	Set (1)  size: 3756
	Set (1)  time: 0.015 s
Level 0
	Set (0)  size: 1505
	Set (0)  time: 0.001 s
	Set (1)  size: 1509
	Set (1)  time: 0.001 s
Result:
	Bricks number:                        23774

	Memory usage:                         4.776 MB
	Memory usage (per brick):             0.206 KB
	Construction time:                    0.150 s

	Topology features:
	------------------
	- High quality bricks                 100.00 % (23773)
	- Medium quality bricks                 0.00 % (1)
	- Bad quality bricks                    0.00 % (0)
	- Ribs corrected bricks                 0.00 % (0)
	- Points with geom-info (bricks)        0.02 % (5)
	- Points with closest-info (bricks)     0.15 % (36)
	- Triangulated by center (bricks)       0.10 % (23)
	- Facet w-faces mergings (bricks)       0.00 % (0)
	- To refine (bricks)                    0.00 % (0)

-----------------------------------------------------------------------
Memory Working Set Current = 86.89 Mb, Memory Working Set Peak = 86.90 Mb
Process Threads Number: 21
-----------------------------------------------------------------------
-----------------------------------------------------------------------
-----------------------------------------------------------------------
MSH --> BCF format (Iteration 0)...
BCF collector...(remove mode=0)
	Time (alloc counter per brick): 0.001 s
	Brick    count: 23774
	Av.f all count: 14624
	Av.s all count: 18137
	Av.f pid count: 8715
	Av.s pid count: 8949
	Faces fs count: 17730
	Faces ff count: 0
	Faces ss count: 0
	Faces bb count: 0
	Faces fe count: 0
	Faces se count: 2476
	Faces fw count: 20206
	Faces af count: 39437
	Faces as count: 53535
	Time (all count): 	0.004 s
	Time (bcf alloc): 	0.002 s
	Time (shifts alloc): 	0.002 s
	Time (shifts init): 	0.002 s
	Time (bcf fill): 	0.010 s
	Time (add av to faces): 0.000 s
	Time (add faces to av): 0.004 s
Time (bcf collect): 		0.026 s
	AV checker...
	Time (check av): 	0.008 s
	Subdomain checker...
		Subdomains construction time: 0.005 s.
		Subdomains sort time: 0.000 s.
			Subdomain 0 (geom_ind=0): 14624 av
			Subdomain 1 (geom_ind=1): 18137 av
		gi: 0, subdomains: 1, real bodies: 1
		gi: 1, subdomains: 1, real bodies: 0
		Defect subdomains: 0
	Time (check subdoms): 	0.005 s
Time (bcf iteration total): 	0.039 s
	Time (fw-nb): 		0.002 s
	Fixed mutual fw-nb:     9046 (bb: 0)
	Time (fw-nb mutual): 	0.002 s
	Time (fw-nb sort): 	0.000 s
	Fw-opt BEFORE total:    20206 (fs=17730, ff=0, ss=0)
	Fw-opt AFTER  total:    13569 (fs=11093, ff=0, ss=0, failed fw/br=4/2, big_curv=13, big_poly=0)
	Fw-opt RESULT:          6637 (res/(fs+ff+ss) = 37.43 %)
	Time (fw-opt): 		0.005 s
	Time (fw-re-order): 	0.002 s
	Time (fw-nb): 		0.008 s
	Fixed mutual fw-nb:     27340 (bb: 0)
	Time (fw-nb mutual): 	0.003 s
	Time (fw-nb sort): 	0.000 s
	Time (rfd fix): 	0.000 s
	Time (av convexity): 	0.004 s
	Time (av small volume): 0.001 s
	Time (diagonal fw-nb): 	0.015 s
	Fixed mutual fw-nb:     0 (bb: 0)
	Time (fw-nb mutual): 	0.002 s
	Time (fw-nb sort): 	0.001 s
	Fluid subdomains: 1
	Faces fw-nb diff sd:    0
	Time (fw-nb diff sd): 	0.003 s
Time (bcf calc): 		0.051 s
-----------------------------------------------------------------------
Time (bcf total): 		0.091 s
-----------------------------------------------------------------------
-----------------------------------------------------------------------
Mega-cv constructor for fluid...
	 198 av's is treated as thin
Relative size generator (threshold = 0.05)...
	Iteration 1 (small cluster count = 808)
	Iteration 2 (small cluster count = 326)
	Iteration 3 (small cluster count = 70)
	Iteration 4 (small cluster count = 10)
	Iteration 5 (small cluster count = 4)
	Iteration 6 (small cluster count = 2)
	Iteration 7 (small cluster count = 0)
	 770 mega-cv's generated
	 14 mega-cv's removed
Relative size generator is completed OK (0.003 s)
Apply fa-rules to mega-cv clusters fixes...
	Fa-rule violation fixes:        4 of        4 (total cluster# =      758)
OK (0.001 s)
Convert clusters:
	 756 mega-cv's total
Mega-cv count: 756
Time (mega-cv fill): 	0.001 s
Time (mega-cv total): 	0.013 s
-----------------------------------------------------------------------
Mixing plane rotation regions: NO.
Sliding mesh rotation regions: NO.
Fluid/fluid faces: NO.
----------------------------------------------------------
BCF --> BCF.GEOMSUBDOM (bridge arrays):
MESH (0):
	Fluid Subdom Constructor: 1 subdom(s).
	Solid Subdom Constructor: 1 subdom(s).
	Net Asm Subdom Constructor: 0 subdom(s).
	GEOMSUBDOM (0): gi=0 fluid av=14624 cv=13816 fa=39437 fb=0 fw=11093 V=7.253765e-04
	Cache data...OK
	GEOMSUBDOM (1): gi=1 solid av=18137 cv=18137 fa=53535 fb=0 fw=13569 V=4.844803e-03
	Cache data...OK
	Setting nb of w-faces...OK (0.006 s).
	Correcting nb of w-faces...
	Time(correct_fw_nb)=0.004 s

MESH (0) checking:
	GEOMSUBDOM (0):fa_s=0.4629034028162217 fb_s=0.0000000000000000 fw_s=0.0950846759397956 fw_nb=88938
	              :d_const(11309)=6.1117e-14 d_linear(11713)=4.31066e-13
	GEOMSUBDOM (1):fa_s=1.5018264924597355 fb_s=0.0000000000000000 fw_s=0.3396925514819948 fw_nb=99022
	              :d_const(4587)=2.15478e-13 d_linear(14858)=5.3496e-12
MESH (0) checking: OK.
Time (MDS): 	0.060 s
----------------------------------------------------------

-----------------------------------------------------------------------
BCF CHECKSUM DATA (Mesh 0):

BRICK |Level1| Sum:               30563
FACE_A Area Sum:   G.Fluid        0.4629034028162217
FACE_A Area Sum:   G.Solid        1.5018264924597355
FACE_W Area Sum:                  0.3396925514819949
FACE_W Nb   Sum:                  99022
FACE_W min curvatures sum:        -1162309.75737429
FACE_W max curvatures sum:        49726.23588489
AV Max Disbalance(Const) :        2.33272e-13 (cid=22802, t={14, 192, 26}, avid=14504, pid=8613)
AV Max Disbalance(Linear):        9.90283e-11 (cid=16435, t={27, 199, 16}, avid=10799, pid=5989)
-----------------------------------------------------------------------


-----------------------------------------------------------------------
MESHER TOPOLOGY DATA:

BRICKS: Total                 23774
BRICKS: 1-CV                  15097
BRICKS: 2-CV                  8367
BRICKS: 3-CV                  310
BRICKS: Bad                   0

AV:     G.Total               32761
AV:     G.Fluid               14624
AV:     G.Solid               18137

AV:     G.Fluid Thin Profile    1.86 % (272)
AV:     G.Solid Thin Profile    0.21 % (38)

AV:     G.Fluid Thin For Mega   1.35 % (198)
AV:     G.Solid Thin For Mega   0.13 % (24)

AV:     G.Fluid Non-Convex     16.49 % (2412)
AV:     G.Solid Non-Convex     17.35 % (3146)

AV:     G.Fluid Non-Ess-Convex      5.13 % (750)
AV:     G.Solid Non-Ess-Convex      6.77 % (1228)

FACE_A: G.Fluid          (af) 39437 (partially opened 17575)
FACE_A: G.Solid          (as) 53535 (partially opened 18081)

FACE_B: G.Total          (b)  0

FACE_W: G.Total                 13569       Brick/Bound
FACE_W: G.Fluid/Solid    (fs_g) 11093       0           
FACE_W: G.Fluid/Fluid    (ff_g) 0           0           
FACE_W: G.Solid/Solid    (ss_g) 0           0           
FACE_W: G.Fluid/External (fe_g) 0
FACE_W: G.Solid/External (se_g) 2476

AV/CV max fa count (on brick side):5
AV/CV max fw count:                5
AV/CV max fb count:                0
AV/CV max fw poly count:           18

MEMORY: Total                   11.277 MB
MEMORY: Per Brick               0.486 KB
-----------------------------------------------------------------------

-----------------------------------------------------------------------
Connectivities information:
	Number of conns: 0
-----------------------------------------------------------------------
	Time (gap size): 	0.023 s
-----------------------------------------------------------------------
Calculating curvature and tolerance criteria...
Curvature: min=0 max=3.14159
Tolerance: min=0 max=0.00283546
Calculating curvature and tolerance criteria takes 0.140 s
-----------------------------------------------------------------------
MESH Build(FS) finished. Time=1.093 s
-----------------------------------------------------------------------
Current CPU = 1 sec

Nx=10
Ny=52
Nz=8
Max BRICK Level=2
Mesh Level=2
-----------------CModelBodies2MeshMapper::CollectData started -------------------------------
-----------------CModelBodies2MeshMapper Report -------------------------------
FluidDomains 1 SolidDomains 1 VoidDomains 0 
Domains RefIndexes
Domain 0, Index count 75
Domain 1, Index count 75
----------------- -------------------------------
	ModelBodies
Total resolved Bodies 0 BodySets 0

--------------------------------------------------------------------------
	Positive geometry Bodies
Total resolved Bodies 1 BodySets 1
BodySet 0
	Bodies list:
			#0	Name: ;	ID: fd319619-63b6-45ae-8f2f-43c0fc5d465a
	Domains list:		 0 

--------------------------------------------------------------------------
	Fluid regions
Total resolved Bodies 1 BodySets 1
BodySet 0	Material: Nitrogen; 
	Bodies list:
			#0	Name: ;	ID: fd319619-63b6-45ae-8f2f-43c0fc5d465a
	Domains list:		 0 

--------------------------------------------------------------------------
-----------------CModelBodies2MeshMapper::CollectData finished successfully-------------------
Saving initial mesh in: C:\Users\Student\Desktop\UNHSEDS\Engineering\2020-2021\UNAMED_Rocket2021\Propulsion\Banshee V1\2\2.fld .
Storing results...
Estimated CPT size=5.480 MB.
	Time (write bcf): 0.265 s
OK
-----------------------------------------------------------------------
Memory Working Set Current = 107.98 Mb, Memory Working Set Peak = 107.98 Mb
Process Threads Number: 21
-----------------------------------------------------------------------
Cleaning memory...
		Time (free xsl):                    	0.001 s
Free Geometry DB takes 0.000 s
	Time (free bcf): 	0.011 s
		Time (free bcf mesh):               	0.026 s
	Time (free mesher data):              	0.031 s
Copying... OK
Mesh generation normally finished at	12.11.2020	19:21:11
Mesher CPU = 2 sec
Mesher is finished at	12.11.2020	19:21:11
-----------------------------------------------------------------------
Memory Working Set Current = 50.06 Mb, Memory Working Set Peak = 108.39 Mb
Process Threads Number: 21
-----------------------------------------------------------------------
Algebra Pool      : mem_usage = 0.63 Mb, allocated count = 0
Log ended at 12.11.2020	19:21:11
