Log started at 18.12.2020	10:34:38
Number of used processors (NPROC): 12.
Number of mesh partitions (NPART): 12.
Total Physical Memory = 15.55 Gb, Available Physical Memory = 3.16 Gb
Computer name:	LAPTOP-BDL3F0ON
Operating system:	Windows 10 (or higher) (Version 10.0.19041)

SOLIDWORKS 2020 SP3.0
Flow Simulation 2020  x64 / 4921 / MESHER ver. efd_dev.4663_05.07.2019 

Project: C:\Users\grace\OneDrive\Desktop\SEDS GitHub\Engineering\2020-2021\UNAMED_Rocket2021\Frame\SIMULATIONS\Active Frame V2\SIMULATIONS\5\5.xmlconfig
Configuration name: Default
Project name: Frame Flow 5
NGK: OFF
MBO: OFF

Mesh generation started:	18.12.2020	10:34:38
-----------------------------------------------------------------------
Mesher option run = eRunMesherNormal
-----------------------------------------------------------------------
Current CPU = 0 sec
-----------------------------------------------------------------------
Geometries initialization:
-----------------------------------------------------------------------
Loading mesh settings (global/local)...
-----------------------------------------------------------------------
Number of geometries from DB: 1
Geometry(0):
	Guid = {00000000-0000-0000-0000-000000000000}
	Fluid..
	1 Body.
	1 Real body.
	-- Bodyset 0 --
		Tolerance=9.2075e-05.
		11 Face(s).
			11 of b-spline type.
		0 Face(s) that have no ref faces
		1 Plane surface(s).
		9 Cylinder surface(s).
		1 Torus surface(s).
		11096 Triangle(s).
		Getting triangle connectivities from DB: 0.004 s
		13 Edge(s).
			13 of b-spline type.
		BodyGeom reading: 0.023 s.
		11 Reference Face(s).
		11096 Reference Triangles.
		Getting triangle connectivities from DB (Ref): 0.002 s
		BodyGeom Ref reading: 0.005 s.
		Getting triangle connectivities from DB (Extra Triangulation): 0.004 s
Geometry(1):
	Solid.
	-- Bodyset 1 --
	Empty
-----------------------------------------------------------------------
Number of geometries in task: 2
Number of bodysets   in task: 2
-----------------------------------------------------------------------
	Making hash and connectivity for Bodyset ...
		CBodyGeom:
		Hash size: {32, 206, 32}.
		Mesh size: {32, 103, 32}.
		Hashing triangles...Ok.
			axis(0) tr sizes: average=18 max=220
			axis(1) tr sizes: average=33 max=315
			axis(2) tr sizes: average=18 max=218
		Number of t-connected sets:1
			(0) size=11096
		Done.
		CBodyGeomRef:
		Hashing triangles...Ok.
			axis(0) tr sizes: average=20 max=283
			axis(1) tr sizes: average=30 max=312
			axis(2) tr sizes: average=20 max=285
		Done.
	0.0846 s.
Geometries reading and preparing has taken 0.132 s.

Mapped triangles:
Hashing geometries triangles
	Triangles num=11096
	Triangles box={-0.0920745  ,0.0920745  ,0.359307  ,2.67693  ,-0.092075  ,0.0920745  }
		3d-hash size is 581940 bytes
Hashing peculiar surfaces triangles
Mapped triangles processed in 0.089 s.
-----------------------------------------------------------------------
Getting sectors:
Number of sectors: 0
-----------------------------------------------------------------------
-----------------------------------------------------------------------

Current CPU = 0 sec

-----------------------------------------------------------------------
Mesh dimensions:
				I[0 ]=32
				I[1 ]=103
				I[2 ]=32

Comp. domain size:
				a[0  ]=-0.644525
				a[1  ]=0.644525
				a[2  ]=-0.92075
				a[3  ]=3.22938
				a[4  ]=-0.644525
				a[5  ]=0.644525

Fluid calculated			1
Solid calculated			0
-----------------------------------------------------------------------
MESH Build started...
-----------------------------------------------------------------------
Mesh LEVEL = 1
-----------------------------------------------------------------------
Setting regions...OK (0.002 s)
Base mesh info------------------
	2D flag  =0
	Period   =[0, 0, 0]
	Nx=32
		x[0]=-0.644525
		x[1]=-0.588045
		x[2]=-0.53432
		x[3]=-0.483198
		x[4]=-0.434554
		x[5]=-0.388267
		x[6]=-0.344223
		x[7]=-0.302314
		x[8]=-0.262435
		x[9]=-0.224489
		x[10]=-0.188382
		x[11]=-0.154024
		x[12]=-0.121332
		x[13]=-0.0902237
		x[14]=-0.0601462
		x[15]=-0.0300684
		x[16]=9.44626e-06
		x[17]=0.0300873
		x[18]=0.0601651
		x[19]=0.0902429
		x[20]=0.121349
		x[21]=0.15404
		x[22]=0.188396
		x[23]=0.224503
		x[24]=0.262448
		x[25]=0.302327
		x[26]=0.344238
		x[27]=0.388283
		x[28]=0.434572
		x[29]=0.48322
		x[30]=0.534345
		x[31]=0.588075
		x[32]=0.644525
	Ny=103
		y[0]=-0.92075
		y[1]=-0.844253
		y[2]=-0.771344
		y[3]=-0.701835
		y[4]=-0.635567
		y[5]=-0.57239
		y[6]=-0.512158
		y[7]=-0.454736
		y[8]=-0.399991
		y[9]=-0.347799
		y[10]=-0.298041
		y[11]=-0.250603
		y[12]=-0.205377
		y[13]=-0.16226
		y[14]=-0.121154
		y[15]=-0.0819646
		y[16]=-0.0446028
		y[17]=-0.00898325
		y[18]=0.0273768
		y[19]=0.0637365
		y[20]=0.100096
		y[21]=0.136456
		y[22]=0.172816
		y[23]=0.209176
		y[24]=0.245536
		y[25]=0.281895
		y[26]=0.318255
		y[27]=0.354615
		y[28]=0.390975
		y[29]=0.427335
		y[30]=0.463694
		y[31]=0.500054
		y[32]=0.536414
		y[33]=0.572774
		y[34]=0.609134
		y[35]=0.645493
		y[36]=0.681853
		y[37]=0.718213
		y[38]=0.754573
		y[39]=0.790933
		y[40]=0.827292
		y[41]=0.863652
		y[42]=0.900012
		y[43]=0.936372
		y[44]=0.972731
		y[45]=1.00909
		y[46]=1.04545
		y[47]=1.08181
		y[48]=1.11817
		y[49]=1.15453
		y[50]=1.19089
		y[51]=1.22725
		y[52]=1.26361
		y[53]=1.29997
		y[54]=1.33633
		y[55]=1.37269
		y[56]=1.40905
		y[57]=1.44541
		y[58]=1.48177
		y[59]=1.51813
		y[60]=1.55436
		y[61]=1.59059
		y[62]=1.62682
		y[63]=1.66305
		y[64]=1.69929
		y[65]=1.73552
		y[66]=1.77175
		y[67]=1.80798
		y[68]=1.84421
		y[69]=1.88044
		y[70]=1.91668
		y[71]=1.95291
		y[72]=1.98914
		y[73]=2.02537
		y[74]=2.0616
		y[75]=2.09783
		y[76]=2.13406
		y[77]=2.1703
		y[78]=2.20653
		y[79]=2.24276
		y[80]=2.27899
		y[81]=2.31522
		y[82]=2.35145
		y[83]=2.38769
		y[84]=2.42392
		y[85]=2.46015
		y[86]=2.49638
		y[87]=2.53261
		y[88]=2.56884
		y[89]=2.60508
		y[90]=2.64131
		y[91]=2.67754
		y[92]=2.71377
		y[93]=2.75007
		y[94]=2.78819
		y[95]=2.82821
		y[96]=2.87023
		y[97]=2.91435
		y[98]=2.96068
		y[99]=3.00931
		y[100]=3.06038
		y[101]=3.114
		y[102]=3.17029
		y[103]=3.22938
	Nz=32
		z[0]=-0.644525
		z[1]=-0.58805
		z[2]=-0.534324
		z[3]=-0.483203
		z[4]=-0.434558
		z[5]=-0.388271
		z[6]=-0.344227
		z[7]=-0.302317
		z[8]=-0.262438
		z[9]=-0.224492
		z[10]=-0.188385
		z[11]=-0.154027
		z[12]=-0.121335
		z[13]=-0.0902263
		z[14]=-0.0601487
		z[15]=-0.0300709
		z[16]=6.92408e-06
		z[17]=0.0300848
		z[18]=0.0601626
		z[19]=0.0902404
		z[20]=0.121346
		z[21]=0.154037
		z[22]=0.188393
		z[23]=0.224499
		z[24]=0.262445
		z[25]=0.302324
		z[26]=0.344234
		z[27]=0.388279
		z[28]=0.434568
		z[29]=0.483216
		z[30]=0.534341
		z[31]=0.588071
		z[32]=0.644525
End of base mesh info---------
Input_mesh_settings--------------------------------
Settings 0----------------
	Scope: GLOBAL
	Type:	------MESHER_SETTINGS----------
	RefAllCells           =0
	RefFluidCells         =0
	RefPartCells          =0
	RefSolidCells         =0
	l_SSFR(Capture crit)  =1
	l_curv(Curvature crit)=0
	l_tol(Tolerance crit) =0
	UseChannelRef         =1
	  NCR_method          =0
	  l_NCR               =1
	  N_gap               =5
	  Use d_NCR_min       =0
	  Use d_NCR_max       =0
	IgnoreThinChannelsHeight         =0
	--END_OF_MESHER_SETTINGS-------
End of input mesh settings-------------------------

-----------------------------------------------------------------------
Building geometries:
-----------------------------------------------------------------------
Building body-set (0) of geometry Fluid.0.(0). ...

-----------------------------------------------------------------------
Refining by triangulation...
Refinement input: 105472 bricks
Setting regions...OK (0.001 s)
Refinement result: 105486 bricks (0.053 s)
Refinement input: 105486 bricks
Refinement result: 105486 bricks (0.007 s)
Collecting and processing rays...OK (0.189 s)
Capturing...OK (0.018 s)
Refining by triangulation takes 0.269 s
-----------------------------------------------------------------------

-----------------------------------------------------------------------
Refining peculiar surfaces...
0 surfaces refined
Refining peculiar surfaces takes 0 s
-----------------------------------------------------------------------
Collecting and processing rays...OK (0.003 s)
Capturing...OK (0.001 s)
Collecting and processing rays...OK (0.002 s)
Capturing...OK (0.000 s)
Collecting and processing rays...OK (0.003 s)
Capturing...OK (0.001 s)

-----------------------------------------------------------------------
Base mesh 1 Refining...
Refinement input: 105486 bricks
Refinement result: 105486 bricks (0.002 s)
Collecting and processing rays...OK (0.001 s)
Capturing...OK (0.000 s)
-----------------------------------------------------------------------
Refining channels...
FYI: CNarrowChannelRefiner::RefineChannels_PRLL
FYI: m_iteration_count = 0
FYI: level1 statistics:
     level1_cnt_plus[1]=0;		level1_cnt_minus[1]=0
     level1_cnt_plus[2]=0;		level1_cnt_minus[2]=0
     level1_cnt_plus[3]=0;		level1_cnt_minus[3]=0
     level1_cnt_plus[4]=0;		level1_cnt_minus[4]=0
     level1_cnt_plus[5]=0;		level1_cnt_minus[5]=0
     level1_cnt_plus[6]=0;		level1_cnt_minus[6]=0
     level1_cnt_plus[7]=0;		level1_cnt_minus[7]=0
     level1_cnt_plus[8]=0;		level1_cnt_minus[8]=0
     level1_cnt_plus[9]=0;		level1_cnt_minus[9]=0
FYI: level1 statistics:
     level1_cnt_plus[1]=0;		level1_cnt_minus[1]=0
     level1_cnt_plus[2]=0;		level1_cnt_minus[2]=0
     level1_cnt_plus[3]=0;		level1_cnt_minus[3]=0
     level1_cnt_plus[4]=0;		level1_cnt_minus[4]=0
     level1_cnt_plus[5]=0;		level1_cnt_minus[5]=0
     level1_cnt_plus[6]=0;		level1_cnt_minus[6]=0
     level1_cnt_plus[7]=0;		level1_cnt_minus[7]=0
     level1_cnt_plus[8]=0;		level1_cnt_minus[8]=0
     level1_cnt_plus[9]=0;		level1_cnt_minus[9]=0

-----------------------------------------------------------------------
U-shapes refinement...
Refinement input: 105486 bricks
Refinement result: 105486 bricks (0.027 s)
Collecting and processing rays...OK (0.002 s)
Capturing...OK (0.000 s)
-----------------------------------------------------------------------

-----------------------------------------------------------------------
Equi Distant Refiner:
Equi Distant Refiner takes 0.00 s
-----------------------------------------------------------------------
Building geometry takes 0.467 s
Geometry Fluid.0.
Total		105486
Partial	1710
Fluid		102868
Solid		908
Bad		0

/-Ray Intersection---------------/ Time	0.253 s
Calls			7976
CorrectRay Calls	0



-----------------------------------------------------------------------
Building geometries takes 0.479 s
-----------------------------------------------------------------------

-----------------------------------------------------------------------
PostBuilding geometries:
-----------------------------------------------------------------------
PostBuilding body-set (0) geometry Fluid.0. (0)...
Collecting and processing rays...OK (0.002 s)
Capturing...OK (0.001 s)
PostBuilding geometry takes 0.006 s
Geometry Fluid.0.
Total		105486
Partial	1710
Fluid		102868
Solid		908
Bad		0

-----------------------------------------------------------------------
PostBuilding geometries takes 0.018 s
-----------------------------------------------------------------------
Defect ray count	0
FYI: CNarrowChannelRefiner::RedistributeLevel1_step_1: is finished
FYI: level1 statistics:
     level1_cnt_plus[1]=0;		level1_cnt_minus[1]=0
     level1_cnt_plus[2]=0;		level1_cnt_minus[2]=0
     level1_cnt_plus[3]=0;		level1_cnt_minus[3]=0
     level1_cnt_plus[4]=0;		level1_cnt_minus[4]=0
     level1_cnt_plus[5]=0;		level1_cnt_minus[5]=0
     level1_cnt_plus[6]=0;		level1_cnt_minus[6]=0
     level1_cnt_plus[7]=0;		level1_cnt_minus[7]=0
     level1_cnt_plus[8]=0;		level1_cnt_minus[8]=0
     level1_cnt_plus[9]=0;		level1_cnt_minus[9]=0
FYI: CNarrowChannelRefiner::RedistributeLevel1_step_2: is started
FYI: CNarrowChannelRefiner::RedistributeLevel1_step_2: is finished
FYI: level1 statistics:
     level1_cnt_plus[1]=0;		level1_cnt_minus[1]=0
     level1_cnt_plus[2]=0;		level1_cnt_minus[2]=0
     level1_cnt_plus[3]=0;		level1_cnt_minus[3]=0
     level1_cnt_plus[4]=0;		level1_cnt_minus[4]=0
     level1_cnt_plus[5]=0;		level1_cnt_minus[5]=0
     level1_cnt_plus[6]=0;		level1_cnt_minus[6]=0
     level1_cnt_plus[7]=0;		level1_cnt_minus[7]=0
     level1_cnt_plus[8]=0;		level1_cnt_minus[8]=0
     level1_cnt_plus[9]=0;		level1_cnt_minus[9]=0
FYI: CNarrowChannelRefiner::RedistributeLevel1_step_3: is started
FYI: CNarrowChannelRefiner::RedistributeLevel1_step_3: is finished
RedistributeLevel1 takes:
FYI: level1 statistics:
     level1_cnt_plus[1]=0;		level1_cnt_minus[1]=0
     level1_cnt_plus[2]=0;		level1_cnt_minus[2]=0
     level1_cnt_plus[3]=0;		level1_cnt_minus[3]=0
     level1_cnt_plus[4]=0;		level1_cnt_minus[4]=0
     level1_cnt_plus[5]=0;		level1_cnt_minus[5]=0
     level1_cnt_plus[6]=0;		level1_cnt_minus[6]=0
     level1_cnt_plus[7]=0;		level1_cnt_minus[7]=0
     level1_cnt_plus[8]=0;		level1_cnt_minus[8]=0
     level1_cnt_plus[9]=0;		level1_cnt_minus[9]=0
-----------------------------------------------------------------------
MSH format builder (Iteration 0)
-----------------------------------------------------------------------
Memory Working Set Current = 56.62 Mb, Memory Working Set Peak = 63.01 Mb
Process Threads Number: 29
-----------------------------------------------------------------------
Loading geometries triangulation & x-stacks...OK
x-stacks size = 0.14 Mb
Total bricks count: 105486
-----------------------------------------------------------------------
MSH (Real Geometry) format constructor:
	Getting brick sets...OK (0.011 s)
	Min x-stack xeps = 0.000329187
	D / dh / eps [axis=0] = (1.28905, 0.0150389, 1.50389e-05)
	D / dh / eps [axis=1] = (4.15013, 0.0181158, 1.81158e-05)
	D / dh / eps [axis=2] = (1.28905, 0.0150389, 1.50389e-05)
	Time (xeps): 0.002 s
Level 1
	Set (0)  size: 8
	Set (0)  time: 0.044 s
	Set (1)  size: 8
	Set (1)  time: 0.032 s
Level 0
	Set (0)  size: 52735
	Set (0)  time: 0.075 s
	Set (1)  size: 52735
	Set (1)  time: 0.066 s
Result:
	Bricks number:                        105486

	Memory usage:                         1.641 MB
	Memory usage (per brick):             0.016 KB
	Construction time:                    0.244 s

	Topology features:
	------------------
	- High quality bricks                 100.00 % (105486)
	- Medium quality bricks                 0.00 % (0)
	- Bad quality bricks                    0.00 % (0)
	- Ribs corrected bricks                 0.00 % (0)
	- Points with geom-info (bricks)        0.00 % (0)
	- Points with closest-info (bricks)     0.00 % (0)
	- Triangulated by center (bricks)       0.00 % (1)
	- Facet w-faces mergings (bricks)       0.00 % (0)
	- To refine (bricks)                    0.00 % (0)

-----------------------------------------------------------------------
Memory Working Set Current = 84.11 Mb, Memory Working Set Peak = 84.11 Mb
Process Threads Number: 29
-----------------------------------------------------------------------
-----------------------------------------------------------------------
-----------------------------------------------------------------------
MSH --> BCF format (Iteration 0)...
BCF collector...(remove mode=0)
	Time (alloc counter per brick): 0.007 s
	Brick    count: 105486
	Av.f all count: 104578
	Av.s all count: 2618
	Av.f pid count: 1710
	Av.s pid count: 1710
	Faces fs count: 2498
	Faces ff count: 0
	Faces ss count: 0
	Faces bb count: 0
	Faces fe count: 15232
	Faces se count: 0
	Faces fw count: 17730
	Faces af count: 305433
	Faces as count: 6844
	Time (all count): 	0.017 s
	Time (bcf alloc): 	0.004 s
	Time (shifts alloc): 	0.014 s
	Time (shifts init): 	0.014 s
	Time (bcf fill): 	0.034 s
	Time (add av to faces): 0.001 s
	Time (add faces to av): 0.017 s
Time (bcf collect): 		0.125 s
	AV checker...
	Time (check av): 	0.079 s
	Subdomain checker...
		Subdomains construction time: 0.019 s.
		Subdomains sort time: 0.000 s.
			Subdomain 0 (geom_ind=0): 104578 av
			Subdomain 1 (geom_ind=1): 2618 av
		gi: 0, subdomains: 1, real bodies: 1
		gi: 1, subdomains: 1, real bodies: 0
		Defect subdomains: 0
	Time (check subdoms): 	0.022 s
Time (bcf iteration total): 	0.230 s
	Time (fw-nb): 		0.002 s
	Fixed mutual fw-nb:     1461 (bb: 0)
	Time (fw-nb mutual): 	0.004 s
	Time (fw-nb sort): 	0.001 s
	Fw-opt BEFORE total:    17730 (fs=2498, ff=0, ss=0)
	Fw-opt AFTER  total:    17214 (fs=1982, ff=0, ss=0, failed fw/br=0/0, big_curv=5, big_poly=0)
	Fw-opt RESULT:          516 (res/(fs+ff+ss) = 20.66 %)
	Time (fw-opt): 		0.005 s
	Time (fw-re-order): 	0.006 s
	Time (fw-nb): 		0.012 s
	Fixed mutual fw-nb:     34415 (bb: 0)
	Time (fw-nb mutual): 	0.008 s
	Time (fw-nb sort): 	0.002 s
	Time (rfd fix): 	0.000 s
	Time (av convexity): 	0.001 s
	Time (av small volume): 0.001 s
	Time (diagonal fw-nb): 	0.046 s
	Fixed mutual fw-nb:     0 (bb: 0)
	Time (fw-nb mutual): 	0.005 s
	Time (fw-nb sort): 	0.000 s
	Fluid subdomains: 1
	Faces fw-nb diff sd:    0
	Time (fw-nb diff sd): 	0.024 s
Time (bcf calc): 		0.150 s
-----------------------------------------------------------------------
Time (bcf total): 		0.379 s
-----------------------------------------------------------------------
-----------------------------------------------------------------------
Mega-cv constructor for fluid...
	 0 av's is treated as thin
Relative size generator (threshold = 0.05)...
	Iteration 1 (small cluster count = 8)
	Iteration 2 (small cluster count = 1)
	Iteration 3 (small cluster count = 0)
	 8 mega-cv's generated
	 0 mega-cv's removed
Relative size generator is completed OK (0.012 s)
Apply fa-rules to mega-cv clusters fixes...
OK (0.001 s)
Convert clusters:
	 8 mega-cv's total
Mega-cv count: 8
Time (mega-cv fill): 	0.000 s
Time (mega-cv total): 	0.058 s
-----------------------------------------------------------------------
Mixing plane rotation regions: NO.
Sliding mesh rotation regions: NO.
Fluid/fluid faces: NO.
----------------------------------------------------------
BCF --> BCF.GEOMSUBDOM (bridge arrays):
MESH (0):
	Fluid Subdom Constructor: 1 subdom(s).
	Solid Subdom Constructor: 1 subdom(s).
	Net Asm Subdom Constructor: 0 subdom(s).
	GEOMSUBDOM (0): gi=0 fluid av=104578 cv=104570 fa=305433 fb=0 fw=17214 V=6.840462e+00
	Cache data...OK
	GEOMSUBDOM (1): gi=1 solid av=2618 cv=2618 fa=6844 fb=0 fw=1982 V=5.560139e-02
	Cache data...OK
	Setting nb of w-faces...OK (0.010 s).
	Correcting nb of w-faces...
	Time(correct_fw_nb)=0.009 s

MESH (0) checking:
	GEOMSUBDOM (0):fa_s=495.9092501140609102 fb_s=0.0000000000000000 fw_s=26.0050433030905417 fw_nb=137768
	              :d_const(72332)=2.5767e-15 d_linear(79558)=5.11495e-14
	GEOMSUBDOM (1):fa_s=5.2681688564650395 fb_s=0.0000000000000000 fw_s=1.2828428209264278 fw_nb=15936
	              :d_const(1942)=2.11893e-15 d_linear(2547)=2.66845e-10
MESH (0) checking: OK.
Time (MDS): 	0.306 s
----------------------------------------------------------

-----------------------------------------------------------------------
BCF CHECKSUM DATA (Mesh 0):

BRICK |Level1| Sum:               0
FACE_A Area Sum:   G.Fluid        495.9092501140605691
FACE_A Area Sum:   G.Solid        5.2681688564650404
FACE_W Area Sum:                  26.0050433030905452
FACE_W Nb   Sum:                  137768
FACE_W min curvatures sum:        204.87993407
FACE_W max curvatures sum:        88123.57147312
AV Max Disbalance(Const) :        2.5767e-15 (cid=51826, t={36, 148, 30}, avid=51416, pid=796)
AV Max Disbalance(Linear):        2.66845e-10 (cid=55643, t={31, 180, 33}, avid=106370, pid=1106)
-----------------------------------------------------------------------


-----------------------------------------------------------------------
MESHER TOPOLOGY DATA:

BRICKS: Total                 105486
BRICKS: 1-CV                  103776
BRICKS: 2-CV                  1710
BRICKS: Bad                   0

AV:     G.Total               107196
AV:     G.Fluid               104578
AV:     G.Solid               2618

AV:     G.Fluid Thin Profile    0.00 % (0)
AV:     G.Solid Thin Profile    0.00 % (0)

AV:     G.Fluid Thin For Mega   0.00 % (0)
AV:     G.Solid Thin For Mega   0.00 % (0)

AV:     G.Fluid Non-Convex      0.26 % (272)
AV:     G.Solid Non-Convex      6.57 % (172)

AV:     G.Fluid Non-Ess-Convex      0.13 % (132)
AV:     G.Solid Non-Ess-Convex      2.64 % (69)

FACE_A: G.Fluid          (af) 305433 (partially opened 3420)
FACE_A: G.Solid          (as) 6844 (partially opened 3420)

FACE_B: G.Total          (b)  0

FACE_W: G.Total                 17214       Brick/Bound
FACE_W: G.Fluid/Solid    (fs_g) 1982        0           
FACE_W: G.Fluid/Fluid    (ff_g) 0           0           
FACE_W: G.Solid/Solid    (ss_g) 0           0           
FACE_W: G.Fluid/External (fe_g) 15232
FACE_W: G.Solid/External (se_g) 0

AV/CV max fa count (on brick side):4
AV/CV max fw count:                4
AV/CV max fb count:                0
AV/CV max fw poly count:           7

MEMORY: Total                   32.144 MB
MEMORY: Per Brick               0.312 KB
-----------------------------------------------------------------------

-----------------------------------------------------------------------
Connectivities information:
	Number of conns: 0
-----------------------------------------------------------------------
	Time (gap size): 	0.013 s
-----------------------------------------------------------------------
Calculating curvature and tolerance criteria...
Curvature: min=0 max=2.33255
Tolerance: min=0 max=0.0200969
Calculating curvature and tolerance criteria takes 0.178 s
-----------------------------------------------------------------------
MESH Build(FS) finished. Time=2.025 s
-----------------------------------------------------------------------
Current CPU = 2 sec

Nx=32
Ny=103
Nz=32
Max BRICK Level=1
Mesh Level=1
-----------------CModelBodies2MeshMapper::CollectData started -------------------------------
-----------------CModelBodies2MeshMapper Report -------------------------------
FluidDomains 1 SolidDomains 1 VoidDomains 0 
Domains RefIndexes
Domain 0, Index count 11
Domain 1, Index count 11
----------------- -------------------------------
	ModelBodies
Total resolved Bodies 0 BodySets 0

--------------------------------------------------------------------------
	Positive geometry Bodies
Total resolved Bodies 1 BodySets 1
BodySet 0
	Bodies list:
			#0	Name: ;	ID: 9db98ab2-01de-4de2-8116-d286544412c4
	Domains list:		 0 

--------------------------------------------------------------------------
	Fluid regions
Total resolved Bodies 1 BodySets 1
BodySet 0	Material: Air; 
	Bodies list:
			#0	Name: ;	ID: 9db98ab2-01de-4de2-8116-d286544412c4
	Domains list:		 0 

--------------------------------------------------------------------------
-----------------CModelBodies2MeshMapper::CollectData finished successfully-------------------
Saving initial mesh in: C:\Users\grace\OneDrive\Desktop\SEDS GitHub\Engineering\2020-2021\UNAMED_Rocket2021\Frame\SIMULATIONS\Active Frame V2\SIMULATIONS\5\5.fld .
Storing results...
Estimated CPT size=11.832 MB.
	Time (write bcf): 0.414 s
OK
-----------------------------------------------------------------------
Memory Working Set Current = 148.51 Mb, Memory Working Set Peak = 148.52 Mb
Process Threads Number: 29
-----------------------------------------------------------------------
Cleaning memory...
		Time (free xsl):                    	0.000 s
Free Geometry DB takes 0.000 s
	Time (free bcf): 	0.023 s
		Time (free bcf mesh):               	0.066 s
	Time (free mesher data):              	0.071 s
Copying... OK
Mesh generation normally finished at	18.12.2020	10:34:41
Mesher CPU = 3 sec
Mesher is finished at	18.12.2020	10:34:41
-----------------------------------------------------------------------
Memory Working Set Current = 39.81 Mb, Memory Working Set Peak = 149.16 Mb
Process Threads Number: 29
-----------------------------------------------------------------------
Algebra Pool      : mem_usage = 2.94 Mb, allocated count = 0
Log ended at 18.12.2020	10:34:41
