Log started at 5.12.2019	16:30:41
Number of used processors (NPROC): 8.
Number of mesh partitions (NPART): 8.
Total Physical Memory = 15.90 Gb, Available Physical Memory = 9.28 Gb
Computer name:	S172-3
Operating system:	Windows 10 (or higher) (Version 10.0.18362)

SOLIDWORKS 2018 SP4.0
Flow Simulation 2018  x64 / 4264 / MESHER ver. efd_17_2.4218_16.04.2018 

Project: C:\Users\Student\Desktop\UNHSEDS\Engineering\2019-2020\USURPER_HybridRocket\Frame\SOLIDWORKS\Parts\Frame V3\Nose Cone\2\2.xmlconfig

Mesh generation started:	5.12.2019	16:30:41
Current CPU = 0 sec
-----------------------------------------------------------------------
Geometries initialization:

Geometry database loading ...OK
-----------------------------------------------------------------------
Loading mesh settings (global/local)...
-----------------------------------------------------------------------
Number of geometries: 1
Geometry(0):
	Fluid..
	1 Body.
	1 Real body.
	Tolerance=0.00155563.
	2 Face(s).
		2 of b-spline type.
	20678 Triangle(s).
	0 Face(s) that have no ref faces
	1 Plane surface(s).
	1 Torus surface(s).
	1 Edge(s).
		1 of b-spline type.
	Geometry reading: 0.018 s.
	2 Reference Face(s).
	20678 Reference Triangles.
	GeometryRef reading: 0.011 s.
Last Geometry:
	Solid.
	Making hash and connectivity for geometry 0...
		CBodyGeom:
		Hash size: {32, 176, 32}.
		Mesh size: {32, 44, 32}.
		Hashing triangles...Ok.
			axis(0) tr sizes: average=30 max=329
			axis(1) tr sizes: average=52 max=557
			axis(2) tr sizes: average=30 max=328
		Making triangles connectivity...Ok. (0.021 s).
		Neighbour triangles: 100.00 % (good connect) - 0.00 % (bad connect). Min: 3. Max: 3.
		Done.
		Number of t-connected sets:1
			(0) size=20678
		Done.
		CBodyGeomRef:
		Hashing triangles...Ok.
			axis(0) tr sizes: average=50 max=358
			axis(1) tr sizes: average=49 max=553
			axis(2) tr sizes: average=50 max=356
		Making triangles connectivity...Ok. (0.027 s).
		Neighbour triangles: Min: 2. Max: 3.
		Done.
		Done.
	0.069 s.
Geometries reading and preparing has taken 0.107 s.

Mapped triangles:
Hashing geometries triangles
	Triangles num=20678
	Triangles box={-3.4999  ,3.4999  ,0  ,12  ,-3.5  ,3.49961  }
		3d-hash size is 293348 bytes
		Making triangles connectivity...Ok. (0.023 s).
		Neighbour triangles: 100.00 % (good connect) - 0.00 % (bad connect). Min: 3. Max: 3.
Hashing peculiar surfaces triangles
Mapped triangles processed in 0.054 s.
-----------------------------------------------------------------------
Getting sectors:
Number of sectors: 0
-----------------------------------------------------------------------
-----------------------------------------------------------------------

Current CPU = 0 sec

-----------------------------------------------------------------------
Mesh dimensions:
				I[0 ]=32
				I[1 ]=44
				I[2 ]=32

Comp. domain size:
				a[0  ]=-24.5
				a[1  ]=24.5
				a[2  ]=-35
				a[3  ]=33
				a[4  ]=-24.5
				a[5  ]=24.5

Fluid calculated			1
Solid calculated			0
-----------------------------------------------------------------------
MESH: distribute base bricks among sub-meshes...
	Base bricks count               45056
	Sub-meshes  count               8
	Base bricks count per sub-mesh  5632 (+0)
	Sub-mesh 0: 5632 base brick(s), range [0, 31]-[0, 5]-[0, 31]
	Sub-mesh 1: 5632 base brick(s), range [0, 31]-[5, 10]-[0, 31]
	Sub-mesh 2: 5632 base brick(s), range [0, 31]-[11, 16]-[0, 31]
	Sub-mesh 3: 5632 base brick(s), range [0, 31]-[16, 21]-[0, 31]
	Sub-mesh 4: 5632 base brick(s), range [0, 31]-[22, 27]-[0, 31]
	Sub-mesh 5: 5632 base brick(s), range [0, 31]-[27, 32]-[0, 31]
	Sub-mesh 6: 5632 base brick(s), range [0, 31]-[33, 38]-[0, 31]
	Sub-mesh 7: 5632 base brick(s), range [0, 31]-[38, 43]-[0, 31]
-----------------------------------------------------------------------
-----------------------------------------------------------------------
MESH: collecting ghosts in sub-meshes...
	Sub-mesh 0:
		Total  brick(s) 6656
		Native brick(s) 5632
		Inner  brick(s) 4608
		Outer  brick(s) 1024
		Ghost  brick(s) 1024
	Sub-mesh 1:
		Total  brick(s) 7680
		Native brick(s) 5632
		Inner  brick(s) 3584
		Outer  brick(s) 2048
		Ghost  brick(s) 2048
	Sub-mesh 2:
		Total  brick(s) 7680
		Native brick(s) 5632
		Inner  brick(s) 3584
		Outer  brick(s) 2048
		Ghost  brick(s) 2048
	Sub-mesh 3:
		Total  brick(s) 7680
		Native brick(s) 5632
		Inner  brick(s) 3584
		Outer  brick(s) 2048
		Ghost  brick(s) 2048
	Sub-mesh 4:
		Total  brick(s) 7680
		Native brick(s) 5632
		Inner  brick(s) 3584
		Outer  brick(s) 2048
		Ghost  brick(s) 2048
	Sub-mesh 5:
		Total  brick(s) 7680
		Native brick(s) 5632
		Inner  brick(s) 3584
		Outer  brick(s) 2048
		Ghost  brick(s) 2048
	Sub-mesh 6:
		Total  brick(s) 7680
		Native brick(s) 5632
		Inner  brick(s) 3584
		Outer  brick(s) 2048
		Ghost  brick(s) 2048
	Sub-mesh 7:
		Total  brick(s) 6656
		Native brick(s) 5632
		Inner  brick(s) 4608
		Outer  brick(s) 1024
		Ghost  brick(s) 1024
	Total brick(s) 45056
-----------------------------------------------------------------------
Setting regions...OK (0.004 s)
Base mesh info------------------
	2D flag  =0
	Period   =[0, 0, 0]
	Nx=32
		x[0]=-24.5
		x[1]=-22.3531
		x[2]=-20.3108
		x[3]=-18.3676
		x[4]=-16.5185
		x[5]=-14.759
		x[6]=-13.0848
		x[7]=-11.4917
		x[8]=-9.97581
		x[9]=-8.53338
		x[10]=-7.16086
		x[11]=-5.85485
		x[12]=-4.61213
		x[13]=-3.42963
		x[14]=-2.28631
		x[15]=-1.14297
		x[16]=0.000359076
		x[17]=1.14369
		x[18]=2.28703
		x[19]=3.43036
		x[20]=4.61278
		x[21]=5.85544
		x[22]=7.1614
		x[23]=8.5339
		x[24]=9.97631
		x[25]=11.4922
		x[26]=13.0853
		x[27]=14.7596
		x[28]=16.5192
		x[29]=18.3684
		x[30]=20.3118
		x[31]=22.3542
		x[32]=24.5
	Ny=44
		y[0]=-35
		y[1]=-32.7472
		y[2]=-30.6015
		y[3]=-28.5571
		y[4]=-26.6094
		y[5]=-24.7536
		y[6]=-22.9856
		y[7]=-21.301
		y[8]=-19.6961
		y[9]=-18.167
		y[10]=-16.7101
		y[11]=-15.3221
		y[12]=-13.9996
		y[13]=-12.6663
		y[14]=-11.333
		y[15]=-9.99964
		y[16]=-8.6663
		y[17]=-7.33297
		y[18]=-5.99964
		y[19]=-4.6663
		y[20]=-3.33297
		y[21]=-1.99964
		y[22]=-0.666304
		y[23]=0.667029
		y[24]=2.00036
		y[25]=3.3337
		y[26]=4.66703
		y[27]=6.00036
		y[28]=7.23367
		y[29]=8.467
		y[30]=9.70034
		y[31]=10.9337
		y[32]=12.167
		y[33]=13.4003
		y[34]=14.7689
		y[35]=16.2079
		y[36]=17.7211
		y[37]=19.3124
		y[38]=20.9857
		y[39]=22.7452
		y[40]=24.5954
		y[41]=26.541
		y[42]=28.5869
		y[43]=30.7383
		y[44]=33
	Nz=32
		z[0]=-24.5
		z[1]=-22.3532
		z[2]=-20.311
		z[3]=-18.3677
		z[4]=-16.5186
		z[5]=-14.7591
		z[6]=-13.0849
		z[7]=-11.4918
		z[8]=-9.97593
		z[9]=-8.5335
		z[10]=-7.16097
		z[11]=-5.85496
		z[12]=-4.61223
		z[13]=-3.42973
		z[14]=-2.2864
		z[15]=-1.14307
		z[16]=0.000263202
		z[17]=1.1436
		z[18]=2.28693
		z[19]=3.43026
		z[20]=4.61268
		z[21]=5.85533
		z[22]=7.16129
		z[23]=8.53378
		z[24]=9.97619
		z[25]=11.4921
		z[26]=13.0852
		z[27]=14.7595
		z[28]=16.519
		z[29]=18.3682
		z[30]=20.3116
		z[31]=22.354
		z[32]=24.5
End of base mesh info---------
Input_mesh_settings--------------------------------
Settings 0----------------
	Scope: GLOBAL
	Type:	------MESHER_SETTINGS----------
	RefAllCells           =0
	RefFluidCells         =0
	RefPartCells          =0
	RefSolidCells         =0
	l_SSFR(Capture crit)  =1
	l_curv(Curvature crit)=0
	l_tol(Tolerance crit) =0
	UseChannelRef         =1
	  NCR_method          =0
	  l_NCR               =1
	  N_gap               =5
	  Use d_NCR_min       =0
	  Use d_NCR_max       =0
	IgnoreThinChannelsHeight         =0
	--END_OF_MESHER_SETTINGS-------
End of input mesh settings-------------------------

-----------------------------------------------------------------------
Building geometries:
Building geometry Fluid.0.(0)...

-----------------------------------------------------------------------
Refining by triangulation...
Refinement input: 45056 bricks
Refinement result: 45056 bricks (0.073 s)
Refinement input: 45056 bricks
Refinement result: 45056 bricks (0.004 s)
Collecting and processing rays...OK (0.041 s)
Capturing...OK (0.008 s)
Refining by triangulation takes 0.127 s
-----------------------------------------------------------------------

-----------------------------------------------------------------------
Refining peculiar surfaces...
0 surfaces refined
Refining peculiar surfaces takes 0 s
-----------------------------------------------------------------------
Collecting and processing rays...OK (0.002 s)
Capturing...OK (0.001 s)
Collecting and processing rays...OK (0.002 s)
Capturing...OK (0.001 s)
Collecting and processing rays...OK (0.002 s)
Capturing...OK (0.001 s)

-----------------------------------------------------------------------
Base mesh 1 Refining...
Refinement input: 45056 bricks
Refinement result: 45056 bricks (0.004 s)
Collecting and processing rays...OK (0.002 s)
Capturing...OK (0.001 s)
-----------------------------------------------------------------------
Refining channels...
FYI: CNarrowChannelRefiner::RefineChannels_PRLL: m_submesh_count=8
FYI: m_iteration_count = 0
FYI: level1 statistics:
     level1_cnt_plus[1]=0;		level1_cnt_minus[1]=0
     level1_cnt_plus[2]=0;		level1_cnt_minus[2]=0
     level1_cnt_plus[3]=0;		level1_cnt_minus[3]=0
     level1_cnt_plus[4]=0;		level1_cnt_minus[4]=0
     level1_cnt_plus[5]=0;		level1_cnt_minus[5]=0
     level1_cnt_plus[6]=0;		level1_cnt_minus[6]=0
     level1_cnt_plus[7]=0;		level1_cnt_minus[7]=0
     level1_cnt_plus[8]=0;		level1_cnt_minus[8]=0
     level1_cnt_plus[9]=0;		level1_cnt_minus[9]=0
FYI: level1 statistics:
     level1_cnt_plus[1]=0;		level1_cnt_minus[1]=0
     level1_cnt_plus[2]=0;		level1_cnt_minus[2]=0
     level1_cnt_plus[3]=0;		level1_cnt_minus[3]=0
     level1_cnt_plus[4]=0;		level1_cnt_minus[4]=0
     level1_cnt_plus[5]=0;		level1_cnt_minus[5]=0
     level1_cnt_plus[6]=0;		level1_cnt_minus[6]=0
     level1_cnt_plus[7]=0;		level1_cnt_minus[7]=0
     level1_cnt_plus[8]=0;		level1_cnt_minus[8]=0
     level1_cnt_plus[9]=0;		level1_cnt_minus[9]=0
	CNarrowChannelRefiner::ChannelsResolution            function_total                0      = 0.0598268 sec

-----------------------------------------------------------------------
U-shapes refinement...
Refinement input: 45056 bricks
Refinement result: 45056 bricks (0.008 s)
Collecting and processing rays...OK (0.002 s)
Capturing...OK (0.001 s)
-----------------------------------------------------------------------

-----------------------------------------------------------------------
Equi Distant Refiner:
Equi Distant Refiner takes 0.00 s
-----------------------------------------------------------------------
Building geometry takes 0.22 s
Geometry Fluid.0.
Total		45056
Partial	216
Fluid		44776
Solid		64
Bad		0

/-Ray Intersection---------------/ Time	0.063 s
Calls			4059
CorrectRay Calls	0


Building geometries takes 0.221 s
-----------------------------------------------------------------------

-----------------------------------------------------------------------
PostBuilding geometries:
PostBuilding geometries takes 0.002 s
-----------------------------------------------------------------------
Defect ray count	0
FYI: CNarrowChannelRefiner::RedistributeLevel1_step_1: is finished
FYI: level1 statistics:
     level1_cnt_plus[1]=0;		level1_cnt_minus[1]=0
     level1_cnt_plus[2]=0;		level1_cnt_minus[2]=0
     level1_cnt_plus[3]=0;		level1_cnt_minus[3]=0
     level1_cnt_plus[4]=0;		level1_cnt_minus[4]=0
     level1_cnt_plus[5]=0;		level1_cnt_minus[5]=0
     level1_cnt_plus[6]=0;		level1_cnt_minus[6]=0
     level1_cnt_plus[7]=0;		level1_cnt_minus[7]=0
     level1_cnt_plus[8]=0;		level1_cnt_minus[8]=0
     level1_cnt_plus[9]=0;		level1_cnt_minus[9]=0
FYI: CNarrowChannelRefiner::RedistributeLevel1_step_2: is started
FYI: CNarrowChannelRefiner::RedistributeLevel1_step_2: is finished
FYI: level1 statistics:
     level1_cnt_plus[1]=0;		level1_cnt_minus[1]=0
     level1_cnt_plus[2]=0;		level1_cnt_minus[2]=0
     level1_cnt_plus[3]=0;		level1_cnt_minus[3]=0
     level1_cnt_plus[4]=0;		level1_cnt_minus[4]=0
     level1_cnt_plus[5]=0;		level1_cnt_minus[5]=0
     level1_cnt_plus[6]=0;		level1_cnt_minus[6]=0
     level1_cnt_plus[7]=0;		level1_cnt_minus[7]=0
     level1_cnt_plus[8]=0;		level1_cnt_minus[8]=0
     level1_cnt_plus[9]=0;		level1_cnt_minus[9]=0
FYI: CNarrowChannelRefiner::RedistributeLevel1_step_3: is started
FYI: CNarrowChannelRefiner::RedistributeLevel1_step_3: is finished
RedistributeLevel1 takes:
	CNarrowChannelRefiner::RedistributeLevel1            function_total                0      = 0.0736296 sec
FYI: level1 statistics:
     level1_cnt_plus[1]=0;		level1_cnt_minus[1]=0
     level1_cnt_plus[2]=0;		level1_cnt_minus[2]=0
     level1_cnt_plus[3]=0;		level1_cnt_minus[3]=0
     level1_cnt_plus[4]=0;		level1_cnt_minus[4]=0
     level1_cnt_plus[5]=0;		level1_cnt_minus[5]=0
     level1_cnt_plus[6]=0;		level1_cnt_minus[6]=0
     level1_cnt_plus[7]=0;		level1_cnt_minus[7]=0
     level1_cnt_plus[8]=0;		level1_cnt_minus[8]=0
     level1_cnt_plus[9]=0;		level1_cnt_minus[9]=0
-----------------------------------------------------------------------
BCF-Builder Iteration: 0
Memory Working Set Current = 52.57 Mb, Memory Working Set Peak = 55.49 Mb
Process Threads Number: 21
Loading geometries triangulation & x-stacks...OK
x-stacks size = 0.06 Mb
	Sub-mesh 0:
		Total  brick(s) 6656
		Native brick(s) 5632
		Inner  brick(s) 4608
		Outer  brick(s) 1024
		Ghost  brick(s) 1024
	Sub-mesh 1:
		Total  brick(s) 7680
		Native brick(s) 5632
		Inner  brick(s) 3584
		Outer  brick(s) 2048
		Ghost  brick(s) 2048
	Sub-mesh 2:
		Total  brick(s) 7680
		Native brick(s) 5632
		Inner  brick(s) 3584
		Outer  brick(s) 2048
		Ghost  brick(s) 2048
	Sub-mesh 3:
		Total  brick(s) 7680
		Native brick(s) 5632
		Inner  brick(s) 3584
		Outer  brick(s) 2048
		Ghost  brick(s) 2048
	Sub-mesh 4:
		Total  brick(s) 7680
		Native brick(s) 5632
		Inner  brick(s) 3584
		Outer  brick(s) 2048
		Ghost  brick(s) 2048
	Sub-mesh 5:
		Total  brick(s) 7680
		Native brick(s) 5632
		Inner  brick(s) 3584
		Outer  brick(s) 2048
		Ghost  brick(s) 2048
	Sub-mesh 6:
		Total  brick(s) 7680
		Native brick(s) 5632
		Inner  brick(s) 3584
		Outer  brick(s) 2048
		Ghost  brick(s) 2048
	Sub-mesh 7:
		Total  brick(s) 6656
		Native brick(s) 5632
		Inner  brick(s) 4608
		Outer  brick(s) 1024
		Ghost  brick(s) 1024
	Total brick(s) 45056

-----------------------------------------------------------------------
MSH (Real Geometry) format constructor:
Getting submesh brick sets...OK (0.002 s)
Level 1
	Inner time 0.001 s
	Outer Time 0.001 s
	Level Time 0.002 s
Level 0
	Inner time 0.064 s
	Outer Time 0.045 s
	Level Time 0.109 s

Brick parser time info:
	0.316 s - time_Run
		0.008 s - time_ConstructPoints
			0.003 s - time_ConstructPointsAddFind2
		0.005 s - time_ConstructPointsAndConnectsFromNb
		0.000 s - time_AddRibConnects
		0.011 s - time_ConstructBrickFacets
			0.006 s - time_GetPointsFaceSegments
			0.003 s - time_CalculateQpoints
				0.000 s - time_AddFacetPoint_GetFacesQpoint
					0.000 s - time_GetFacesQpoint_UShaped
						0.000 s - time_GetFacesQpoint2
					0.000 s - time_GetFacesQpoint_AddEdgesToList
					0.000 s - time_Edge_GetClosestPointOn
					0.000 s - time_Edge_NewtonMethod
					0.000 s - time_GetFacesQpoint_ManyFinds
				0.003 s - time_AddFacetPoint_AddQPoint
					0.003 s - time_PointReverseEvaluate
				0.000 s - time_AddFacetPoint_AddFind2
		0.000 s - time_RemoveOddConnects
		0.001 s - time_TestConnectivity
		0.001 s - time_ValidateXeps
		0.002 s - time_ConstructFaceAs
		0.000 s - time_ConstructCvs
		0.000 s - time_ConstructFaceWs
		0.001 s - time_RealGeomAddQPoints
		0.001 s - time_RealGeomAddNewFaces
		0.000 s - time_RealGeomInitOppositeGeomFaceInd
		0.006 s - time_RealGeomApproxCurveFaces
		0.000 s - time_Enum1
		0.000 s - time_Enum2
		0.000 s - time_RealGeomCheckInvalidConnects
		0.181 s - time_RealGeomParameters
			0.024 s - time_CalculateParametersOfCv
			0.157 s - time_CalculateParametersOfFace
				0.003 s - time_CalculateRR
				0.154 s - time_CalculateRefFaceData
				0.000 s - time_CalculateLambdaProjection
			0.000 s - time_SetFacesOrientation
Result:
	Bricks number:                        45056

	Memory usage:                         0.454 MB
	Memory usage (per brick):             0.010 KB
	Construction time:                    0.161 s

	Topology features:
	------------------
	- High quality bricks                 100.00 % (45056)
	- Medium quality bricks                 0.00 % (0)
	- Bad quality bricks                    0.00 % (0)
	- Ribs corrected bricks                 0.00 % (0)
	- Points with geom-info (bricks)        0.00 % (0)
	- Points with closest-info (bricks)     0.00 % (0)
	- Triangulated by center (bricks)       0.00 % (0)
	- Facet w-faces mergings (bricks)       0.00 % (0)
	- To refine (bricks)                    0.00 % (0)

Memory Working Set Current = 56.65 Mb, Memory Working Set Peak = 71.85 Mb
Process Threads Number: 21
-----------------------------------------------------------------------
-----------------------------------------------------------------------
MSH --> BCF format (Iteration 0)...
BCF collector...(remove mode=0)
	(2) Bcf collect time 0.061 s (7680 avs, 0 fws)
	(1) Bcf collect time 0.061 s (7680 avs, 0 fws)
	(0) Bcf collect time 0.061 s (6656 avs, 0 fws)
	(6) Bcf collect time 0.061 s (7680 avs, 0 fws)
	(7) Bcf collect time 0.061 s (6656 avs, 0 fws)
	(3) Bcf collect time 0.064 s (7724 avs, 100 fws)
	(5) Bcf collect time 0.069 s (7770 avs, 176 fws)
	(4) Bcf collect time 0.072 s (7854 avs, 360 fws)
	(6) Remove defect avs time 0.039 s
	(2) Remove defect avs time 0.040 s
	(1) Remove defect avs time 0.040 s
	(4) Remove defect avs time 0.040 s
	(3) Remove defect avs time 0.040 s
	(7) Remove defect avs time 0.040 s
	(5) Remove defect avs time 0.040 s
	(0) Remove defect avs time 0.028 s
Defect subdomain detector...
		1 subdomain(s) of gi=0 (real bodies = 1).
			Subdomain 0: 44992 av
		Get real subdoms time 0.000 s
		Mark defect subdomains by closed av...
		Mark by closed av time 0.004 s
		Mark defect subdomains by real bodies...
		0 defect subdomain(s) of gi=0.
		1 subdomain(s) of gi=1 (real bodies = 0).
			Subdomain 0: 280 av
		Get real subdoms time 0.000 s
		0 defect subdomain(s) of gi=1.
	(0) Remove defect subdoms time 0.014 s
	(6) Remove defect subdoms time 0.014 s
	(3) Remove defect subdoms time 0.014 s
	(7) Remove defect subdoms time 0.014 s
	(2) Remove defect subdoms time 0.014 s
	(1) Remove defect subdoms time 0.014 s
	(4) Remove defect subdoms time 0.014 s
	(5) Remove defect subdoms time 0.014 s
NB-faces collector & conservator...
Sub-mesh 0.
	Conservated total=0 (bb-faces=0)
Sub-mesh 1.
	Conservated total=0 (bb-faces=0)
Sub-mesh 2.
	Conservated total=0 (bb-faces=0)
Sub-mesh 3.
	Conservated total=0 (bb-faces=0)
Sub-mesh 4.
	Conservated total=0 (bb-faces=0)
Sub-mesh 5.
	Conservated total=0 (bb-faces=0)
Sub-mesh 6.
	Conservated total=0 (bb-faces=0)
Sub-mesh 7.
	Conservated total=0 (bb-faces=0)
	(7) Bcf calc time 0.004 s
	(2) Bcf calc time 0.005 s
	(3) Bcf calc time 0.005 s
	(0) Bcf calc time 0.005 s
	(1) Bcf calc time 0.006 s
	(6) Bcf calc time 0.006 s
	(5) Bcf calc time 0.022 s
	(4) Bcf calc time 0.024 s
FACE_W optimizer ...
Sub-mesh 0.
	Before optimization total=2912 (fs=0, ff=0, ss=0)
	After  optimization total=2912 (fs=0, ff=0, ss=0)
Sub-mesh 1.
	Before optimization total=3040 (fs=0, ff=0, ss=0)
	After  optimization total=3040 (fs=0, ff=0, ss=0)
Sub-mesh 2.
	Before optimization total=3040 (fs=0, ff=0, ss=0)
	After  optimization total=3040 (fs=0, ff=0, ss=0)
Sub-mesh 3.
	Before optimization total=3168 (fs=100, ff=0, ss=0)
	After  optimization total=3168 (fs=100, ff=0, ss=0)
Sub-mesh 4.
	Before optimization total=3420 (fs=360, ff=0, ss=0)
	After  optimization total=3290 (fs=230, ff=0, ss=0)
Sub-mesh 5.
	Before optimization total=3238 (fs=176, ff=0, ss=0)
	After  optimization total=3152 (fs=90, ff=0, ss=0)
Sub-mesh 6.
	Before optimization total=3040 (fs=0, ff=0, ss=0)
	After  optimization total=3040 (fs=0, ff=0, ss=0)
Sub-mesh 7.
	Before optimization total=2912 (fs=0, ff=0, ss=0)
	After  optimization total=2912 (fs=0, ff=0, ss=0)
-----------------------------------------------------------------------
-----------------------------------------------------------------------
Merging BCF...
Merging bricks trees...OK (0.04 s)
Merging av data...OK (0.02 s)
Merging a-faces data (fluid)...
	New a-face count   131072
	Bound a-face count 7284 (5.56 %)
Merging a-faces data takes 0.02 s
Merging a-faces data (solid)...
	New a-face count   684
	Bound a-face count 34 (4.97 %)
Merging a-faces data takes 0.00 s
Merging w-faces data...
	New w-face count   7952
	Bound w-face count 0 (0.00 %)
	Need fw-nb         3704 (46.58 %)
Merging w-faces data takes 0.01 s
Merging BCF takes (0.11 s)
-----------------------------------------------------------------------

-----------------------------------------------------------------------
Geometrical diagonal nb-faces collector (cpu_num=8)...
	Time=0.021s.
-----------------------------------------------------------------------
Fluid Subdom Constructor: 1 subdom(s).
	Remove nb-fw from diff subdomains (fs)...
		Diff subdomains cases         0
-----------------------------------------------------------------------
Mega-cv constructor for fluid...
	 0 av's is treated as thin
Relative size generator (threshold = 0.05)...OK
	 0 mega-cv's generated
	 0 mega-cv's removed
Convert clusters:
	 0 mega-cv's total
Mega-cv count: 0
-----------------------------------------------------------------------
Mixing plane rotation regions: NO.
Sliding mesh rotation regions: NO.
Fluid/fluid faces: NO.

-----------------------------------------------------------------------
BCF CHECKSUM DATA (Mesh 0):

FACE_A Area Sum:   G.Fluid        309209.0323967994772829
FACE_A Area Sum:   G.Solid        617.9676032005431807
FACE_W Area Sum:                  18349.9779392544660368
FACE_W Nb   Sum:                  63776
FACE_W min curvatures sum:        10.21492813
FACE_W max curvatures sum:        2611.04461229
AV Max Disbalance: G.Fluid        1.30974e-16 (cid=20529, avid=20519, pid=50)
AV Max Disbalance: G.Solid        1.58621e-16 (cid=23442, avid=45177, pid=133)
-----------------------------------------------------------------------


-----------------------------------------------------------------------
MESHER TOPOLOGY DATA (Mesh 0):

BRICKS: Total                 45056
BRICKS: 1-CV                  44840
BRICKS: 2-CV                  216
BRICKS: Bad                   0

AV:     G.Total               45272
AV:     G.Fluid               44992
AV:     G.Solid               280

AV:     G.Fluid Thin Profile    0.00 % (0)
AV:     G.Solid Thin Profile    0.00 % (0)

AV:     G.Fluid Thin For Mega   0.00 % (0)
AV:     G.Solid Thin For Mega   0.00 % (0)

AV:     G.Fluid Non-Convex      0.27 % (123)
AV:     G.Solid Non-Convex     11.07 % (31)

FACE_A: G.Fluid          (af) 131072 (partially opened 428)
FACE_A: G.Solid          (as) 684 (partially opened 428)

FACE_W: G.Total                 7952        Brick/Bound
FACE_W: G.Fluid/Solid    (fs_g) 272         0           
FACE_W: G.Fluid/Fluid    (ff_g) 0           0           
FACE_W: G.Solid/Solid    (ss_g) 0           0           
FACE_W: G.Fluid/External (fe_g) 7680
FACE_W: G.Solid/External (se_g) 0

AV/CV max fa count (on brick side):1
AV/CV max fw count:                1
AV/CV max fw poly count:           4

MEMORY: Total                   13.994 MB
MEMORY: Per Brick               0.318 KB
-----------------------------------------------------------------------

----------------------------------------------------------
BCF --> BCF.GEOMSUBDOM (bridge arrays) (cpu_num=8):
MESH (0):
	Fluid Subdom Constructor: 1 subdom(s).
	Solid Subdom Constructor: 1 subdom(s).
	Net Asm Subdom Constructor: 0 subdom(s).
	GEOMSUBDOM (0): gi=0 fluid av=44992 cv=44992 fa=131072 fw=7952 V=1.630241e+05
	GEOMSUBDOM (1): gi=1 solid av=280 cv=280 fa=684 fw=272 V=2.438998e+02
	Setting nb of w-faces...OK.

MESH (0) checking:
	GEOMSUBDOM (0):fa_s=309209.0323967995936982 fw_s=18349.9779392544660368 fw_nb=63776
	GEOMSUBDOM (1):fa_s=617.9676032005431807 fw_s=219.9779392544682253 fw_nb=2360
MESH (0) checking: OK.
----------------------------------------------------------
-----------------------------------------------------------------------
Connectivities information:
	Number of conns: 0
-----------------------------------------------------------------------
-----------------------------------------------------------------------
Calculating curvature and tolerance criteria...
Curvature: min=0 max=2.06433
Tolerance: min=0 max=0.5751
Calculating curvature and tolerance criteria takes 0.098 s
-----------------------------------------------------------------------
Current CPU = 1 sec

Nx=32
Ny=44
Nz=32
Max_RL=0
-----------------CModelBodies2MeshMapper::CollectData started -------------------------------
-----------------CModelBodies2MeshMapper Report -------------------------------
FluidDomains 1 SolidDomains 1 VoidDomains 0 
Domains RefIndexes
Domain 0, Index count 2
Domain 1, Index count 2
----------------- -------------------------------
	ModelBodies
Total resolved Bodies 0 BodySets 0

--------------------------------------------------------------------------
	Positive geometry Bodies
Total resolved Bodies 1 BodySets 1
BodySet 0
	Bodies list:
			#0	Name: ;	ID: 4f336a0c-da69-44dd-a96d-aa0c42a50367
	Domains list:		 0 

--------------------------------------------------------------------------
	Fluid regions
Total resolved Bodies 1 BodySets 1
BodySet 0	Material: Air; 
	Bodies list:
			#0	Name: ;	ID: 4f336a0c-da69-44dd-a96d-aa0c42a50367
	Domains list:		 0 

--------------------------------------------------------------------------
-----------------CModelBodies2MeshMapper::CollectData finished successfully-------------------
Saving initial mesh in: C:\Users\Student\Desktop\UNHSEDS\Engineering\2019-2020\USURPER_HybridRocket\Frame\SOLIDWORKS\Parts\Frame V3\Nose Cone\2\2.fld .
Storing results...
Estimated CPT size=5.060 MB.
OK
Memory Working Set Current = 81.96 Mb, Memory Working Set Peak = 89.99 Mb
Process Threads Number: 21
Cleaning memory...
Free Geometry DB takes 0.001 s
Copying... OK

------------------------------------------------------------------------------------------------------------
CPU report:
Function                                             CPU           descriptor                    nproc     
------------------------------------------------------------------------------------------------------------
CCmnMesherData::GetGeometryFromDataBase              0.178 sec   function_total               
CCmnMesherData::GetGeometryFromDataBase              0.029 sec   InitGeometryTriangles        
CCptMesherData::PrepareMappedTriangles               0.054 sec   function_total               
CCmnMesherData::SwapGeometries                       0.000 sec   function_total               
CCptMesherData::PreBuild                             0.011 sec   function_total               
CCptMesherData::SetBrickRegion                       0.004 sec   function_total               
CCptMesherData::Build                                0.224 sec   function_total               
CCptMesherData::BuildGeometry                        0.220 sec   function_total               
CCmnMesherData::ActivateAllCellsParameters           0.005 sec   function_total               
CCptMesherData::RefineByTriangles                    0.128 sec   function_total               
CCmnMesherData::CaptureRefined                       0.062 sec   function_total               
CRayCollector::GetMultiRaysIntersections             0.011 sec   full                         
CRayCollector::CorrectRays2                          0.025 sec   full                         
CRayCollector::CorrectRays2                          0.010 sec   stage_1_collect_undefined_vertices1
CRayCollector::CorrectRays2                          0.007 sec   collect_bad_rays             
CRayCollector::CorrectRays2                          0.006 sec   stage2_correct_ray           
CCptMesherData::RefinePeculiarSurfaces               0.003 sec   function_total               
CNarrowChannelRefiner::ChannelsResolution            0.060 sec   function_total               
CNarrowChannelRefiner::RefineChannels_PRLL           0.056 sec   function_total               
CNarrowChannelRefiner::GetMainNormals                0.068 sec   function_total               
CNarrowChannelRefiner::GetMainNormals                0.087 sec   function_total               
CNarrowChannelRefiner::facade_bricks_of_brick_dirv   0.000 sec   function_total               
CNarrowChannelRefiner::facade_bricks_of_brick_dirv   0.000 sec   function_total               
CNarrowChannelRefiner::facade_bricks_of_brick_dirv   0.000 sec   function_total               
CNarrowChannelRefiner::facade_bricks_of_brick_dirv   0.000 sec   function_total               
CNarrowChannelRefiner::facade_bricks_of_brick_dirv   0.003 sec   function_total               
CNarrowChannelRefiner::facade_bricks_of_brick_dirv   0.004 sec   function_total               
CNarrowChannelRefiner::facade_bricks_of_brick_dirv   0.001 sec   function_total               
CNarrowChannelRefiner::facade_bricks_of_brick_dirv   0.000 sec   function_total               
CNarrowChannelRefiner::next_brick_on_ray             0.000 sec   function_total               
CNarrowChannelRefiner::next_brick_on_ray             0.000 sec   function_total               
CNarrowChannelRefiner::next_brick_on_ray             0.000 sec   function_total               
CNarrowChannelRefiner::next_brick_on_ray             0.000 sec   function_total               
CNarrowChannelRefiner::next_brick_on_ray             0.002 sec   function_total               
CNarrowChannelRefiner::next_brick_on_ray             0.004 sec   function_total               
CNarrowChannelRefiner::next_brick_on_ray             0.001 sec   function_total               
CNarrowChannelRefiner::next_brick_on_ray             0.000 sec   function_total               
CCptMesherData::BuildGeometry                        0.000 sec   equidistant_refiner          
CNarrowChannelRefiner::RedistributeLevel1            0.076 sec   function_total               
CTPBuilder::build_bcf                                0.658 sec   function_total               
CTPBuilder::bcf_builder                              0.488 sec   function_total               
CCmnMesherData::LoadTrianglesAndXSL                  0.000 sec   function_total               
CTPBuilder::collect_msh_format                       0.169 sec   function_total               
CTPBuilder::Run                                      0.151 sec   bcf_collect                  
CTPBuilder::Run                                      0.156 sec   bcf_merge                    
CTPBuilder::build_bcf                                0.043 sec   collect_mega_cv              
CTPBuilder::build_bcf                                0.107 sec   convert_to_mds_function      
CTPBuilder::build_bcf                                0.000 sec   sector_periodicity           
CCptMesherData::CalculateCurvatureAndToleranceCriteria 0.097 sec   function_total               
CCptMesherData::CreateMesh                           0.001 sec   bodies_2_mesh_mapper         
CCptMesherData::StoreCptFile                         0.128 sec   function_total               
CCptMesherData::FreeMesherData                       0.066 sec   function_total               
------------------------------------------------------------------------------------------------------------

Mesh generation normally finished at	5.12.2019	16:30:42
Mesher CPU = 1 sec
Mesher is finished at	5.12.2019	16:30:42
Algebra Pool      : mem_usage = 1.00 Mb, allocated count = 0
Log ended at 5.12.2019	16:30:42
