Log started at 08.12.2020	23:37:52
Number of used processors (NPROC): 12.
Number of mesh partitions (NPART): 12.
Total Physical Memory = 15.55 Gb, Available Physical Memory = 4.99 Gb
Computer name:	LAPTOP-BDL3F0ON
Operating system:	Windows 10 (or higher) (Version 10.0.19041)

SOLIDWORKS 2020 SP3.0
Flow Simulation 2020  x64 / 4921 / MESHER ver. efd_dev.4663_05.07.2019 

Project: C:\Users\grace\OneDrive\Desktop\SEDS GitHub\Engineering\2020-2021\UNAMED_Rocket2021\Frame\SIMULATIONS\Active Frame V2\SIMULATIONS\5\5.xmlconfig
Configuration name: Default
Project name: Frame Flow 5
NGK: OFF
MBO: OFF

Mesh generation started:	8.12.2020	23:37:52
-----------------------------------------------------------------------
Mesher option run = eRunMesherNormal
-----------------------------------------------------------------------
Current CPU = 0 sec
-----------------------------------------------------------------------
Geometries initialization:
-----------------------------------------------------------------------
Loading mesh settings (global/local)...
-----------------------------------------------------------------------
Number of geometries from DB: 1
Geometry(0):
	Guid = {00000000-0000-0000-0000-000000000000}
	Fluid..
	1 Body.
	1 Real body.
	-- Bodyset 0 --
		Tolerance=9.36625e-05.
		12 Face(s).
			12 of b-spline type.
		0 Face(s) that have no ref faces
		2 Plane surface(s).
		9 Cylinder surface(s).
		1 Torus surface(s).
		11024 Triangle(s).
		Getting triangle connectivities from DB: 0.002 s
		14 Edge(s).
			14 of b-spline type.
		BodyGeom reading: 0.032 s.
		12 Reference Face(s).
		11024 Reference Triangles.
		Getting triangle connectivities from DB (Ref): 0.006 s
		BodyGeom Ref reading: 0.008 s.
		Getting triangle connectivities from DB (Extra Triangulation): 0.006 s
Geometry(1):
	Solid.
	-- Bodyset 1 --
	Empty
-----------------------------------------------------------------------
Number of geometries in task: 2
Number of bodysets   in task: 2
-----------------------------------------------------------------------
	Making hash and connectivity for Bodyset ...
		CBodyGeom:
		Hash size: {32, 96, 32}.
		Mesh size: {32, 96, 32}.
		Hashing triangles...Ok.
			axis(0) tr sizes: average=21 max=338
			axis(1) tr sizes: average=33 max=314
			axis(2) tr sizes: average=21 max=338
		Number of t-connected sets:1
			(0) size=11024
		Done.
		CBodyGeomRef:
		Hashing triangles...Ok.
			axis(0) tr sizes: average=20 max=270
			axis(1) tr sizes: average=31 max=313
			axis(2) tr sizes: average=20 max=270
		Done.
	0.0852 s.
Geometries reading and preparing has taken 0.147 s.

Mapped triangles:
Hashing geometries triangles
	Triangles num=11024
	Triangles box={-0.0936468  ,0.0936468  ,0.34031  ,2.65793  ,-0.0936468  ,0.0936468  }
		3d-hash size is 544796 bytes
Hashing peculiar surfaces triangles
Mapped triangles processed in 0.087 s.
-----------------------------------------------------------------------
Getting sectors:
Number of sectors: 0
-----------------------------------------------------------------------
-----------------------------------------------------------------------

Current CPU = 0 sec

-----------------------------------------------------------------------
Mesh dimensions:
				I[0 ]=32
				I[1 ]=96
				I[2 ]=32

Comp. domain size:
				a[0  ]=-0.655637
				a[1  ]=0.655637
				a[2  ]=-0.596315
				a[3  ]=3.21991
				a[4  ]=-0.655638
				a[5  ]=0.655637

Fluid calculated			1
Solid calculated			0
-----------------------------------------------------------------------
MESH Build started...
-----------------------------------------------------------------------
Mesh LEVEL = 1
-----------------------------------------------------------------------
Setting regions...OK (0.002 s)
Base mesh info------------------
	2D flag  =0
	Period   =[0, 0, 0]
	Nx=32
		x[0]=-0.655637
		x[1]=-0.598184
		x[2]=-0.543532
		x[3]=-0.491529
		x[4]=-0.442046
		x[5]=-0.394961
		x[6]=-0.350158
		x[7]=-0.307526
		x[8]=-0.26696
		x[9]=-0.228359
		x[10]=-0.19163
		x[11]=-0.15668
		x[12]=-0.123424
		x[13]=-0.0917793
		x[14]=-0.0611832
		x[15]=-0.0305868
		x[16]=9.60913e-06
		x[17]=0.030606
		x[18]=0.0612024
		x[19]=0.0917989
		x[20]=0.123441
		x[21]=0.156696
		x[22]=0.191644
		x[23]=0.228373
		x[24]=0.266973
		x[25]=0.30754
		x[26]=0.350173
		x[27]=0.394978
		x[28]=0.442065
		x[29]=0.491551
		x[30]=0.543558
		x[31]=0.598215
		x[32]=0.655637
	Ny=96
		y[0]=-0.596315
		y[1]=-0.53646
		y[2]=-0.479366
		y[3]=-0.42489
		y[4]=-0.372913
		y[5]=-0.323319
		y[6]=-0.276
		y[7]=-0.230851
		y[8]=-0.187773
		y[9]=-0.14667
		y[10]=-0.107453
		y[11]=-0.0700334
		y[12]=-0.0343304
		y[13]=0.00307161
		y[14]=0.0404731
		y[15]=0.0778746
		y[16]=0.115276
		y[17]=0.152678
		y[18]=0.190079
		y[19]=0.227481
		y[20]=0.264882
		y[21]=0.302284
		y[22]=0.339685
		y[23]=0.377087
		y[24]=0.414488
		y[25]=0.45189
		y[26]=0.489291
		y[27]=0.526693
		y[28]=0.564094
		y[29]=0.601496
		y[30]=0.638897
		y[31]=0.676299
		y[32]=0.7137
		y[33]=0.751102
		y[34]=0.788503
		y[35]=0.825905
		y[36]=0.863306
		y[37]=0.900708
		y[38]=0.938109
		y[39]=0.975511
		y[40]=1.01291
		y[41]=1.05031
		y[42]=1.08772
		y[43]=1.12512
		y[44]=1.16252
		y[45]=1.19992
		y[46]=1.23732
		y[47]=1.27472
		y[48]=1.31212
		y[49]=1.34953
		y[50]=1.38693
		y[51]=1.42433
		y[52]=1.46173
		y[53]=1.49913
		y[54]=1.53652
		y[55]=1.5739
		y[56]=1.61128
		y[57]=1.64867
		y[58]=1.68605
		y[59]=1.72343
		y[60]=1.76082
		y[61]=1.7982
		y[62]=1.83558
		y[63]=1.87297
		y[64]=1.91035
		y[65]=1.94774
		y[66]=1.98512
		y[67]=2.0225
		y[68]=2.05989
		y[69]=2.09727
		y[70]=2.13465
		y[71]=2.17204
		y[72]=2.20942
		y[73]=2.2468
		y[74]=2.28419
		y[75]=2.32157
		y[76]=2.35896
		y[77]=2.39634
		y[78]=2.43372
		y[79]=2.47111
		y[80]=2.50849
		y[81]=2.54587
		y[82]=2.58326
		y[83]=2.62064
		y[84]=2.65802
		y[85]=2.69541
		y[86]=2.73234
		y[87]=2.77111
		y[88]=2.81182
		y[89]=2.85456
		y[90]=2.89944
		y[91]=2.94657
		y[92]=2.99604
		y[93]=3.04799
		y[94]=3.10253
		y[95]=3.1598
		y[96]=3.21991
	Nz=32
		z[0]=-0.655638
		z[1]=-0.598189
		z[2]=-0.543537
		z[3]=-0.491534
		z[4]=-0.44205
		z[5]=-0.394965
		z[6]=-0.350162
		z[7]=-0.307529
		z[8]=-0.266963
		z[9]=-0.228363
		z[10]=-0.191633
		z[11]=-0.156683
		z[12]=-0.123427
		z[13]=-0.091782
		z[14]=-0.0611858
		z[15]=-0.0305894
		z[16]=7.04346e-06
		z[17]=0.0306035
		z[18]=0.0611999
		z[19]=0.0917963
		z[20]=0.123439
		z[21]=0.156693
		z[22]=0.191641
		z[23]=0.22837
		z[24]=0.26697
		z[25]=0.307536
		z[26]=0.350169
		z[27]=0.394974
		z[28]=0.442061
		z[29]=0.491547
		z[30]=0.543554
		z[31]=0.59821
		z[32]=0.655637
End of base mesh info---------
Input_mesh_settings--------------------------------
Settings 0----------------
	Scope: GLOBAL
	Type:	------MESHER_SETTINGS----------
	RefAllCells           =0
	RefFluidCells         =0
	RefPartCells          =0
	RefSolidCells         =0
	l_SSFR(Capture crit)  =1
	l_curv(Curvature crit)=0
	l_tol(Tolerance crit) =0
	UseChannelRef         =1
	  NCR_method          =0
	  l_NCR               =1
	  N_gap               =5
	  Use d_NCR_min       =0
	  Use d_NCR_max       =0
	IgnoreThinChannelsHeight         =0
	--END_OF_MESHER_SETTINGS-------
End of input mesh settings-------------------------

-----------------------------------------------------------------------
Building geometries:
-----------------------------------------------------------------------
Building body-set (0) of geometry Fluid.0.(0). ...

-----------------------------------------------------------------------
Refining by triangulation...
Refinement input: 98304 bricks
Setting regions...OK (0.001 s)
Refinement result: 98514 bricks (0.054 s)
Refinement input: 98514 bricks
Refinement result: 98514 bricks (0.008 s)
Collecting and processing rays...OK (0.152 s)
Capturing...OK (0.026 s)
Refining by triangulation takes 0.241 s
-----------------------------------------------------------------------

-----------------------------------------------------------------------
Refining peculiar surfaces...
0 surfaces refined
Refining peculiar surfaces takes 0.001 s
-----------------------------------------------------------------------
Collecting and processing rays...OK (0.004 s)
Capturing...OK (0.001 s)
Collecting and processing rays...OK (0.004 s)
Capturing...OK (0.001 s)
Collecting and processing rays...OK (0.002 s)
Capturing...OK (0.001 s)

-----------------------------------------------------------------------
Base mesh 1 Refining...
Refinement input: 98514 bricks
Refinement result: 98514 bricks (0.003 s)
Collecting and processing rays...OK (0.005 s)
Capturing...OK (0.001 s)
-----------------------------------------------------------------------
Refining channels...
FYI: CNarrowChannelRefiner::RefineChannels_PRLL
FYI: m_iteration_count = 0
FYI: level1 statistics:
     level1_cnt_plus[1]=0;		level1_cnt_minus[1]=0
     level1_cnt_plus[2]=0;		level1_cnt_minus[2]=0
     level1_cnt_plus[3]=0;		level1_cnt_minus[3]=0
     level1_cnt_plus[4]=0;		level1_cnt_minus[4]=0
     level1_cnt_plus[5]=0;		level1_cnt_minus[5]=0
     level1_cnt_plus[6]=0;		level1_cnt_minus[6]=0
     level1_cnt_plus[7]=0;		level1_cnt_minus[7]=0
     level1_cnt_plus[8]=0;		level1_cnt_minus[8]=0
     level1_cnt_plus[9]=0;		level1_cnt_minus[9]=0
FYI: level1 statistics:
     level1_cnt_plus[1]=0;		level1_cnt_minus[1]=0
     level1_cnt_plus[2]=0;		level1_cnt_minus[2]=0
     level1_cnt_plus[3]=0;		level1_cnt_minus[3]=0
     level1_cnt_plus[4]=0;		level1_cnt_minus[4]=0
     level1_cnt_plus[5]=0;		level1_cnt_minus[5]=0
     level1_cnt_plus[6]=0;		level1_cnt_minus[6]=0
     level1_cnt_plus[7]=0;		level1_cnt_minus[7]=0
     level1_cnt_plus[8]=0;		level1_cnt_minus[8]=0
     level1_cnt_plus[9]=0;		level1_cnt_minus[9]=0

-----------------------------------------------------------------------
U-shapes refinement...
Refinement input: 98514 bricks
Refinement result: 98514 bricks (0.039 s)
Collecting and processing rays...OK (0.005 s)
Capturing...OK (0.001 s)
-----------------------------------------------------------------------

-----------------------------------------------------------------------
Equi Distant Refiner:
Equi Distant Refiner takes 0.00 s
-----------------------------------------------------------------------
Building geometry takes 0.517 s
Geometry Fluid.0.
Total		98514
Partial	1746
Fluid		95868
Solid		900
Bad		0

/-Ray Intersection---------------/ Time	0.295 s
Calls			7688
CorrectRay Calls	0



-----------------------------------------------------------------------
Building geometries takes 0.531 s
-----------------------------------------------------------------------

-----------------------------------------------------------------------
PostBuilding geometries:
-----------------------------------------------------------------------
PostBuilding body-set (0) geometry Fluid.0. (0)...
Collecting and processing rays...OK (0.001 s)
Capturing...OK (0.001 s)
PostBuilding geometry takes 0.004 s
Geometry Fluid.0.
Total		98514
Partial	1746
Fluid		95868
Solid		900
Bad		0

-----------------------------------------------------------------------
PostBuilding geometries takes 0.016 s
-----------------------------------------------------------------------
Defect ray count	0
FYI: CNarrowChannelRefiner::RedistributeLevel1_step_1: is finished
FYI: level1 statistics:
     level1_cnt_plus[1]=0;		level1_cnt_minus[1]=0
     level1_cnt_plus[2]=0;		level1_cnt_minus[2]=0
     level1_cnt_plus[3]=0;		level1_cnt_minus[3]=0
     level1_cnt_plus[4]=0;		level1_cnt_minus[4]=0
     level1_cnt_plus[5]=0;		level1_cnt_minus[5]=0
     level1_cnt_plus[6]=0;		level1_cnt_minus[6]=0
     level1_cnt_plus[7]=0;		level1_cnt_minus[7]=0
     level1_cnt_plus[8]=0;		level1_cnt_minus[8]=0
     level1_cnt_plus[9]=0;		level1_cnt_minus[9]=0
FYI: CNarrowChannelRefiner::RedistributeLevel1_step_2: is started
FYI: CNarrowChannelRefiner::RedistributeLevel1_step_2: is finished
FYI: level1 statistics:
     level1_cnt_plus[1]=0;		level1_cnt_minus[1]=0
     level1_cnt_plus[2]=0;		level1_cnt_minus[2]=0
     level1_cnt_plus[3]=0;		level1_cnt_minus[3]=0
     level1_cnt_plus[4]=0;		level1_cnt_minus[4]=0
     level1_cnt_plus[5]=0;		level1_cnt_minus[5]=0
     level1_cnt_plus[6]=0;		level1_cnt_minus[6]=0
     level1_cnt_plus[7]=0;		level1_cnt_minus[7]=0
     level1_cnt_plus[8]=0;		level1_cnt_minus[8]=0
     level1_cnt_plus[9]=0;		level1_cnt_minus[9]=0
FYI: CNarrowChannelRefiner::RedistributeLevel1_step_3: is started
FYI: CNarrowChannelRefiner::RedistributeLevel1_step_3: is finished
RedistributeLevel1 takes:
FYI: level1 statistics:
     level1_cnt_plus[1]=0;		level1_cnt_minus[1]=0
     level1_cnt_plus[2]=0;		level1_cnt_minus[2]=0
     level1_cnt_plus[3]=0;		level1_cnt_minus[3]=0
     level1_cnt_plus[4]=0;		level1_cnt_minus[4]=0
     level1_cnt_plus[5]=0;		level1_cnt_minus[5]=0
     level1_cnt_plus[6]=0;		level1_cnt_minus[6]=0
     level1_cnt_plus[7]=0;		level1_cnt_minus[7]=0
     level1_cnt_plus[8]=0;		level1_cnt_minus[8]=0
     level1_cnt_plus[9]=0;		level1_cnt_minus[9]=0
-----------------------------------------------------------------------
MSH format builder (Iteration 0)
-----------------------------------------------------------------------
Memory Working Set Current = 55.05 Mb, Memory Working Set Peak = 60.59 Mb
Process Threads Number: 29
-----------------------------------------------------------------------
Loading geometries triangulation & x-stacks...OK
x-stacks size = 0.14 Mb
Total bricks count: 98514
-----------------------------------------------------------------------
MSH (Real Geometry) format constructor:
	Getting brick sets...OK (0.012 s)
	Min x-stack xeps = 0.00713493
	D / dh / eps [axis=0] = (1.31127, 0.015298, 1.5298e-05)
	D / dh / eps [axis=1] = (3.81622, 0.0186918, 1.86918e-05)
	D / dh / eps [axis=2] = (1.31127, 0.0152981, 1.52981e-05)
	Time (xeps): 0.003 s
Level 1
	Set (0)  size: 120
	Set (0)  time: 0.034 s
	Set (1)  size: 120
	Set (1)  time: 0.008 s
Level 0
	Set (0)  size: 49137
	Set (0)  time: 0.080 s
	Set (1)  size: 49137
	Set (1)  time: 0.086 s
Result:
	Bricks number:                        98514

	Memory usage:                         1.625 MB
	Memory usage (per brick):             0.017 KB
	Construction time:                    0.241 s

	Topology features:
	------------------
	- High quality bricks                 100.00 % (98514)
	- Medium quality bricks                 0.00 % (0)
	- Bad quality bricks                    0.00 % (0)
	- Ribs corrected bricks                 0.00 % (0)
	- Points with geom-info (bricks)        0.00 % (0)
	- Points with closest-info (bricks)     0.00 % (0)
	- Triangulated by center (bricks)       0.00 % (3)
	- Facet w-faces mergings (bricks)       0.00 % (0)
	- To refine (bricks)                    0.00 % (0)

-----------------------------------------------------------------------
Memory Working Set Current = 83.22 Mb, Memory Working Set Peak = 83.23 Mb
Process Threads Number: 29
-----------------------------------------------------------------------
-----------------------------------------------------------------------
-----------------------------------------------------------------------
MSH --> BCF format (Iteration 0)...
BCF collector...(remove mode=0)
	Time (alloc counter per brick): 0.006 s
	Brick    count: 98514
	Av.f all count: 97622
	Av.s all count: 2654
	Av.f pid count: 1762
	Av.s pid count: 1754
	Faces fs count: 2648
	Faces ff count: 0
	Faces ss count: 0
	Faces bb count: 0
	Faces fe count: 14336
	Faces se count: 0
	Faces fw count: 16984
	Faces af count: 285125
	Faces as count: 6964
	Time (all count): 	0.017 s
	Time (bcf alloc): 	0.004 s
	Time (shifts alloc): 	0.011 s
	Time (shifts init): 	0.011 s
	Time (bcf fill): 	0.049 s
	Time (add av to faces): 0.003 s
	Time (add faces to av): 0.023 s
Time (bcf collect): 		0.154 s
	AV checker...
	Time (check av): 	0.110 s
	Subdomain checker...
		Subdomains construction time: 0.041 s.
		Subdomains sort time: 0.000 s.
			Subdomain 0 (geom_ind=0): 97622 av
			Subdomain 1 (geom_ind=1): 2654 av
		gi: 0, subdomains: 1, real bodies: 1
		gi: 1, subdomains: 1, real bodies: 0
		Defect subdomains: 0
	Time (check subdoms): 	0.043 s
Time (bcf iteration total): 	0.311 s
	Time (fw-nb): 		0.002 s
	Fixed mutual fw-nb:     1533 (bb: 0)
	Time (fw-nb mutual): 	0.005 s
	Time (fw-nb sort): 	0.001 s
	Fw-opt BEFORE total:    16984 (fs=2648, ff=0, ss=0)
	Fw-opt AFTER  total:    16464 (fs=2128, ff=0, ss=0, failed fw/br=0/0, big_curv=5, big_poly=0)
	Fw-opt RESULT:          520 (res/(fs+ff+ss) = 19.64 %)
	Time (fw-opt): 		0.012 s
	Time (fw-re-order): 	0.005 s
	Time (fw-nb): 		0.020 s
	Fixed mutual fw-nb:     32938 (bb: 0)
	Time (fw-nb mutual): 	0.009 s
	Time (fw-nb sort): 	0.003 s
	Time (rfd fix): 	0.000 s
	Time (av convexity): 	0.006 s
	Time (av small volume): 0.003 s
	Time (diagonal fw-nb): 	0.059 s
	Fixed mutual fw-nb:     0 (bb: 0)
	Time (fw-nb mutual): 	0.010 s
	Time (fw-nb sort): 	0.001 s
	Fluid subdomains: 1
	Faces fw-nb diff sd:    0
	Time (fw-nb diff sd): 	0.060 s
Time (bcf calc): 		0.239 s
-----------------------------------------------------------------------
Time (bcf total): 		0.551 s
-----------------------------------------------------------------------
-----------------------------------------------------------------------
Mega-cv constructor for fluid...
	 0 av's is treated as thin
Relative size generator (threshold = 0.05)...
	Iteration 1 (small cluster count = 72)
	Iteration 2 (small cluster count = 44)
	Iteration 3 (small cluster count = 21)
	Iteration 4 (small cluster count = 13)
	Iteration 5 (small cluster count = 9)
	Iteration 6 (small cluster count = 5)
	Iteration 7 (small cluster count = 1)
	Iteration 8 (small cluster count = 0)
	 56 mega-cv's generated
	 0 mega-cv's removed
Relative size generator is completed OK (0.020 s)
Apply fa-rules to mega-cv clusters fixes...
OK (0.000 s)
Convert clusters:
	 56 mega-cv's total
Mega-cv count: 56
Time (mega-cv fill): 	0.000 s
Time (mega-cv total): 	0.073 s
-----------------------------------------------------------------------
Mixing plane rotation regions: NO.
Sliding mesh rotation regions: NO.
Fluid/fluid faces: NO.
----------------------------------------------------------
BCF --> BCF.GEOMSUBDOM (bridge arrays):
MESH (0):
	Fluid Subdom Constructor: 1 subdom(s).
	Solid Subdom Constructor: 1 subdom(s).
	Net Asm Subdom Constructor: 0 subdom(s).
	GEOMSUBDOM (0): gi=0 fluid av=97622 cv=97550 fa=285125 fb=0 fw=16464 V=6.506272e+00
	Cache data...OK
	GEOMSUBDOM (1): gi=1 solid av=2654 cv=2654 fa=6964 fb=0 fw=2128 V=5.550234e-02
	Cache data...OK
	Setting nb of w-faces...OK (0.015 s).
	Correcting nb of w-faces...
	Time(correct_fw_nb)=0.013 s

MESH (0) checking:
	GEOMSUBDOM (0):fa_s=468.6337044850702114 fb_s=0.0000000000000000 fw_s=24.7398693194469956 fw_nb=131698
	              :d_const(50573)=3.50495e-13 d_linear(50573)=2.5181e-12
	GEOMSUBDOM (1):fa_s=5.0659144220967640 fb_s=0.0000000000000000 fw_s=1.2845138108970084 fw_nb=17034
	              :d_const(1442)=1.33792e-13 d_linear(1616)=5.94976e-12
MESH (0) checking: OK.
Time (MDS): 	0.387 s
----------------------------------------------------------

-----------------------------------------------------------------------
BCF CHECKSUM DATA (Mesh 0):

BRICK |Level1| Sum:               0
FACE_A Area Sum:   G.Fluid        468.6337044850703251
FACE_A Area Sum:   G.Solid        5.0659144220967631
FACE_W Area Sum:                  24.7398693194469956
FACE_W Nb   Sum:                  131698
FACE_W min curvatures sum:        190.25331700
FACE_W max curvatures sum:        87107.46126652
AV Max Disbalance(Const) :        3.50495e-13 (cid=56915, t={30, 88, 36}, avid=56023, pid=1450)
AV Max Disbalance(Linear):        5.94976e-12 (cid=60002, t={32, 88, 38}, avid=100217, pid=1695)
-----------------------------------------------------------------------


-----------------------------------------------------------------------
MESHER TOPOLOGY DATA:

BRICKS: Total                 98514
BRICKS: 1-CV                  96760
BRICKS: 2-CV                  1746
BRICKS: 3-CV                  8
BRICKS: Bad                   0

AV:     G.Total               100276
AV:     G.Fluid               97622
AV:     G.Solid               2654

AV:     G.Fluid Thin Profile    0.00 % (0)
AV:     G.Solid Thin Profile    0.30 % (8)

AV:     G.Fluid Thin For Mega   0.00 % (0)
AV:     G.Solid Thin For Mega   0.00 % (0)

AV:     G.Fluid Non-Convex      0.29 % (280)
AV:     G.Solid Non-Convex      7.12 % (189)

AV:     G.Fluid Non-Ess-Convex      0.13 % (130)
AV:     G.Solid Non-Ess-Convex      4.33 % (115)

FACE_A: G.Fluid          (af) 285125 (partially opened 3544)
FACE_A: G.Solid          (as) 6964 (partially opened 3528)

FACE_B: G.Total          (b)  0

FACE_W: G.Total                 16464       Brick/Bound
FACE_W: G.Fluid/Solid    (fs_g) 2128        0           
FACE_W: G.Fluid/Fluid    (ff_g) 0           0           
FACE_W: G.Solid/Solid    (ss_g) 0           0           
FACE_W: G.Fluid/External (fe_g) 14336
FACE_W: G.Solid/External (se_g) 0

AV/CV max fa count (on brick side):4
AV/CV max fw count:                4
AV/CV max fb count:                0
AV/CV max fw poly count:           8

MEMORY: Total                   30.132 MB
MEMORY: Per Brick               0.313 KB
-----------------------------------------------------------------------

-----------------------------------------------------------------------
Connectivities information:
	Number of conns: 0
-----------------------------------------------------------------------
	Time (gap size): 	0.018 s
-----------------------------------------------------------------------
Calculating curvature and tolerance criteria...
Curvature: min=0 max=3.14159
Tolerance: min=0 max=0.0103761
Calculating curvature and tolerance criteria takes 0.172 s
-----------------------------------------------------------------------
MESH Build(FS) finished. Time=2.540 s
-----------------------------------------------------------------------
Current CPU = 3 sec

Nx=32
Ny=96
Nz=32
Max BRICK Level=1
Mesh Level=1
-----------------CModelBodies2MeshMapper::CollectData started -------------------------------
-----------------CModelBodies2MeshMapper Report -------------------------------
FluidDomains 1 SolidDomains 1 VoidDomains 0 
Domains RefIndexes
Domain 0, Index count 12
Domain 1, Index count 12
----------------- -------------------------------
	ModelBodies
Total resolved Bodies 0 BodySets 0

--------------------------------------------------------------------------
	Positive geometry Bodies
Total resolved Bodies 1 BodySets 1
BodySet 0
	Bodies list:
			#0	Name: ;	ID: 615edee3-fc27-44b0-a275-08be5a515472
	Domains list:		 0 

--------------------------------------------------------------------------
	Fluid regions
Total resolved Bodies 1 BodySets 1
BodySet 0	Material: Air; 
	Bodies list:
			#0	Name: ;	ID: 615edee3-fc27-44b0-a275-08be5a515472
	Domains list:		 0 

--------------------------------------------------------------------------
-----------------CModelBodies2MeshMapper::CollectData finished successfully-------------------
Saving initial mesh in: C:\Users\grace\OneDrive\Desktop\SEDS GitHub\Engineering\2020-2021\UNAMED_Rocket2021\Frame\SIMULATIONS\Active Frame V2\SIMULATIONS\5\5.fld .
Storing results...
Estimated CPT size=11.119 MB.
	Time (write bcf): 0.728 s
OK
-----------------------------------------------------------------------
Memory Working Set Current = 142.34 Mb, Memory Working Set Peak = 142.34 Mb
Process Threads Number: 29
-----------------------------------------------------------------------
Cleaning memory...
		Time (free xsl):                    	0.000 s
Free Geometry DB takes 0.000 s
	Time (free bcf): 	0.041 s
		Time (free bcf mesh):               	0.100 s
	Time (free mesher data):              	0.105 s
Copying... OK
Mesh generation normally finished at	8.12.2020	23:37:56
Mesher CPU = 4 sec
Mesher is finished at	8.12.2020	23:37:56
-----------------------------------------------------------------------
Memory Working Set Current = 40.09 Mb, Memory Working Set Peak = 143.06 Mb
Process Threads Number: 29
-----------------------------------------------------------------------
Algebra Pool      : mem_usage = 2.94 Mb, allocated count = 0
Log ended at 08.12.2020	23:37:56
