Log started at 18.10.2019	23:13:46
Number of used processors (NPROC): 8.
Number of mesh partitions (NPART): 8.
Total Physical Memory = 15.90 Gb, Available Physical Memory = 7.13 Gb
Computer name:	S172-1
Operating system:	Windows 10 (or higher) (Version 10.0.17134)

SOLIDWORKS 2018 SP5.0
Flow Simulation 2018  x64 / 4373 / MESHER ver. efd_17_2.4218_16.04.2018 

Project: C:\Users\User\Desktop\UNHSEDS\Engineering\2018-2019\Engine Specifics\Current Engine Design\1\1.xmlconfig

Mesh generation started:	18.10.2019	23:13:46
Current CPU = 0 sec
-----------------------------------------------------------------------
Geometries initialization:

Geometry database loading ...OK
-----------------------------------------------------------------------
Loading mesh settings (global/local)...
-----------------------------------------------------------------------
Number of geometries: 1
Geometry(0):
	Fluid..
	1 Body.
	1 Real body.
	Tolerance=3.52646e-05.
	9 Face(s).
		9 of b-spline type.
	444 Triangle(s).
	0 Face(s) that have no ref faces
	8 Plane surface(s).
	1 Cylinder surface(s).
	14 Edge(s).
		14 of b-spline type.
	Geometry reading: 0.011 s.
	3 Reference Face(s).
	432 Reference Triangles.
	GeometryRef reading: 0.000 s.
Last Geometry:
	Solid.
	Making hash and connectivity for geometry 0...
		CBodyGeom:
		Hash size: {6, 24, 6}.
		Mesh size: {6, 24, 6}.
		Hashing triangles...Ok.
			axis(0) tr sizes: average=48 max=142
			axis(1) tr sizes: average=55 max=220
			axis(2) tr sizes: average=48 max=142
		Making triangles connectivity...Ok. (0.002 s).
		Neighbour triangles: 100.00 % (good connect) - 0.00 % (bad connect). Min: 3. Max: 3.
		Done.
		Number of t-connected sets:2
			(0) size=12
			(1) size=432 cavity
		Done.
		CBodyGeomRef:
		Hashing triangles...Ok.
			axis(0) tr sizes: average=43 max=134
			axis(1) tr sizes: average=49 max=216
			axis(2) tr sizes: average=43 max=134
		Making triangles connectivity...Ok. (0.002 s).
		Neighbour triangles: Min: 2. Max: 2.
		Done.
		Done.
	0.005 s.
Geometries reading and preparing has taken 0.018 s.

Mapped triangles:
Hashing geometries triangles
	Triangles num=444
	Triangles box={-0.0414403  ,0.0414403  ,0.00118648  ,0.290914  ,-0.0414403  ,0.0414403  }
		3d-hash size is 30496 bytes
		Making triangles connectivity...Ok. (0.002 s).
		Neighbour triangles: 100.00 % (good connect) - 0.00 % (bad connect). Min: 3. Max: 3.
Hashing peculiar surfaces triangles
	Triangles num=98
	Triangles box={-0.0412538  ,0.0412538  ,0  ,0.2921  ,-0.041275  ,0.0411902  }
		3d-hash size is 14868 bytes
Mapped triangles processed in 0.006 s.
-----------------------------------------------------------------------
Getting sectors:
Number of sectors: 0
-----------------------------------------------------------------------
-----------------------------------------------------------------------

Current CPU = 0 sec

-----------------------------------------------------------------------
Mesh dimensions:
				I[0 ]=6
				I[1 ]=24
				I[2 ]=6

Comp. domain size:
				a[0  ]=-0.0413575
				a[1  ]=0.0413575
				a[2  ]=0.00147563
				a[3  ]=0.290624
				a[4  ]=-0.0413575
				a[5  ]=0.0413575

Fluid calculated			1
Solid calculated			0
-----------------------------------------------------------------------
MESH: distribute base bricks among sub-meshes...
	Base bricks count               864
	Sub-meshes  count               8
	Base bricks count per sub-mesh  108 (+0)
	Sub-mesh 0: 108 base brick(s), range [0, 5]-[0, 2]-[0, 5]
	Sub-mesh 1: 108 base brick(s), range [0, 5]-[3, 5]-[0, 5]
	Sub-mesh 2: 108 base brick(s), range [0, 5]-[6, 8]-[0, 5]
	Sub-mesh 3: 108 base brick(s), range [0, 5]-[9, 11]-[0, 5]
	Sub-mesh 4: 108 base brick(s), range [0, 5]-[12, 14]-[0, 5]
	Sub-mesh 5: 108 base brick(s), range [0, 5]-[15, 17]-[0, 5]
	Sub-mesh 6: 108 base brick(s), range [0, 5]-[18, 20]-[0, 5]
	Sub-mesh 7: 108 base brick(s), range [0, 5]-[21, 23]-[0, 5]
-----------------------------------------------------------------------
-----------------------------------------------------------------------
MESH: collecting ghosts in sub-meshes...
	Sub-mesh 0:
		Total  brick(s) 144
		Native brick(s) 108
		Inner  brick(s) 72
		Outer  brick(s) 36
		Ghost  brick(s) 36
	Sub-mesh 1:
		Total  brick(s) 180
		Native brick(s) 108
		Inner  brick(s) 36
		Outer  brick(s) 72
		Ghost  brick(s) 72
	Sub-mesh 2:
		Total  brick(s) 180
		Native brick(s) 108
		Inner  brick(s) 36
		Outer  brick(s) 72
		Ghost  brick(s) 72
	Sub-mesh 3:
		Total  brick(s) 180
		Native brick(s) 108
		Inner  brick(s) 36
		Outer  brick(s) 72
		Ghost  brick(s) 72
	Sub-mesh 4:
		Total  brick(s) 180
		Native brick(s) 108
		Inner  brick(s) 36
		Outer  brick(s) 72
		Ghost  brick(s) 72
	Sub-mesh 5:
		Total  brick(s) 180
		Native brick(s) 108
		Inner  brick(s) 36
		Outer  brick(s) 72
		Ghost  brick(s) 72
	Sub-mesh 6:
		Total  brick(s) 180
		Native brick(s) 108
		Inner  brick(s) 36
		Outer  brick(s) 72
		Ghost  brick(s) 72
	Sub-mesh 7:
		Total  brick(s) 144
		Native brick(s) 108
		Inner  brick(s) 72
		Outer  brick(s) 36
		Ghost  brick(s) 36
	Total brick(s) 864
-----------------------------------------------------------------------
Setting regions...OK (0.001 s)
Base mesh info------------------
	2D flag  =0
	Period   =[0, 0, 0]
	Nx=6
		x[0]=-0.0413575
		x[1]=-0.0275674
		x[2]=-0.0137815
		x[3]=4.32959e-06
		x[4]=0.0137902
		x[5]=0.027576
		x[6]=0.0413575
	Ny=24
		y[0]=0.00147563
		y[1]=0.0135268
		y[2]=0.0255746
		y[3]=0.0376225
		y[4]=0.0496704
		y[5]=0.0617182
		y[6]=0.0737661
		y[7]=0.085814
		y[8]=0.0978618
		y[9]=0.10991
		y[10]=0.121958
		y[11]=0.134005
		y[12]=0.146053
		y[13]=0.158101
		y[14]=0.170149
		y[15]=0.182197
		y[16]=0.194245
		y[17]=0.206293
		y[18]=0.21834
		y[19]=0.230388
		y[20]=0.242436
		y[21]=0.254484
		y[22]=0.266532
		y[23]=0.27858
		y[24]=0.290624
	Nz=6
		z[0]=-0.0413575
		z[1]=-0.0275685
		z[2]=-0.0137827
		z[3]=3.17358e-06
		z[4]=0.013789
		z[5]=0.0275749
		z[6]=0.0413575
End of base mesh info---------
Input_mesh_settings--------------------------------
Settings 0----------------
	Scope: GLOBAL
	Type:	------MESHER_SETTINGS----------
	RefAllCells           =0
	RefFluidCells         =0
	RefPartCells          =0
	RefSolidCells         =0
	l_SSFR(Capture crit)  =1
	l_curv(Curvature crit)=0
	l_tol(Tolerance crit) =0
	UseChannelRef         =1
	  NCR_method          =0
	  l_NCR               =1
	  N_gap               =5
	  Use d_NCR_min       =0
	  Use d_NCR_max       =0
	IgnoreThinChannelsHeight         =0
	--END_OF_MESHER_SETTINGS-------
End of input mesh settings-------------------------

-----------------------------------------------------------------------
Building geometries:
Building geometry Fluid.0.(0)...

-----------------------------------------------------------------------
Refining by triangulation...
Refinement input: 864 bricks
Refinement result: 864 bricks (0.002 s)
Refinement input: 864 bricks
Refinement result: 864 bricks (0.000 s)
Collecting and processing rays...OK (0.010 s)
Capturing...OK (0.001 s)
Refining by triangulation takes 0.013 s
-----------------------------------------------------------------------

-----------------------------------------------------------------------
Refining peculiar surfaces...
0 surfaces refined
Refining peculiar surfaces takes 0 s
-----------------------------------------------------------------------
Collecting and processing rays...OK (0.000 s)
Capturing...OK (0.000 s)
Collecting and processing rays...OK (0.000 s)
Capturing...OK (0.000 s)
Collecting and processing rays...OK (0.000 s)
Capturing...OK (0.000 s)

-----------------------------------------------------------------------
Base mesh 1 Refining...
Refinement input: 864 bricks
Refinement result: 864 bricks (0.000 s)
Collecting and processing rays...OK (0.000 s)
Capturing...OK (0.000 s)
-----------------------------------------------------------------------
Refining channels...
FYI: CNarrowChannelRefiner::RefineChannels_PRLL: m_submesh_count=8
FYI: m_iteration_count = 0
FYI: level1 statistics:
     level1_cnt_plus[1]=0;		level1_cnt_minus[1]=0
     level1_cnt_plus[2]=0;		level1_cnt_minus[2]=0
     level1_cnt_plus[3]=0;		level1_cnt_minus[3]=0
     level1_cnt_plus[4]=0;		level1_cnt_minus[4]=0
     level1_cnt_plus[5]=0;		level1_cnt_minus[5]=0
     level1_cnt_plus[6]=0;		level1_cnt_minus[6]=0
     level1_cnt_plus[7]=0;		level1_cnt_minus[7]=0
     level1_cnt_plus[8]=0;		level1_cnt_minus[8]=0
     level1_cnt_plus[9]=0;		level1_cnt_minus[9]=0
FYI: level1 statistics:
     level1_cnt_plus[1]=0;		level1_cnt_minus[1]=0
     level1_cnt_plus[2]=0;		level1_cnt_minus[2]=0
     level1_cnt_plus[3]=0;		level1_cnt_minus[3]=0
     level1_cnt_plus[4]=0;		level1_cnt_minus[4]=0
     level1_cnt_plus[5]=0;		level1_cnt_minus[5]=0
     level1_cnt_plus[6]=0;		level1_cnt_minus[6]=0
     level1_cnt_plus[7]=0;		level1_cnt_minus[7]=0
     level1_cnt_plus[8]=0;		level1_cnt_minus[8]=0
     level1_cnt_plus[9]=0;		level1_cnt_minus[9]=0
	CNarrowChannelRefiner::ChannelsResolution            function_total                0      = 0.00982939 sec

-----------------------------------------------------------------------
U-shapes refinement...
Refinement input: 864 bricks
Refinement result: 864 bricks (0.000 s)
Collecting and processing rays...OK (0.000 s)
Capturing...OK (0.000 s)
-----------------------------------------------------------------------

-----------------------------------------------------------------------
Equi Distant Refiner:
Equi Distant Refiner takes 0.00 s
-----------------------------------------------------------------------
Building geometry takes 0.027 s
Geometry Fluid.0.
Total		864
Partial	512
Fluid		352
Solid		0
Bad		0

/-Ray Intersection---------------/ Time	0.012 s
Calls			399
CorrectRay Calls	0


Building geometries takes 0.027 s
-----------------------------------------------------------------------

-----------------------------------------------------------------------
PostBuilding geometries:
PostBuilding geometries takes 0 s
-----------------------------------------------------------------------
Defect ray count	0
FYI: CNarrowChannelRefiner::RedistributeLevel1_step_1: is finished
FYI: level1 statistics:
     level1_cnt_plus[1]=0;		level1_cnt_minus[1]=0
     level1_cnt_plus[2]=0;		level1_cnt_minus[2]=0
     level1_cnt_plus[3]=0;		level1_cnt_minus[3]=0
     level1_cnt_plus[4]=0;		level1_cnt_minus[4]=0
     level1_cnt_plus[5]=0;		level1_cnt_minus[5]=0
     level1_cnt_plus[6]=0;		level1_cnt_minus[6]=0
     level1_cnt_plus[7]=0;		level1_cnt_minus[7]=0
     level1_cnt_plus[8]=0;		level1_cnt_minus[8]=0
     level1_cnt_plus[9]=0;		level1_cnt_minus[9]=0
FYI: CNarrowChannelRefiner::RedistributeLevel1_step_2: is started
FYI: CNarrowChannelRefiner::RedistributeLevel1_step_2: is finished
FYI: level1 statistics:
     level1_cnt_plus[1]=0;		level1_cnt_minus[1]=0
     level1_cnt_plus[2]=0;		level1_cnt_minus[2]=0
     level1_cnt_plus[3]=0;		level1_cnt_minus[3]=0
     level1_cnt_plus[4]=0;		level1_cnt_minus[4]=0
     level1_cnt_plus[5]=0;		level1_cnt_minus[5]=0
     level1_cnt_plus[6]=0;		level1_cnt_minus[6]=0
     level1_cnt_plus[7]=0;		level1_cnt_minus[7]=0
     level1_cnt_plus[8]=0;		level1_cnt_minus[8]=0
     level1_cnt_plus[9]=0;		level1_cnt_minus[9]=0
FYI: CNarrowChannelRefiner::RedistributeLevel1_step_3: is started
FYI: CNarrowChannelRefiner::RedistributeLevel1_step_3: is finished
RedistributeLevel1 takes:
	CNarrowChannelRefiner::RedistributeLevel1            function_total                0      = 0.00982746 sec
FYI: level1 statistics:
     level1_cnt_plus[1]=0;		level1_cnt_minus[1]=0
     level1_cnt_plus[2]=0;		level1_cnt_minus[2]=0
     level1_cnt_plus[3]=0;		level1_cnt_minus[3]=0
     level1_cnt_plus[4]=0;		level1_cnt_minus[4]=0
     level1_cnt_plus[5]=0;		level1_cnt_minus[5]=0
     level1_cnt_plus[6]=0;		level1_cnt_minus[6]=0
     level1_cnt_plus[7]=0;		level1_cnt_minus[7]=0
     level1_cnt_plus[8]=0;		level1_cnt_minus[8]=0
     level1_cnt_plus[9]=0;		level1_cnt_minus[9]=0
-----------------------------------------------------------------------
BCF-Builder Iteration: 0
Memory Working Set Current = 22.29 Mb, Memory Working Set Peak = 22.60 Mb
Process Threads Number: 21
Loading geometries triangulation & x-stacks...OK
x-stacks size = 0.03 Mb
	Sub-mesh 0:
		Total  brick(s) 144
		Native brick(s) 108
		Inner  brick(s) 72
		Outer  brick(s) 36
		Ghost  brick(s) 36
	Sub-mesh 1:
		Total  brick(s) 180
		Native brick(s) 108
		Inner  brick(s) 36
		Outer  brick(s) 72
		Ghost  brick(s) 72
	Sub-mesh 2:
		Total  brick(s) 180
		Native brick(s) 108
		Inner  brick(s) 36
		Outer  brick(s) 72
		Ghost  brick(s) 72
	Sub-mesh 3:
		Total  brick(s) 180
		Native brick(s) 108
		Inner  brick(s) 36
		Outer  brick(s) 72
		Ghost  brick(s) 72
	Sub-mesh 4:
		Total  brick(s) 180
		Native brick(s) 108
		Inner  brick(s) 36
		Outer  brick(s) 72
		Ghost  brick(s) 72
	Sub-mesh 5:
		Total  brick(s) 180
		Native brick(s) 108
		Inner  brick(s) 36
		Outer  brick(s) 72
		Ghost  brick(s) 72
	Sub-mesh 6:
		Total  brick(s) 180
		Native brick(s) 108
		Inner  brick(s) 36
		Outer  brick(s) 72
		Ghost  brick(s) 72
	Sub-mesh 7:
		Total  brick(s) 144
		Native brick(s) 108
		Inner  brick(s) 72
		Outer  brick(s) 36
		Ghost  brick(s) 36
	Total brick(s) 864

-----------------------------------------------------------------------
MSH (Real Geometry) format constructor:
Getting submesh brick sets...OK (0.000 s)
Level 1
	Inner time 0.001 s
	Outer Time 0.001 s
	Level Time 0.002 s
Level 0
	Inner time 0.123 s
	Outer Time 0.120 s
	Level Time 0.243 s

Brick parser time info:
	0.217 s - time_Run
		0.007 s - time_ConstructPoints
			0.007 s - time_ConstructPointsAddFind2
		0.007 s - time_ConstructPointsAndConnectsFromNb
		0.004 s - time_AddRibConnects
		0.023 s - time_ConstructBrickFacets
			0.013 s - time_GetPointsFaceSegments
			0.003 s - time_CalculateQpoints
				0.000 s - time_AddFacetPoint_GetFacesQpoint
					0.000 s - time_GetFacesQpoint_UShaped
						0.000 s - time_GetFacesQpoint2
					0.000 s - time_GetFacesQpoint_AddEdgesToList
					0.000 s - time_Edge_GetClosestPointOn
					0.000 s - time_Edge_NewtonMethod
					0.000 s - time_GetFacesQpoint_ManyFinds
				0.003 s - time_AddFacetPoint_AddQPoint
					0.003 s - time_PointReverseEvaluate
				0.000 s - time_AddFacetPoint_AddFind2
		0.000 s - time_RemoveOddConnects
		0.001 s - time_TestConnectivity
		0.001 s - time_ValidateXeps
		0.008 s - time_ConstructFaceAs
		0.003 s - time_ConstructCvs
		0.000 s - time_ConstructFaceWs
		0.000 s - time_RealGeomAddQPoints
		0.000 s - time_RealGeomAddNewFaces
		0.000 s - time_RealGeomInitOppositeGeomFaceInd
		0.005 s - time_RealGeomApproxCurveFaces
		0.000 s - time_Enum1
		0.000 s - time_Enum2
		0.000 s - time_RealGeomCheckInvalidConnects
		0.150 s - time_RealGeomParameters
			0.078 s - time_CalculateParametersOfCv
			0.070 s - time_CalculateParametersOfFace
				0.011 s - time_CalculateRR
				0.058 s - time_CalculateRefFaceData
				0.000 s - time_CalculateLambdaProjection
			0.002 s - time_SetFacesOrientation
Result:
	Bricks number:                        864

	Memory usage:                         0.248 MB
	Memory usage (per brick):             0.294 KB
	Construction time:                    0.292 s

	Topology features:
	------------------
	- High quality bricks                 100.00 % (864)
	- Medium quality bricks                 0.00 % (0)
	- Bad quality bricks                    0.00 % (0)
	- Ribs corrected bricks                 0.00 % (0)
	- Points with geom-info (bricks)        0.00 % (0)
	- Points with closest-info (bricks)     0.00 % (0)
	- Triangulated by center (bricks)       0.00 % (0)
	- Facet w-faces mergings (bricks)       0.00 % (0)
	- To refine (bricks)                    0.00 % (0)

Memory Working Set Current = 23.39 Mb, Memory Working Set Peak = 37.73 Mb
Process Threads Number: 21
-----------------------------------------------------------------------
-----------------------------------------------------------------------
MSH --> BCF format (Iteration 0)...
BCF collector...(remove mode=0)
	(5) Bcf collect time 0.012 s (280 avs, 100 fws)
	(6) Bcf collect time 0.012 s (280 avs, 100 fws)
	(1) Bcf collect time 0.012 s (280 avs, 100 fws)
	(3) Bcf collect time 0.012 s (280 avs, 100 fws)
	(2) Bcf collect time 0.011 s (280 avs, 100 fws)
	(4) Bcf collect time 0.012 s (280 avs, 100 fws)
	(0) Bcf collect time 0.014 s (240 avs, 136 fws)
	(7) Bcf collect time 0.015 s (240 avs, 136 fws)
	(4) Remove defect avs time 0.001 s
	(3) Remove defect avs time 0.001 s
	(1) Remove defect avs time 0.001 s
	(7) Remove defect avs time 0.001 s
	(5) Remove defect avs time 0.001 s
	(6) Remove defect avs time 0.001 s
	(2) Remove defect avs time 0.001 s
	(0) Remove defect avs time 0.001 s
Defect subdomain detector...
		1 subdomain(s) of gi=0 (real bodies = 1).
			Subdomain 0: 864 av
		Get real subdoms time 0.000 s
		Mark defect subdomains by closed av...
		Mark by closed av time 0.000 s
		Mark defect subdomains by real bodies...
		0 defect subdomain(s) of gi=0.
		1 subdomain(s) of gi=1 (real bodies = 0).
			Subdomain 0: 512 av
		Get real subdoms time 0.000 s
		0 defect subdomain(s) of gi=1.
	(0) Remove defect subdoms time 0.001 s
	(3) Remove defect subdoms time 0.001 s
	(5) Remove defect subdoms time 0.001 s
	(7) Remove defect subdoms time 0.001 s
	(6) Remove defect subdoms time 0.001 s
	(2) Remove defect subdoms time 0.001 s
	(4) Remove defect subdoms time 0.001 s
	(1) Remove defect subdoms time 0.001 s
NB-faces collector & conservator...
Sub-mesh 0.
	Conservated total=0 (bb-faces=0)
Sub-mesh 1.
	Conservated total=0 (bb-faces=0)
Sub-mesh 2.
	Conservated total=0 (bb-faces=0)
Sub-mesh 3.
	Conservated total=0 (bb-faces=0)
Sub-mesh 4.
	Conservated total=0 (bb-faces=0)
Sub-mesh 5.
	Conservated total=0 (bb-faces=0)
Sub-mesh 6.
	Conservated total=0 (bb-faces=0)
Sub-mesh 7.
	Conservated total=0 (bb-faces=0)
	(6) Bcf calc time 0.000 s
	(1) Bcf calc time 0.001 s
	(3) Bcf calc time 0.000 s
	(0) Bcf calc time 0.001 s
	(5) Bcf calc time 0.001 s
	(2) Bcf calc time 0.001 s
	(7) Bcf calc time 0.001 s
	(4) Bcf calc time 0.001 s
FACE_W optimizer ...
Sub-mesh 0.
	Before optimization total=324 (fs=136, ff=0, ss=0)
	After  optimization total=324 (fs=136, ff=0, ss=0)
Sub-mesh 1.
	Before optimization total=332 (fs=100, ff=0, ss=0)
	After  optimization total=332 (fs=100, ff=0, ss=0)
Sub-mesh 2.
	Before optimization total=332 (fs=100, ff=0, ss=0)
	After  optimization total=332 (fs=100, ff=0, ss=0)
Sub-mesh 3.
	Before optimization total=332 (fs=100, ff=0, ss=0)
	After  optimization total=332 (fs=100, ff=0, ss=0)
Sub-mesh 4.
	Before optimization total=332 (fs=100, ff=0, ss=0)
	After  optimization total=332 (fs=100, ff=0, ss=0)
Sub-mesh 5.
	Before optimization total=332 (fs=100, ff=0, ss=0)
	After  optimization total=332 (fs=100, ff=0, ss=0)
Sub-mesh 6.
	Before optimization total=332 (fs=100, ff=0, ss=0)
	After  optimization total=332 (fs=100, ff=0, ss=0)
Sub-mesh 7.
	Before optimization total=324 (fs=136, ff=0, ss=0)
	After  optimization total=324 (fs=136, ff=0, ss=0)
-----------------------------------------------------------------------
-----------------------------------------------------------------------
Merging BCF...
Merging bricks trees...OK (0.00 s)
Merging av data...OK (0.00 s)
Merging a-faces data (fluid)...
	New a-face count   2268
	Bound a-face count 252 (11.11 %)
Merging a-faces data takes 0.00 s
Merging a-faces data (solid)...
	New a-face count   1020
	Bound a-face count 140 (13.73 %)
Merging a-faces data takes 0.00 s
Merging w-faces data...
	New w-face count   1240
	Bound w-face count 0 (0.00 %)
	Need fw-nb         1232 (99.35 %)
Merging w-faces data takes 0.01 s
Merging BCF takes (0.02 s)
-----------------------------------------------------------------------

-----------------------------------------------------------------------
Geometrical diagonal nb-faces collector (cpu_num=8)...
	Time=0.003s.
-----------------------------------------------------------------------
Fluid Subdom Constructor: 1 subdom(s).
	Remove nb-fw from diff subdomains (fs)...
		Diff subdomains cases         0
-----------------------------------------------------------------------
Mega-cv constructor for fluid...
	 0 av's is treated as thin
Relative size generator (threshold = 0.05)...OK
	 0 mega-cv's generated
	 0 mega-cv's removed
Convert clusters:
	 0 mega-cv's total
Mega-cv count: 0
-----------------------------------------------------------------------
Mixing plane rotation regions: NO.
Sliding mesh rotation regions: NO.
Fluid/fluid faces: NO.

-----------------------------------------------------------------------
BCF CHECKSUM DATA (Mesh 0):

FACE_A Area Sum:   G.Fluid        0.3288727597619485
FACE_A Area Sum:   G.Solid        0.0676580354497533
FACE_W Area Sum:                  0.1942721273663022
FACE_W Nb   Sum:                  7616
FACE_W min curvatures sum:        -12596.47146797
FACE_W max curvatures sum:        0.00000000
AV Max Disbalance: G.Fluid        1.46506e-15 (cid=6, avid=6, pid=6)
AV Max Disbalance: G.Solid        1.10374e-15 (cid=558, avid=1166, pid=302)
-----------------------------------------------------------------------


-----------------------------------------------------------------------
MESHER TOPOLOGY DATA (Mesh 0):

BRICKS: Total                 864
BRICKS: 1-CV                  352
BRICKS: 2-CV                  512
BRICKS: Bad                   0

AV:     G.Total               1376
AV:     G.Fluid               864
AV:     G.Solid               512

AV:     G.Fluid Thin Profile    0.00 % (0)
AV:     G.Solid Thin Profile    0.00 % (0)

AV:     G.Fluid Thin For Mega   0.00 % (0)
AV:     G.Solid Thin For Mega   0.00 % (0)

AV:     G.Fluid Non-Convex      0.93 % (8)
AV:     G.Solid Non-Convex      7.81 % (40)

FACE_A: G.Fluid          (af) 2268 (partially opened 1020)
FACE_A: G.Solid          (as) 1020 (partially opened 1020)

FACE_W: G.Total                 1240        Brick/Bound
FACE_W: G.Fluid/Solid    (fs_g) 592         0           
FACE_W: G.Fluid/Fluid    (ff_g) 0           0           
FACE_W: G.Solid/Solid    (ss_g) 0           0           
FACE_W: G.Fluid/External (fe_g) 0
FACE_W: G.Solid/External (se_g) 648

AV/CV max fa count (on brick side):1
AV/CV max fw count:                1
AV/CV max fw poly count:           6

MEMORY: Total                   0.555 MB
MEMORY: Per Brick               0.657 KB
-----------------------------------------------------------------------

----------------------------------------------------------
BCF --> BCF.GEOMSUBDOM (bridge arrays) (cpu_num=8):
MESH (0):
	Fluid Subdom Constructor: 1 subdom(s).
	Solid Subdom Constructor: 1 subdom(s).
	Net Asm Subdom Constructor: 0 subdom(s).
	GEOMSUBDOM (0): gi=0 fluid av=864 cv=864 fa=2268 fw=592 V=1.511951e-03
	GEOMSUBDOM (1): gi=1 solid av=512 cv=512 fa=1020 fw=1240 V=4.663436e-04
	Setting nb of w-faces...OK.

MESH (0) checking:
	GEOMSUBDOM (0):fa_s=0.3288727597619485 fw_s=0.0849206812112935 fw_nb=5024
	GEOMSUBDOM (1):fa_s=0.0676580354497533 fw_s=0.1942721273663022 fw_nb=7616
MESH (0) checking: OK.
----------------------------------------------------------
-----------------------------------------------------------------------
Connectivities information:
	Number of conns: 0
-----------------------------------------------------------------------
-----------------------------------------------------------------------
Calculating curvature and tolerance criteria...
Curvature: min=0 max=1.5708
Tolerance: min=0 max=0.00926555
Calculating curvature and tolerance criteria takes 0.005 s
-----------------------------------------------------------------------
Current CPU = 1 sec

Nx=6
Ny=24
Nz=6
Max_RL=0
-----------------CModelBodies2MeshMapper::CollectData started -------------------------------
-----------------CModelBodies2MeshMapper Report -------------------------------
FluidDomains 1 SolidDomains 1 VoidDomains 0 
Domains RefIndexes
Domain 0, Index count 3
Domain 1, Index count 3
----------------- -------------------------------
	ModelBodies
Total resolved Bodies 0 BodySets 0

--------------------------------------------------------------------------
	Positive geometry Bodies
Total resolved Bodies 1 BodySets 1
BodySet 0
	Bodies list:
			#0	Name: ;	ID: ee9aa629-9673-453f-8c67-21fbb3be166c
	Domains list:		 0 

--------------------------------------------------------------------------
	Fluid regions
Total resolved Bodies 1 BodySets 1
BodySet 0	Material: Water; 
	Bodies list:
			#0	Name: ;	ID: ee9aa629-9673-453f-8c67-21fbb3be166c
	Domains list:		 0 

--------------------------------------------------------------------------
-----------------CModelBodies2MeshMapper::CollectData finished successfully-------------------
Saving initial mesh in: C:\Users\User\Desktop\UNHSEDS\Engineering\2018-2019\Engine Specifics\Current Engine Design\1\1.fld .
Storing results...
Estimated CPT size=0.272 MB.
OK
Memory Working Set Current = 25.75 Mb, Memory Working Set Peak = 37.73 Mb
Process Threads Number: 21
Cleaning memory...
Free Geometry DB takes 0.001 s
Copying... OK

------------------------------------------------------------------------------------------------------------
CPU report:
Function                                             CPU           descriptor                    nproc     
------------------------------------------------------------------------------------------------------------
CCmnMesherData::GetGeometryFromDataBase              0.044 sec   function_total               
CCmnMesherData::GetGeometryFromDataBase              0.012 sec   InitGeometryTriangles        
CCptMesherData::PrepareMappedTriangles               0.006 sec   function_total               
CCmnMesherData::SwapGeometries                       0.000 sec   function_total               
CCptMesherData::PreBuild                             0.003 sec   function_total               
CCptMesherData::SetBrickRegion                       0.001 sec   function_total               
CCptMesherData::Build                                0.027 sec   function_total               
CCptMesherData::BuildGeometry                        0.026 sec   function_total               
CCmnMesherData::ActivateAllCellsParameters           0.000 sec   function_total               
CCptMesherData::RefineByTriangles                    0.013 sec   function_total               
CCmnMesherData::CaptureRefined                       0.012 sec   function_total               
CRayCollector::GetMultiRaysIntersections             0.008 sec   full                         
CRayCollector::CorrectRays2                          0.001 sec   full                         
CRayCollector::CorrectRays2                          0.000 sec   stage_1_collect_undefined_vertices1
CRayCollector::CorrectRays2                          0.000 sec   collect_bad_rays             
CRayCollector::CorrectRays2                          0.000 sec   stage2_correct_ray           
CCptMesherData::RefinePeculiarSurfaces               0.000 sec   function_total               
CNarrowChannelRefiner::ChannelsResolution            0.010 sec   function_total               
CNarrowChannelRefiner::RefineChannels_PRLL           0.009 sec   function_total               
CNarrowChannelRefiner::GetMainNormals                0.006 sec   function_total               
CNarrowChannelRefiner::GetMainNormals                0.003 sec   function_total               
CNarrowChannelRefiner::GetMainNormals                0.003 sec   function_total               
CNarrowChannelRefiner::GetMainNormals                0.005 sec   function_total               
CNarrowChannelRefiner::GetMainNormals                0.004 sec   function_total               
CNarrowChannelRefiner::GetMainNormals                0.004 sec   function_total               
CNarrowChannelRefiner::GetMainNormals                0.003 sec   function_total               
CNarrowChannelRefiner::GetMainNormals                0.007 sec   function_total               
CNarrowChannelRefiner::facade_bricks_of_brick_dirv   0.002 sec   function_total               
CNarrowChannelRefiner::facade_bricks_of_brick_dirv   0.001 sec   function_total               
CNarrowChannelRefiner::facade_bricks_of_brick_dirv   0.001 sec   function_total               
CNarrowChannelRefiner::facade_bricks_of_brick_dirv   0.001 sec   function_total               
CNarrowChannelRefiner::facade_bricks_of_brick_dirv   0.001 sec   function_total               
CNarrowChannelRefiner::facade_bricks_of_brick_dirv   0.001 sec   function_total               
CNarrowChannelRefiner::facade_bricks_of_brick_dirv   0.001 sec   function_total               
CNarrowChannelRefiner::facade_bricks_of_brick_dirv   0.002 sec   function_total               
CNarrowChannelRefiner::next_brick_on_ray             0.001 sec   function_total               
CNarrowChannelRefiner::next_brick_on_ray             0.001 sec   function_total               
CNarrowChannelRefiner::next_brick_on_ray             0.001 sec   function_total               
CNarrowChannelRefiner::next_brick_on_ray             0.001 sec   function_total               
CNarrowChannelRefiner::next_brick_on_ray             0.001 sec   function_total               
CNarrowChannelRefiner::next_brick_on_ray             0.001 sec   function_total               
CNarrowChannelRefiner::next_brick_on_ray             0.001 sec   function_total               
CNarrowChannelRefiner::next_brick_on_ray             0.002 sec   function_total               
CCptMesherData::BuildGeometry                        0.000 sec   equidistant_refiner          
CNarrowChannelRefiner::RedistributeLevel1            0.011 sec   function_total               
CTPBuilder::build_bcf                                0.377 sec   function_total               
CTPBuilder::bcf_builder                              0.368 sec   function_total               
CCmnMesherData::LoadTrianglesAndXSL                  0.000 sec   function_total               
CTPBuilder::collect_msh_format                       0.309 sec   function_total               
CTPBuilder::Run                                      0.021 sec   bcf_collect                  
CTPBuilder::Run                                      0.023 sec   bcf_merge                    
CTPBuilder::build_bcf                                0.002 sec   collect_mega_cv              
CTPBuilder::build_bcf                                0.004 sec   convert_to_mds_function      
CTPBuilder::build_bcf                                0.000 sec   sector_periodicity           
CCptMesherData::CalculateCurvatureAndToleranceCriteria 0.005 sec   function_total               
CCptMesherData::CreateMesh                           0.002 sec   bodies_2_mesh_mapper         
CCptMesherData::StoreCptFile                         0.036 sec   function_total               
CCptMesherData::FreeMesherData                       0.008 sec   function_total               
------------------------------------------------------------------------------------------------------------

Mesh generation normally finished at	18.10.2019	23:13:47
Mesher CPU = 1 sec
Mesher is finished at	18.10.2019	23:13:47
Algebra Pool      : mem_usage = 0.06 Mb, allocated count = 0
Log ended at 18.10.2019	23:13:47
