Log started at 15.12.2020	16:30:59
Number of used processors (NPROC): 12.
Number of mesh partitions (NPART): 12.
Total Physical Memory = 15.55 Gb, Available Physical Memory = 5.64 Gb
Computer name:	LAPTOP-BDL3F0ON
Operating system:	Windows 10 (or higher) (Version 10.0.19041)

SOLIDWORKS 2020 SP3.0
Flow Simulation 2020  x64 / 4921 / MESHER ver. efd_dev.4663_05.07.2019 

Project: C:\Users\grace\OneDrive\Desktop\SEDS GitHub\Engineering\2020-2021\UNAMED_Rocket2021\Frame\SIMULATIONS\Active Frame V2\SIMULATIONS\10\10.xmlconfig
Configuration name: Default
Project name: Frame Flow 5
NGK: OFF
MBO: OFF

Mesh generation started:	15.12.2020	16:30:59
-----------------------------------------------------------------------
Mesher option run = eRunMesherNormal
-----------------------------------------------------------------------
Current CPU = 0 sec
-----------------------------------------------------------------------
Geometries initialization:
-----------------------------------------------------------------------
Loading mesh settings (global/local)...
-----------------------------------------------------------------------
Number of geometries from DB: 1
Geometry(0):
	Guid = {00000000-0000-0000-0000-000000000000}
	Fluid..
	1 Body.
	1 Real body.
	-- Bodyset 0 --
		Tolerance=9.3726e-05.
		28 Face(s).
			28 of b-spline type.
		0 Face(s) that have no ref faces
		12 Plane surface(s).
		15 Cylinder surface(s).
		1 Torus surface(s).
		12812 Triangle(s).
		Getting triangle connectivities from DB: 0.006 s
		36 Edge(s).
			36 of b-spline type.
		BodyGeom reading: 0.038 s.
		28 Reference Face(s).
		12812 Reference Triangles.
		Getting triangle connectivities from DB (Ref): 0.005 s
		BodyGeom Ref reading: 0.008 s.
		Getting triangle connectivities from DB (Extra Triangulation): 0.005 s
Geometry(1):
	Solid.
	-- Bodyset 1 --
	Empty
-----------------------------------------------------------------------
Number of geometries in task: 2
Number of bodysets   in task: 2
-----------------------------------------------------------------------
	Making hash and connectivity for Bodyset ...
		CBodyGeom:
		Hash size: {32, 96, 32}.
		Mesh size: {32, 96, 32}.
		Hashing triangles...Ok.
			axis(0) tr sizes: average=18 max=341
			axis(1) tr sizes: average=44 max=315
			axis(2) tr sizes: average=19 max=340
		Number of t-connected sets:1
			(0) size=12812
		Done.
		CBodyGeomRef:
		Hashing triangles...Ok.
			axis(0) tr sizes: average=17 max=270
			axis(1) tr sizes: average=41 max=314
			axis(2) tr sizes: average=18 max=270
		Done.
	0.103 s.
Geometries reading and preparing has taken 0.175 s.

Mapped triangles:
Hashing geometries triangles
	Triangles num=12812
	Triangles box={-0.0937  ,0.0937  ,0.217497  ,2.53512  ,-0.0937  ,0.0937  }
		3d-hash size is 528532 bytes
Hashing peculiar surfaces triangles
Mapped triangles processed in 0.115 s.
-----------------------------------------------------------------------
Getting sectors:
Number of sectors: 0
-----------------------------------------------------------------------
-----------------------------------------------------------------------

Current CPU = 1 sec

-----------------------------------------------------------------------
Mesh dimensions:
				I[0 ]=32
				I[1 ]=96
				I[2 ]=32

Comp. domain size:
				a[0  ]=-0.656082
				a[1  ]=0.656082
				a[2  ]=-0.719763
				a[3  ]=3.09748
				a[4  ]=-0.656082
				a[5  ]=0.656082

Fluid calculated			1
Solid calculated			0
-----------------------------------------------------------------------
MESH Build started...
-----------------------------------------------------------------------
Mesh LEVEL = 1
-----------------------------------------------------------------------
Setting regions...OK (0.002 s)
Base mesh info------------------
	2D flag  =0
	Period   =[0, 0, 0]
	Nx=32
		x[0]=-0.656082
		x[1]=-0.598589
		x[2]=-0.543901
		x[3]=-0.491862
		x[4]=-0.442346
		x[5]=-0.395229
		x[6]=-0.350395
		x[7]=-0.307734
		x[8]=-0.267141
		x[9]=-0.228514
		x[10]=-0.19176
		x[11]=-0.156786
		x[12]=-0.123507
		x[13]=-0.0918415
		x[14]=-0.0612247
		x[15]=-0.0306075
		x[16]=9.61564e-06
		x[17]=0.0306268
		x[18]=0.0612439
		x[19]=0.0918611
		x[20]=0.123525
		x[21]=0.156802
		x[22]=0.191774
		x[23]=0.228528
		x[24]=0.267154
		x[25]=0.307748
		x[26]=0.35041
		x[27]=0.395245
		x[28]=0.442365
		x[29]=0.491884
		x[30]=0.543927
		x[31]=0.59862
		x[32]=0.656082
	Ny=96
		y[0]=-0.719763
		y[1]=-0.659867
		y[2]=-0.602734
		y[3]=-0.548221
		y[4]=-0.496209
		y[5]=-0.446582
		y[6]=-0.399231
		y[7]=-0.354051
		y[8]=-0.310943
		y[9]=-0.269813
		y[10]=-0.230569
		y[11]=-0.193124
		y[12]=-0.157397
		y[13]=-0.119989
		y[14]=-0.082581
		y[15]=-0.0451733
		y[16]=-0.00776562
		y[17]=0.0296421
		y[18]=0.0670498
		y[19]=0.104457
		y[20]=0.141865
		y[21]=0.179273
		y[22]=0.216681
		y[23]=0.254088
		y[24]=0.291496
		y[25]=0.328904
		y[26]=0.366311
		y[27]=0.403719
		y[28]=0.441127
		y[29]=0.478534
		y[30]=0.515942
		y[31]=0.55335
		y[32]=0.590758
		y[33]=0.628165
		y[34]=0.665573
		y[35]=0.702981
		y[36]=0.740388
		y[37]=0.777796
		y[38]=0.815204
		y[39]=0.852611
		y[40]=0.890019
		y[41]=0.927427
		y[42]=0.964834
		y[43]=1.00224
		y[44]=1.03965
		y[45]=1.07706
		y[46]=1.11447
		y[47]=1.15187
		y[48]=1.18928
		y[49]=1.22669
		y[50]=1.2641
		y[51]=1.3015
		y[52]=1.33891
		y[53]=1.37632
		y[54]=1.4137
		y[55]=1.45109
		y[56]=1.48847
		y[57]=1.52586
		y[58]=1.56324
		y[59]=1.60063
		y[60]=1.63801
		y[61]=1.67539
		y[62]=1.71278
		y[63]=1.75016
		y[64]=1.78755
		y[65]=1.82493
		y[66]=1.86232
		y[67]=1.8997
		y[68]=1.93709
		y[69]=1.97447
		y[70]=2.01185
		y[71]=2.04924
		y[72]=2.08662
		y[73]=2.12401
		y[74]=2.16139
		y[75]=2.19878
		y[76]=2.23616
		y[77]=2.27355
		y[78]=2.31093
		y[79]=2.34831
		y[80]=2.3857
		y[81]=2.42308
		y[82]=2.46047
		y[83]=2.49785
		y[84]=2.53524
		y[85]=2.57262
		y[86]=2.60957
		y[87]=2.64837
		y[88]=2.68911
		y[89]=2.73189
		y[90]=2.7768
		y[91]=2.82395
		y[92]=2.87346
		y[93]=2.92544
		y[94]=2.98002
		y[95]=3.03732
		y[96]=3.09748
	Nz=32
		z[0]=-0.656082
		z[1]=-0.598594
		z[2]=-0.543905
		z[3]=-0.491867
		z[4]=-0.44235
		z[5]=-0.395233
		z[6]=-0.350399
		z[7]=-0.307738
		z[8]=-0.267144
		z[9]=-0.228517
		z[10]=-0.191763
		z[11]=-0.156789
		z[12]=-0.12351
		z[13]=-0.0918442
		z[14]=-0.0612273
		z[15]=-0.0306101
		z[16]=7.04824e-06
		z[17]=0.0306242
		z[18]=0.0612414
		z[19]=0.0918585
		z[20]=0.123522
		z[21]=0.156799
		z[22]=0.191771
		z[23]=0.228525
		z[24]=0.267151
		z[25]=0.307745
		z[26]=0.350407
		z[27]=0.395242
		z[28]=0.442361
		z[29]=0.49188
		z[30]=0.543922
		z[31]=0.598616
		z[32]=0.656082
End of base mesh info---------
Input_mesh_settings--------------------------------
Settings 0----------------
	Scope: GLOBAL
	Type:	------MESHER_SETTINGS----------
	RefAllCells           =0
	RefFluidCells         =0
	RefPartCells          =0
	RefSolidCells         =0
	l_SSFR(Capture crit)  =1
	l_curv(Curvature crit)=0
	l_tol(Tolerance crit) =0
	UseChannelRef         =1
	  NCR_method          =0
	  l_NCR               =1
	  N_gap               =5
	  Use d_NCR_min       =0
	  Use d_NCR_max       =0
	IgnoreThinChannelsHeight         =0
	--END_OF_MESHER_SETTINGS-------
End of input mesh settings-------------------------

-----------------------------------------------------------------------
Building geometries:
-----------------------------------------------------------------------
Building body-set (0) of geometry Fluid.0.(0). ...

-----------------------------------------------------------------------
Refining by triangulation...
Refinement input: 98304 bricks
Setting regions...OK (0.002 s)
Refinement result: 98934 bricks (0.065 s)
Refinement input: 98934 bricks
Refinement result: 98934 bricks (0.006 s)
Collecting and processing rays...OK (0.190 s)
Capturing...OK (0.028 s)
Refining by triangulation takes 0.292 s
-----------------------------------------------------------------------

-----------------------------------------------------------------------
Refining peculiar surfaces...
0 surfaces refined
Refining peculiar surfaces takes 0.001 s
-----------------------------------------------------------------------
Collecting and processing rays...OK (0.003 s)
Capturing...OK (0.001 s)
Collecting and processing rays...OK (0.002 s)
Capturing...OK (0.001 s)
Collecting and processing rays...OK (0.004 s)
Capturing...OK (0.001 s)

-----------------------------------------------------------------------
Base mesh 1 Refining...
Refinement input: 98934 bricks
Refinement result: 98934 bricks (0.002 s)
Collecting and processing rays...OK (0.003 s)
Capturing...OK (0.001 s)
-----------------------------------------------------------------------
Refining channels...
FYI: CNarrowChannelRefiner::RefineChannels_PRLL
Refinement input: 98934 bricks
Setting regions...OK (0.001 s)
Refinement result: 99844 bricks (0.036 s)
Collecting and processing rays...OK (0.044 s)
Capturing...OK (0.002 s)
FYI: m_iteration_count = 0
FYI: level1 statistics:
     level1_cnt_plus[1]=1040;		level1_cnt_minus[1]=0
     level1_cnt_plus[2]=0;		level1_cnt_minus[2]=0
     level1_cnt_plus[3]=0;		level1_cnt_minus[3]=0
     level1_cnt_plus[4]=0;		level1_cnt_minus[4]=0
     level1_cnt_plus[5]=0;		level1_cnt_minus[5]=0
     level1_cnt_plus[6]=0;		level1_cnt_minus[6]=0
     level1_cnt_plus[7]=0;		level1_cnt_minus[7]=0
     level1_cnt_plus[8]=0;		level1_cnt_minus[8]=0
     level1_cnt_plus[9]=0;		level1_cnt_minus[9]=0
FYI: m_iteration_count = 1
FYI: level1 statistics:
     level1_cnt_plus[1]=1040;		level1_cnt_minus[1]=0
     level1_cnt_plus[2]=0;		level1_cnt_minus[2]=0
     level1_cnt_plus[3]=0;		level1_cnt_minus[3]=0
     level1_cnt_plus[4]=0;		level1_cnt_minus[4]=0
     level1_cnt_plus[5]=0;		level1_cnt_minus[5]=0
     level1_cnt_plus[6]=0;		level1_cnt_minus[6]=0
     level1_cnt_plus[7]=0;		level1_cnt_minus[7]=0
     level1_cnt_plus[8]=0;		level1_cnt_minus[8]=0
     level1_cnt_plus[9]=0;		level1_cnt_minus[9]=0
FYI: level1 statistics:
     level1_cnt_plus[1]=1040;		level1_cnt_minus[1]=0
     level1_cnt_plus[2]=0;		level1_cnt_minus[2]=0
     level1_cnt_plus[3]=0;		level1_cnt_minus[3]=0
     level1_cnt_plus[4]=0;		level1_cnt_minus[4]=0
     level1_cnt_plus[5]=0;		level1_cnt_minus[5]=0
     level1_cnt_plus[6]=0;		level1_cnt_minus[6]=0
     level1_cnt_plus[7]=0;		level1_cnt_minus[7]=0
     level1_cnt_plus[8]=0;		level1_cnt_minus[8]=0
     level1_cnt_plus[9]=0;		level1_cnt_minus[9]=0

-----------------------------------------------------------------------
U-shapes refinement...
Refinement input: 99844 bricks
Refinement result: 99844 bricks (0.033 s)
Collecting and processing rays...OK (0.004 s)
Capturing...OK (0.001 s)
-----------------------------------------------------------------------

-----------------------------------------------------------------------
Equi Distant Refiner:
Equi Distant Refiner takes 0.00 s
-----------------------------------------------------------------------
Building geometry takes 0.729 s
Geometry Fluid.0.
Total		99844
Partial	2268
Fluid		96204
Solid		1372
Bad		0

/-Ray Intersection---------------/ Time	0.496 s
Calls			8102
CorrectRay Calls	0



-----------------------------------------------------------------------
Building geometries takes 0.741 s
-----------------------------------------------------------------------

-----------------------------------------------------------------------
PostBuilding geometries:
-----------------------------------------------------------------------
PostBuilding body-set (0) geometry Fluid.0. (0)...
Collecting and processing rays...OK (0.002 s)
Capturing...OK (0.001 s)
PostBuilding geometry takes 0.006 s
Geometry Fluid.0.
Total		99844
Partial	2268
Fluid		96204
Solid		1372
Bad		0

-----------------------------------------------------------------------
PostBuilding geometries takes 0.025 s
-----------------------------------------------------------------------
Defect ray count	0
FYI: CNarrowChannelRefiner::RedistributeLevel1_step_1: is finished
FYI: level1 statistics:
     level1_cnt_plus[1]=1040;		level1_cnt_minus[1]=0
     level1_cnt_plus[2]=0;		level1_cnt_minus[2]=0
     level1_cnt_plus[3]=0;		level1_cnt_minus[3]=0
     level1_cnt_plus[4]=0;		level1_cnt_minus[4]=0
     level1_cnt_plus[5]=0;		level1_cnt_minus[5]=0
     level1_cnt_plus[6]=0;		level1_cnt_minus[6]=0
     level1_cnt_plus[7]=0;		level1_cnt_minus[7]=0
     level1_cnt_plus[8]=0;		level1_cnt_minus[8]=0
     level1_cnt_plus[9]=0;		level1_cnt_minus[9]=0
FYI: CNarrowChannelRefiner::RedistributeLevel1_step_2: is started
FYI: CNarrowChannelRefiner::RedistributeLevel1_step_2: is finished
FYI: level1 statistics:
     level1_cnt_plus[1]=1258;		level1_cnt_minus[1]=0
     level1_cnt_plus[2]=0;		level1_cnt_minus[2]=0
     level1_cnt_plus[3]=0;		level1_cnt_minus[3]=0
     level1_cnt_plus[4]=0;		level1_cnt_minus[4]=0
     level1_cnt_plus[5]=0;		level1_cnt_minus[5]=0
     level1_cnt_plus[6]=0;		level1_cnt_minus[6]=0
     level1_cnt_plus[7]=0;		level1_cnt_minus[7]=0
     level1_cnt_plus[8]=0;		level1_cnt_minus[8]=0
     level1_cnt_plus[9]=0;		level1_cnt_minus[9]=0
FYI: CNarrowChannelRefiner::RedistributeLevel1_step_3: is started
FYI: CNarrowChannelRefiner::RedistributeLevel1_step_3: is finished
RedistributeLevel1 takes:
FYI: level1 statistics:
     level1_cnt_plus[1]=1258;		level1_cnt_minus[1]=262
     level1_cnt_plus[2]=0;		level1_cnt_minus[2]=0
     level1_cnt_plus[3]=0;		level1_cnt_minus[3]=0
     level1_cnt_plus[4]=0;		level1_cnt_minus[4]=0
     level1_cnt_plus[5]=0;		level1_cnt_minus[5]=0
     level1_cnt_plus[6]=0;		level1_cnt_minus[6]=0
     level1_cnt_plus[7]=0;		level1_cnt_minus[7]=0
     level1_cnt_plus[8]=0;		level1_cnt_minus[8]=0
     level1_cnt_plus[9]=0;		level1_cnt_minus[9]=0
-----------------------------------------------------------------------
MSH format builder (Iteration 0)
-----------------------------------------------------------------------
Memory Working Set Current = 58.66 Mb, Memory Working Set Peak = 64.45 Mb
Process Threads Number: 29
-----------------------------------------------------------------------
Loading geometries triangulation & x-stacks...OK
x-stacks size = 0.16 Mb
Total bricks count: 99844
-----------------------------------------------------------------------
MSH (Real Geometry) format constructor:
	Getting brick sets...OK (0.011 s)
	Min x-stack xeps = 0.00620811
	D / dh / eps [axis=0] = (1.31216, 0.0153084, 1.53084e-05)
	D / dh / eps [axis=1] = (3.81724, 0.0186922, 1.86922e-05)
	D / dh / eps [axis=2] = (1.31216, 0.0153085, 1.53085e-05)
	Time (xeps): 0.002 s
Level 1
	Set (0)  size: 880
	Set (0)  time: 0.084 s
	Set (1)  size: 880
	Set (1)  time: 0.032 s
Level 0
	Set (0)  size: 49042
	Set (0)  time: 0.082 s
	Set (1)  size: 49042
	Set (1)  time: 0.077 s
Result:
	Bricks number:                        99844

	Memory usage:                         2.006 MB
	Memory usage (per brick):             0.021 KB
	Construction time:                    0.302 s

	Topology features:
	------------------
	- High quality bricks                 100.00 % (99844)
	- Medium quality bricks                 0.00 % (0)
	- Bad quality bricks                    0.00 % (0)
	- Ribs corrected bricks                 0.00 % (0)
	- Points with geom-info (bricks)        0.00 % (0)
	- Points with closest-info (bricks)     0.04 % (40)
	- Triangulated by center (bricks)       0.03 % (26)
	- Facet w-faces mergings (bricks)       0.00 % (0)
	- To refine (bricks)                    0.00 % (0)

-----------------------------------------------------------------------
Memory Working Set Current = 86.65 Mb, Memory Working Set Peak = 86.65 Mb
Process Threads Number: 29
-----------------------------------------------------------------------
-----------------------------------------------------------------------
-----------------------------------------------------------------------
MSH --> BCF format (Iteration 0)...
BCF collector...(remove mode=0)
	Time (alloc counter per brick): 0.005 s
	Brick    count: 99844
	Av.f all count: 98496
	Av.s all count: 3640
	Av.f pid count: 2292
	Av.s pid count: 2290
	Faces fs count: 4706
	Faces ff count: 0
	Faces ss count: 0
	Faces bb count: 0
	Faces fe count: 14336
	Faces se count: 0
	Faces fw count: 19042
	Faces af count: 287861
	Faces as count: 10059
	Time (all count): 	0.020 s
	Time (bcf alloc): 	0.005 s
	Time (shifts alloc): 	0.012 s
	Time (shifts init): 	0.012 s
	Time (bcf fill): 	0.035 s
	Time (add av to faces): 0.001 s
	Time (add faces to av): 0.018 s
Time (bcf collect): 		0.141 s
	AV checker...
	Time (check av): 	0.088 s
	Subdomain checker...
		Subdomains construction time: 0.055 s.
		Subdomains sort time: 0.000 s.
			Subdomain 0 (geom_ind=0): 98472 av
			Subdomain 1 (geom_ind=0): 4 av
			Subdomain 2 (geom_ind=0): 4 av
			Subdomain 3 (geom_ind=0): 4 av
			Subdomain 4 (geom_ind=0): 4 av
			Subdomain 5 (geom_ind=0): 4 av
			Subdomain 6 (geom_ind=0): 4 av
			Subdomain 7 (geom_ind=1): 3640 av
		gi: 0, subdomains: 7, real bodies: 1
		gi: 1, subdomains: 1, real bodies: 0
		Defect subdomains: 6
	Time (check subdoms): 	0.059 s
	Time (free bcf): 	0.038 s
	Time (corr msh): 	0.004 s
	Bricks corrected: 24
Time (bcf iteration total): 	0.335 s
-----------------------------------------------------------------------
MSH --> BCF format (Iteration 1)...
BCF collector...(remove mode=0)
	Time (alloc counter per brick): 0.007 s
	Brick    count: 99844
	Av.f all count: 98472
	Av.s all count: 3640
	Av.f pid count: 2268
	Av.s pid count: 2268
	Faces fs count: 4658
	Faces ff count: 0
	Faces ss count: 0
	Faces bb count: 0
	Faces fe count: 14336
	Faces se count: 0
	Faces fw count: 18994
	Faces af count: 287837
	Faces as count: 10063
	Time (all count): 	0.020 s
	Time (bcf alloc): 	0.003 s
	Time (shifts alloc): 	0.011 s
	Time (shifts init): 	0.011 s
	Time (bcf fill): 	0.033 s
	Time (add av to faces): 0.001 s
	Time (add faces to av): 0.020 s
Time (bcf collect): 		0.138 s
	AV checker...
	Time (check av): 	0.088 s
	Subdomain checker...
		Subdomains construction time: 0.060 s.
		Subdomains sort time: 0.000 s.
			Subdomain 0 (geom_ind=0): 98472 av
			Subdomain 1 (geom_ind=1): 3640 av
		gi: 0, subdomains: 1, real bodies: 1
		gi: 1, subdomains: 1, real bodies: 0
		Defect subdomains: 0
	Time (check subdoms): 	0.064 s
Time (bcf iteration total): 	0.294 s
	Time (fw-nb): 		0.003 s
	Fixed mutual fw-nb:     3064 (bb: 0)
	Time (fw-nb mutual): 	0.004 s
	Time (fw-nb sort): 	0.001 s
	Fw-opt BEFORE total:    18994 (fs=4658, ff=0, ss=0)
	Fw-opt AFTER  total:    17588 (fs=3252, ff=0, ss=0, failed fw/br=0/0, big_curv=3, big_poly=0)
	Fw-opt RESULT:          1406 (res/(fs+ff+ss) = 30.18 %)
	Time (fw-opt): 		0.009 s
	Time (fw-re-order): 	0.008 s
	Time (fw-nb): 		0.021 s
	Fixed mutual fw-nb:     35266 (bb: 0)
	Time (fw-nb mutual): 	0.012 s
	Time (fw-nb sort): 	0.002 s
	Time (rfd fix): 	0.000 s
	Time (av convexity): 	0.003 s
	Time (av small volume): 0.002 s
	Time (diagonal fw-nb): 	0.076 s
	Fixed mutual fw-nb:     0 (bb: 0)
	Time (fw-nb mutual): 	0.008 s
	Time (fw-nb sort): 	0.004 s
	Fluid subdomains: 1
	Faces fw-nb diff sd:    0
	Time (fw-nb diff sd): 	0.052 s
Time (bcf calc): 		0.259 s
-----------------------------------------------------------------------
Time (bcf total): 		0.892 s
-----------------------------------------------------------------------
-----------------------------------------------------------------------
Mega-cv constructor for fluid...
	 0 av's is treated as thin
Relative size generator (threshold = 0.05)...
	Iteration 1 (small cluster count = 80)
	Iteration 2 (small cluster count = 38)
	Iteration 3 (small cluster count = 3)
	Iteration 4 (small cluster count = 0)
	 80 mega-cv's generated
	 0 mega-cv's removed
Relative size generator is completed OK (0.016 s)
Apply fa-rules to mega-cv clusters fixes...
OK (0.001 s)
Convert clusters:
	 80 mega-cv's total
Mega-cv count: 80
Time (mega-cv fill): 	0.000 s
Time (mega-cv total): 	0.078 s
-----------------------------------------------------------------------
Mixing plane rotation regions: NO.
Sliding mesh rotation regions: NO.
Fluid/fluid faces: NO.
----------------------------------------------------------
BCF --> BCF.GEOMSUBDOM (bridge arrays):
MESH (0):
	Fluid Subdom Constructor: 1 subdom(s).
	Solid Subdom Constructor: 1 subdom(s).
	Net Asm Subdom Constructor: 0 subdom(s).
	GEOMSUBDOM (0): gi=0 fluid av=98472 cv=98392 fa=287837 fb=0 fw=17588 V=6.514857e+00
	Cache data...OK
	GEOMSUBDOM (1): gi=1 solid av=3640 cv=3640 fa=10063 fb=0 fw=3252 V=5.756699e-02
	Cache data...OK
	Setting nb of w-faces...OK (0.013 s).
	Correcting nb of w-faces...
	Time(correct_fw_nb)=0.014 s

MESH (0) checking:
	GEOMSUBDOM (0):fa_s=469.1513907258454310 fb_s=0.0000000000000000 fw_s=24.7858621829066621 fw_nb=140510
	              :d_const(83647)=1.03988e-14 d_linear(87261)=3.53307e-14
	GEOMSUBDOM (1):fa_s=5.6794072388634440 fb_s=0.0000000000000000 fw_s=1.3069390763306670 fw_nb=25846
	              :d_const(1191)=9.92663e-15 d_linear(3630)=4.2553e-13
MESH (0) checking: OK.
Time (MDS): 	0.443 s
----------------------------------------------------------

-----------------------------------------------------------------------
BCF CHECKSUM DATA (Mesh 0):

BRICK |Level1| Sum:               1520
FACE_A Area Sum:   G.Fluid        469.1513907258452036
FACE_A Area Sum:   G.Solid        5.6794072388634440
FACE_W Area Sum:                  24.7858621829066621
FACE_W Nb   Sum:                  140510
FACE_W min curvatures sum:        235.98912275
FACE_W max curvatures sum:        115837.83216858
AV Max Disbalance(Const) :        1.03988e-14 (cid=52452, t={26, 147, 33}, avid=51497, pid=1393)
AV Max Disbalance(Linear):        4.2553e-13 (cid=52787, t={31, 166, 33}, avid=100886, pid=1428)
-----------------------------------------------------------------------


-----------------------------------------------------------------------
MESHER TOPOLOGY DATA:

BRICKS: Total                 99844
BRICKS: 1-CV                  97576
BRICKS: 2-CV                  2268
BRICKS: Bad                   0

AV:     G.Total               102112
AV:     G.Fluid               98472
AV:     G.Solid               3640

AV:     G.Fluid Thin Profile    0.00 % (0)
AV:     G.Solid Thin Profile    0.00 % (0)

AV:     G.Fluid Thin For Mega   0.00 % (0)
AV:     G.Solid Thin For Mega   0.00 % (0)

AV:     G.Fluid Non-Convex      0.70 % (686)
AV:     G.Solid Non-Convex     13.79 % (502)

AV:     G.Fluid Non-Ess-Convex      0.44 % (434)
AV:     G.Solid Non-Ess-Convex     11.24 % (409)

FACE_A: G.Fluid          (af) 287837 (partially opened 4632)
FACE_A: G.Solid          (as) 10063 (partially opened 4640)

FACE_B: G.Total          (b)  0

FACE_W: G.Total                 17588       Brick/Bound
FACE_W: G.Fluid/Solid    (fs_g) 3252        0           
FACE_W: G.Fluid/Fluid    (ff_g) 0           0           
FACE_W: G.Solid/Solid    (ss_g) 0           0           
FACE_W: G.Fluid/External (fe_g) 14336
FACE_W: G.Solid/External (se_g) 0

AV/CV max fa count (on brick side):4
AV/CV max fw count:                4
AV/CV max fb count:                0
AV/CV max fw poly count:           9

MEMORY: Total                   30.867 MB
MEMORY: Per Brick               0.317 KB
-----------------------------------------------------------------------

-----------------------------------------------------------------------
Connectivities information:
	Number of conns: 0
-----------------------------------------------------------------------
	Time (gap size): 	0.028 s
-----------------------------------------------------------------------
Calculating curvature and tolerance criteria...
Curvature: min=0 max=3.14159
Tolerance: min=0 max=0.0212756
Calculating curvature and tolerance criteria takes 0.206 s
-----------------------------------------------------------------------
MESH Build(FS) finished. Time=3.217 s
-----------------------------------------------------------------------
Current CPU = 4 sec

Nx=32
Ny=96
Nz=32
Max BRICK Level=1
Mesh Level=1
-----------------CModelBodies2MeshMapper::CollectData started -------------------------------
-----------------CModelBodies2MeshMapper Report -------------------------------
FluidDomains 1 SolidDomains 1 VoidDomains 0 
Domains RefIndexes
Domain 0, Index count 24
Domain 1, Index count 24
----------------- -------------------------------
	ModelBodies
Total resolved Bodies 0 BodySets 0

--------------------------------------------------------------------------
	Positive geometry Bodies
Total resolved Bodies 1 BodySets 1
BodySet 0
	Bodies list:
			#0	Name: ;	ID: 1ef5d0b1-f8d3-4013-a5cf-560904bfed75
	Domains list:		 0 

--------------------------------------------------------------------------
	Fluid regions
Total resolved Bodies 1 BodySets 1
BodySet 0	Material: Air; 
	Bodies list:
			#0	Name: ;	ID: 1ef5d0b1-f8d3-4013-a5cf-560904bfed75
	Domains list:		 0 

--------------------------------------------------------------------------
-----------------CModelBodies2MeshMapper::CollectData finished successfully-------------------
Saving initial mesh in: C:\Users\grace\OneDrive\Desktop\SEDS GitHub\Engineering\2020-2021\UNAMED_Rocket2021\Frame\SIMULATIONS\Active Frame V2\SIMULATIONS\10\10.fld .
Storing results...
Estimated CPT size=11.494 MB.
	Time (write bcf): 1.185 s
OK
-----------------------------------------------------------------------
Memory Working Set Current = 148.77 Mb, Memory Working Set Peak = 148.78 Mb
Process Threads Number: 29
-----------------------------------------------------------------------
Cleaning memory...
		Time (free xsl):                    	0.001 s
Free Geometry DB takes 0.000 s
	Time (free bcf): 	0.044 s
		Time (free bcf mesh):               	0.136 s
	Time (free mesher data):              	0.143 s
Copying... OK
Mesh generation normally finished at	15.12.2020	16:31:4
Mesher CPU = 5 sec
Mesher is finished at	15.12.2020	16:31:4
-----------------------------------------------------------------------
Memory Working Set Current = 42.02 Mb, Memory Working Set Peak = 149.41 Mb
Process Threads Number: 29
-----------------------------------------------------------------------
Algebra Pool      : mem_usage = 2.94 Mb, allocated count = 0
Log ended at 15.12.2020	16:31:04
